ARM GAS  /var/folders/m1/3lv6xmzs0mlckxs4mx90nfb40000gn/T//ccSbLyvI.s 			page 1


   1              		.cpu cortex-m3
   2              		.eabi_attribute 20, 1
   3              		.eabi_attribute 21, 1
   4              		.eabi_attribute 23, 3
   5              		.eabi_attribute 24, 1
   6              		.eabi_attribute 25, 1
   7              		.eabi_attribute 26, 1
   8              		.eabi_attribute 30, 2
   9              		.eabi_attribute 34, 1
  10              		.eabi_attribute 18, 4
  11              		.file	"probe.c"
  12              		.text
  13              	.Ltext0:
  14              		.cfi_sections	.debug_frame
  15              		.section	.text.probe_init,"ax",%progbits
  16              		.align	1
  17              		.p2align 2,,3
  18              		.global	probe_init
  19              		.syntax unified
  20              		.thumb
  21              		.thumb_func
  22              		.fpu softvfp
  24              	probe_init:
  25              	.LFB703:
  26              		.file 1 "grbl/probe.c"
   1:grbl/probe.c  **** /*
   2:grbl/probe.c  ****   probe.c - code pertaining to probing methods
   3:grbl/probe.c  ****   Part of Grbl
   4:grbl/probe.c  **** 
   5:grbl/probe.c  ****   Copyright (c) 2014-2016 Sungeun K. Jeon for Gnea Research LLC
   6:grbl/probe.c  ****   Copyright (c) 2018-2019 Thomas Truong
   7:grbl/probe.c  **** 
   8:grbl/probe.c  ****   Grbl is free software: you can redistribute it and/or modify
   9:grbl/probe.c  ****   it under the terms of the GNU General Public License as published by
  10:grbl/probe.c  ****   the Free Software Foundation, either version 3 of the License, or
  11:grbl/probe.c  ****   (at your option) any later version.
  12:grbl/probe.c  **** 
  13:grbl/probe.c  ****   Grbl is distributed in the hope that it will be useful,
  14:grbl/probe.c  ****   but WITHOUT ANY WARRANTY; without even the implied warranty of
  15:grbl/probe.c  ****   MERCHANTABILITY or FITNESS FOR A PARTICULAR PURPOSE.  See the
  16:grbl/probe.c  ****   GNU General Public License for more details.
  17:grbl/probe.c  **** 
  18:grbl/probe.c  ****   You should have received a copy of the GNU General Public License
  19:grbl/probe.c  ****   along with Grbl.  If not, see <http://www.gnu.org/licenses/>.
  20:grbl/probe.c  **** */
  21:grbl/probe.c  **** 
  22:grbl/probe.c  **** #include "grbl.h"
  23:grbl/probe.c  **** 
  24:grbl/probe.c  **** 
  25:grbl/probe.c  **** // Inverts the probe pin state depending on user settings and probing cycle mode.
  26:grbl/probe.c  **** //uint8_t probe_invert_mask;
  27:grbl/probe.c  **** uint16_t probe_invert_mask;
  28:grbl/probe.c  **** 
  29:grbl/probe.c  **** // Probe pin initialization routine.
  30:grbl/probe.c  **** void probe_init()
  31:grbl/probe.c  **** {
  27              		.loc 1 31 0
ARM GAS  /var/folders/m1/3lv6xmzs0mlckxs4mx90nfb40000gn/T//ccSbLyvI.s 			page 2


  28              		.cfi_startproc
  29              		@ args = 0, pretend = 0, frame = 0
  30              		@ frame_needed = 0, uses_anonymous_args = 0
  31              		@ link register save eliminated.
  32              	.LVL0:
  33              	.LBB10:
  34              	.LBB11:
  32:grbl/probe.c  ****   probe_configure_invert_mask(false); // Initialize invert mask.
  33:grbl/probe.c  **** }
  34:grbl/probe.c  **** 
  35:grbl/probe.c  **** 
  36:grbl/probe.c  **** // Called by probe_init() and the mc_probe() routines. Sets up the probe pin invert mask to
  37:grbl/probe.c  **** // appropriately set the pin logic according to setting for normal-high/normal-low operation
  38:grbl/probe.c  **** // and the probing cycle modes for toward-workpiece/away-from-workpiece.
  39:grbl/probe.c  **** void probe_configure_invert_mask(uint8_t is_probe_away)
  40:grbl/probe.c  **** {
  41:grbl/probe.c  ****   probe_invert_mask = 0; // Initialize as zero.
  35              		.loc 1 41 0
  36 0000 0021     		movs	r1, #0
  42:grbl/probe.c  ****   if (bit_isfalse(settings.flags,BITFLAG_INVERT_PROBE_PIN)) { probe_invert_mask ^= PROBE_Pin; }
  37              		.loc 1 42 0
  38 0002 054A     		ldr	r2, .L4
  41:grbl/probe.c  ****   if (bit_isfalse(settings.flags,BITFLAG_INVERT_PROBE_PIN)) { probe_invert_mask ^= PROBE_Pin; }
  39              		.loc 1 41 0
  40 0004 054B     		ldr	r3, .L4+4
  41              		.loc 1 42 0
  42 0006 92F94820 		ldrsb	r2, [r2, #72]
  41:grbl/probe.c  ****   if (bit_isfalse(settings.flags,BITFLAG_INVERT_PROBE_PIN)) { probe_invert_mask ^= PROBE_Pin; }
  43              		.loc 1 41 0
  44 000a 1980     		strh	r1, [r3]	@ movhi
  45              		.loc 1 42 0
  46 000c 8A42     		cmp	r2, r1
  47 000e A4BF     		itt	ge
  48 0010 4FF40042 		movge	r2, #32768
  49 0014 1A80     		strhge	r2, [r3]	@ movhi
  50              	.LVL1:
  51              	.LBE11:
  52              	.LBE10:
  33:grbl/probe.c  **** 
  53              		.loc 1 33 0
  54 0016 7047     		bx	lr
  55              	.L5:
  56              		.align	2
  57              	.L4:
  58 0018 00000000 		.word	settings
  59 001c 00000000 		.word	probe_invert_mask
  60              		.cfi_endproc
  61              	.LFE703:
  63              		.section	.text.probe_configure_invert_mask,"ax",%progbits
  64              		.align	1
  65              		.p2align 2,,3
  66              		.global	probe_configure_invert_mask
  67              		.syntax unified
  68              		.thumb
  69              		.thumb_func
  70              		.fpu softvfp
  72              	probe_configure_invert_mask:
ARM GAS  /var/folders/m1/3lv6xmzs0mlckxs4mx90nfb40000gn/T//ccSbLyvI.s 			page 3


  73              	.LFB704:
  40:grbl/probe.c  ****   probe_invert_mask = 0; // Initialize as zero.
  74              		.loc 1 40 0
  75              		.cfi_startproc
  76              		@ args = 0, pretend = 0, frame = 0
  77              		@ frame_needed = 0, uses_anonymous_args = 0
  78              		@ link register save eliminated.
  79              	.LVL2:
  41:grbl/probe.c  ****   if (bit_isfalse(settings.flags,BITFLAG_INVERT_PROBE_PIN)) { probe_invert_mask ^= PROBE_Pin; }
  80              		.loc 1 41 0
  81 0000 0023     		movs	r3, #0
  82              		.loc 1 42 0
  83 0002 0749     		ldr	r1, .L13
  41:grbl/probe.c  ****   if (bit_isfalse(settings.flags,BITFLAG_INVERT_PROBE_PIN)) { probe_invert_mask ^= PROBE_Pin; }
  84              		.loc 1 41 0
  85 0004 074A     		ldr	r2, .L13+4
  86              		.loc 1 42 0
  87 0006 91F94810 		ldrsb	r1, [r1, #72]
  41:grbl/probe.c  ****   if (bit_isfalse(settings.flags,BITFLAG_INVERT_PROBE_PIN)) { probe_invert_mask ^= PROBE_Pin; }
  88              		.loc 1 41 0
  89 000a 1380     		strh	r3, [r2]	@ movhi
  90              		.loc 1 42 0
  91 000c 9942     		cmp	r1, r3
  92 000e AABF     		itet	ge
  93 0010 4FF40041 		movge	r1, #32768
  94 0014 4FF40043 		movlt	r3, #32768
  95 0018 1180     		strhge	r1, [r2]	@ movhi
  43:grbl/probe.c  ****   if (is_probe_away) { probe_invert_mask ^= PROBE_Pin; }
  96              		.loc 1 43 0
  97 001a 00B1     		cbz	r0, .L6
  98              	.LVL3:
  99              	.LBB14:
 100              	.LBB15:
 101 001c 1380     		strh	r3, [r2]	@ movhi
 102              	.LVL4:
 103              	.L6:
 104              	.LBE15:
 105              	.LBE14:
  44:grbl/probe.c  **** }
 106              		.loc 1 44 0
 107 001e 7047     		bx	lr
 108              	.L14:
 109              		.align	2
 110              	.L13:
 111 0020 00000000 		.word	settings
 112 0024 00000000 		.word	probe_invert_mask
 113              		.cfi_endproc
 114              	.LFE704:
 116              		.section	.text.probe_get_state,"ax",%progbits
 117              		.align	1
 118              		.p2align 2,,3
 119              		.global	probe_get_state
 120              		.syntax unified
 121              		.thumb
 122              		.thumb_func
 123              		.fpu softvfp
 125              	probe_get_state:
ARM GAS  /var/folders/m1/3lv6xmzs0mlckxs4mx90nfb40000gn/T//ccSbLyvI.s 			page 4


 126              	.LFB705:
  45:grbl/probe.c  **** 
  46:grbl/probe.c  **** 
  47:grbl/probe.c  **** // Returns the probe pin state. Triggered = true. Called by gcode parser and probe state monitor.
  48:grbl/probe.c  **** uint8_t probe_get_state()
  49:grbl/probe.c  **** {
 127              		.loc 1 49 0
 128              		.cfi_startproc
 129              		@ args = 0, pretend = 0, frame = 0
 130              		@ frame_needed = 0, uses_anonymous_args = 0
 131              		@ link register save eliminated.
 132              	.LVL5:
 133              	.LBB16:
 134              	.LBB17:
 135              		.file 2 "Drivers/STM32F1xx_HAL_Driver/Inc/stm32f1xx_ll_gpio.h"
   1:Drivers/STM32F1xx_HAL_Driver/Inc/stm32f1xx_ll_gpio.h **** /**
   2:Drivers/STM32F1xx_HAL_Driver/Inc/stm32f1xx_ll_gpio.h ****   ******************************************************************************
   3:Drivers/STM32F1xx_HAL_Driver/Inc/stm32f1xx_ll_gpio.h ****   * @file    stm32f1xx_ll_gpio.h
   4:Drivers/STM32F1xx_HAL_Driver/Inc/stm32f1xx_ll_gpio.h ****   * @author  MCD Application Team
   5:Drivers/STM32F1xx_HAL_Driver/Inc/stm32f1xx_ll_gpio.h ****   * @brief   Header file of GPIO LL module.
   6:Drivers/STM32F1xx_HAL_Driver/Inc/stm32f1xx_ll_gpio.h ****   ******************************************************************************
   7:Drivers/STM32F1xx_HAL_Driver/Inc/stm32f1xx_ll_gpio.h ****   * @attention
   8:Drivers/STM32F1xx_HAL_Driver/Inc/stm32f1xx_ll_gpio.h ****   *
   9:Drivers/STM32F1xx_HAL_Driver/Inc/stm32f1xx_ll_gpio.h ****   * <h2><center>&copy; Copyright (c) 2016 STMicroelectronics.
  10:Drivers/STM32F1xx_HAL_Driver/Inc/stm32f1xx_ll_gpio.h ****   * All rights reserved.</center></h2>
  11:Drivers/STM32F1xx_HAL_Driver/Inc/stm32f1xx_ll_gpio.h ****   *
  12:Drivers/STM32F1xx_HAL_Driver/Inc/stm32f1xx_ll_gpio.h ****   * This software component is licensed by ST under BSD 3-Clause license,
  13:Drivers/STM32F1xx_HAL_Driver/Inc/stm32f1xx_ll_gpio.h ****   * the "License"; You may not use this file except in compliance with the
  14:Drivers/STM32F1xx_HAL_Driver/Inc/stm32f1xx_ll_gpio.h ****   * License. You may obtain a copy of the License at:
  15:Drivers/STM32F1xx_HAL_Driver/Inc/stm32f1xx_ll_gpio.h ****   *                        opensource.org/licenses/BSD-3-Clause
  16:Drivers/STM32F1xx_HAL_Driver/Inc/stm32f1xx_ll_gpio.h ****   *
  17:Drivers/STM32F1xx_HAL_Driver/Inc/stm32f1xx_ll_gpio.h ****   ******************************************************************************
  18:Drivers/STM32F1xx_HAL_Driver/Inc/stm32f1xx_ll_gpio.h ****   */
  19:Drivers/STM32F1xx_HAL_Driver/Inc/stm32f1xx_ll_gpio.h **** 
  20:Drivers/STM32F1xx_HAL_Driver/Inc/stm32f1xx_ll_gpio.h **** /* Define to prevent recursive inclusion -------------------------------------*/
  21:Drivers/STM32F1xx_HAL_Driver/Inc/stm32f1xx_ll_gpio.h **** #ifndef STM32F1xx_LL_GPIO_H
  22:Drivers/STM32F1xx_HAL_Driver/Inc/stm32f1xx_ll_gpio.h **** #define STM32F1xx_LL_GPIO_H
  23:Drivers/STM32F1xx_HAL_Driver/Inc/stm32f1xx_ll_gpio.h **** 
  24:Drivers/STM32F1xx_HAL_Driver/Inc/stm32f1xx_ll_gpio.h **** #ifdef __cplusplus
  25:Drivers/STM32F1xx_HAL_Driver/Inc/stm32f1xx_ll_gpio.h **** extern "C" {
  26:Drivers/STM32F1xx_HAL_Driver/Inc/stm32f1xx_ll_gpio.h **** #endif
  27:Drivers/STM32F1xx_HAL_Driver/Inc/stm32f1xx_ll_gpio.h **** 
  28:Drivers/STM32F1xx_HAL_Driver/Inc/stm32f1xx_ll_gpio.h **** /* Includes ------------------------------------------------------------------*/
  29:Drivers/STM32F1xx_HAL_Driver/Inc/stm32f1xx_ll_gpio.h **** #include "stm32f1xx.h"
  30:Drivers/STM32F1xx_HAL_Driver/Inc/stm32f1xx_ll_gpio.h **** 
  31:Drivers/STM32F1xx_HAL_Driver/Inc/stm32f1xx_ll_gpio.h **** /** @addtogroup STM32F1xx_LL_Driver
  32:Drivers/STM32F1xx_HAL_Driver/Inc/stm32f1xx_ll_gpio.h ****   * @{
  33:Drivers/STM32F1xx_HAL_Driver/Inc/stm32f1xx_ll_gpio.h ****   */
  34:Drivers/STM32F1xx_HAL_Driver/Inc/stm32f1xx_ll_gpio.h **** 
  35:Drivers/STM32F1xx_HAL_Driver/Inc/stm32f1xx_ll_gpio.h **** #if defined (GPIOA) || defined (GPIOB) || defined (GPIOC) || defined (GPIOD) || defined (GPIOE) || 
  36:Drivers/STM32F1xx_HAL_Driver/Inc/stm32f1xx_ll_gpio.h **** 
  37:Drivers/STM32F1xx_HAL_Driver/Inc/stm32f1xx_ll_gpio.h **** /** @defgroup GPIO_LL GPIO
  38:Drivers/STM32F1xx_HAL_Driver/Inc/stm32f1xx_ll_gpio.h ****   * @{
  39:Drivers/STM32F1xx_HAL_Driver/Inc/stm32f1xx_ll_gpio.h ****   */
  40:Drivers/STM32F1xx_HAL_Driver/Inc/stm32f1xx_ll_gpio.h **** 
  41:Drivers/STM32F1xx_HAL_Driver/Inc/stm32f1xx_ll_gpio.h **** /* Private types -------------------------------------------------------------*/
  42:Drivers/STM32F1xx_HAL_Driver/Inc/stm32f1xx_ll_gpio.h **** /* Private variables ---------------------------------------------------------*/
ARM GAS  /var/folders/m1/3lv6xmzs0mlckxs4mx90nfb40000gn/T//ccSbLyvI.s 			page 5


  43:Drivers/STM32F1xx_HAL_Driver/Inc/stm32f1xx_ll_gpio.h **** /* Private constants ---------------------------------------------------------*/
  44:Drivers/STM32F1xx_HAL_Driver/Inc/stm32f1xx_ll_gpio.h **** 
  45:Drivers/STM32F1xx_HAL_Driver/Inc/stm32f1xx_ll_gpio.h **** /** @defgroup GPIO_LL_Private_Constants GPIO Private Constants
  46:Drivers/STM32F1xx_HAL_Driver/Inc/stm32f1xx_ll_gpio.h ****   * @{
  47:Drivers/STM32F1xx_HAL_Driver/Inc/stm32f1xx_ll_gpio.h ****   */
  48:Drivers/STM32F1xx_HAL_Driver/Inc/stm32f1xx_ll_gpio.h **** /* Defines used for Pin Mask Initialization */
  49:Drivers/STM32F1xx_HAL_Driver/Inc/stm32f1xx_ll_gpio.h **** #define GPIO_PIN_MASK_POS   8U
  50:Drivers/STM32F1xx_HAL_Driver/Inc/stm32f1xx_ll_gpio.h **** #define GPIO_PIN_NB         16U
  51:Drivers/STM32F1xx_HAL_Driver/Inc/stm32f1xx_ll_gpio.h **** /**
  52:Drivers/STM32F1xx_HAL_Driver/Inc/stm32f1xx_ll_gpio.h ****   * @}
  53:Drivers/STM32F1xx_HAL_Driver/Inc/stm32f1xx_ll_gpio.h ****   */
  54:Drivers/STM32F1xx_HAL_Driver/Inc/stm32f1xx_ll_gpio.h **** 
  55:Drivers/STM32F1xx_HAL_Driver/Inc/stm32f1xx_ll_gpio.h **** /* Private macros ------------------------------------------------------------*/
  56:Drivers/STM32F1xx_HAL_Driver/Inc/stm32f1xx_ll_gpio.h **** #if defined(USE_FULL_LL_DRIVER)
  57:Drivers/STM32F1xx_HAL_Driver/Inc/stm32f1xx_ll_gpio.h **** /** @defgroup GPIO_LL_Private_Macros GPIO Private Macros
  58:Drivers/STM32F1xx_HAL_Driver/Inc/stm32f1xx_ll_gpio.h ****   * @{
  59:Drivers/STM32F1xx_HAL_Driver/Inc/stm32f1xx_ll_gpio.h ****   */
  60:Drivers/STM32F1xx_HAL_Driver/Inc/stm32f1xx_ll_gpio.h **** 
  61:Drivers/STM32F1xx_HAL_Driver/Inc/stm32f1xx_ll_gpio.h **** /**
  62:Drivers/STM32F1xx_HAL_Driver/Inc/stm32f1xx_ll_gpio.h ****   * @}
  63:Drivers/STM32F1xx_HAL_Driver/Inc/stm32f1xx_ll_gpio.h ****   */
  64:Drivers/STM32F1xx_HAL_Driver/Inc/stm32f1xx_ll_gpio.h **** #endif /*USE_FULL_LL_DRIVER*/
  65:Drivers/STM32F1xx_HAL_Driver/Inc/stm32f1xx_ll_gpio.h **** 
  66:Drivers/STM32F1xx_HAL_Driver/Inc/stm32f1xx_ll_gpio.h **** /* Exported types ------------------------------------------------------------*/
  67:Drivers/STM32F1xx_HAL_Driver/Inc/stm32f1xx_ll_gpio.h **** #if defined(USE_FULL_LL_DRIVER)
  68:Drivers/STM32F1xx_HAL_Driver/Inc/stm32f1xx_ll_gpio.h **** /** @defgroup GPIO_LL_ES_INIT GPIO Exported Init structures
  69:Drivers/STM32F1xx_HAL_Driver/Inc/stm32f1xx_ll_gpio.h ****   * @{
  70:Drivers/STM32F1xx_HAL_Driver/Inc/stm32f1xx_ll_gpio.h ****   */
  71:Drivers/STM32F1xx_HAL_Driver/Inc/stm32f1xx_ll_gpio.h **** 
  72:Drivers/STM32F1xx_HAL_Driver/Inc/stm32f1xx_ll_gpio.h **** /**
  73:Drivers/STM32F1xx_HAL_Driver/Inc/stm32f1xx_ll_gpio.h ****   * @brief LL GPIO Init Structure definition
  74:Drivers/STM32F1xx_HAL_Driver/Inc/stm32f1xx_ll_gpio.h ****   */
  75:Drivers/STM32F1xx_HAL_Driver/Inc/stm32f1xx_ll_gpio.h **** typedef struct
  76:Drivers/STM32F1xx_HAL_Driver/Inc/stm32f1xx_ll_gpio.h **** {
  77:Drivers/STM32F1xx_HAL_Driver/Inc/stm32f1xx_ll_gpio.h ****   uint32_t Pin;          /*!< Specifies the GPIO pins to be configured.
  78:Drivers/STM32F1xx_HAL_Driver/Inc/stm32f1xx_ll_gpio.h ****                               This parameter can be any value of @ref GPIO_LL_EC_PIN */
  79:Drivers/STM32F1xx_HAL_Driver/Inc/stm32f1xx_ll_gpio.h **** 
  80:Drivers/STM32F1xx_HAL_Driver/Inc/stm32f1xx_ll_gpio.h ****   uint32_t Mode;         /*!< Specifies the operating mode for the selected pins.
  81:Drivers/STM32F1xx_HAL_Driver/Inc/stm32f1xx_ll_gpio.h ****                               This parameter can be a value of @ref GPIO_LL_EC_MODE.
  82:Drivers/STM32F1xx_HAL_Driver/Inc/stm32f1xx_ll_gpio.h **** 
  83:Drivers/STM32F1xx_HAL_Driver/Inc/stm32f1xx_ll_gpio.h ****                               GPIO HW configuration can be modified afterwards using unitary functi
  84:Drivers/STM32F1xx_HAL_Driver/Inc/stm32f1xx_ll_gpio.h **** 
  85:Drivers/STM32F1xx_HAL_Driver/Inc/stm32f1xx_ll_gpio.h ****   uint32_t Speed;        /*!< Specifies the speed for the selected pins.
  86:Drivers/STM32F1xx_HAL_Driver/Inc/stm32f1xx_ll_gpio.h ****                               This parameter can be a value of @ref GPIO_LL_EC_SPEED.
  87:Drivers/STM32F1xx_HAL_Driver/Inc/stm32f1xx_ll_gpio.h **** 
  88:Drivers/STM32F1xx_HAL_Driver/Inc/stm32f1xx_ll_gpio.h ****                               GPIO HW configuration can be modified afterwards using unitary functi
  89:Drivers/STM32F1xx_HAL_Driver/Inc/stm32f1xx_ll_gpio.h **** 
  90:Drivers/STM32F1xx_HAL_Driver/Inc/stm32f1xx_ll_gpio.h ****   uint32_t OutputType;   /*!< Specifies the operating output type for the selected pins.
  91:Drivers/STM32F1xx_HAL_Driver/Inc/stm32f1xx_ll_gpio.h ****                               This parameter can be a value of @ref GPIO_LL_EC_OUTPUT.
  92:Drivers/STM32F1xx_HAL_Driver/Inc/stm32f1xx_ll_gpio.h **** 
  93:Drivers/STM32F1xx_HAL_Driver/Inc/stm32f1xx_ll_gpio.h ****                               GPIO HW configuration can be modified afterwards using unitary functi
  94:Drivers/STM32F1xx_HAL_Driver/Inc/stm32f1xx_ll_gpio.h **** 
  95:Drivers/STM32F1xx_HAL_Driver/Inc/stm32f1xx_ll_gpio.h ****   uint32_t Pull;         /*!< Specifies the operating Pull-up/Pull down for the selected pins.
  96:Drivers/STM32F1xx_HAL_Driver/Inc/stm32f1xx_ll_gpio.h ****                               This parameter can be a value of @ref GPIO_LL_EC_PULL.
  97:Drivers/STM32F1xx_HAL_Driver/Inc/stm32f1xx_ll_gpio.h **** 
  98:Drivers/STM32F1xx_HAL_Driver/Inc/stm32f1xx_ll_gpio.h ****                               GPIO HW configuration can be modified afterwards using unitary functi
  99:Drivers/STM32F1xx_HAL_Driver/Inc/stm32f1xx_ll_gpio.h **** } LL_GPIO_InitTypeDef;
ARM GAS  /var/folders/m1/3lv6xmzs0mlckxs4mx90nfb40000gn/T//ccSbLyvI.s 			page 6


 100:Drivers/STM32F1xx_HAL_Driver/Inc/stm32f1xx_ll_gpio.h **** 
 101:Drivers/STM32F1xx_HAL_Driver/Inc/stm32f1xx_ll_gpio.h **** /**
 102:Drivers/STM32F1xx_HAL_Driver/Inc/stm32f1xx_ll_gpio.h ****   * @}
 103:Drivers/STM32F1xx_HAL_Driver/Inc/stm32f1xx_ll_gpio.h ****   */
 104:Drivers/STM32F1xx_HAL_Driver/Inc/stm32f1xx_ll_gpio.h **** #endif /* USE_FULL_LL_DRIVER */
 105:Drivers/STM32F1xx_HAL_Driver/Inc/stm32f1xx_ll_gpio.h **** 
 106:Drivers/STM32F1xx_HAL_Driver/Inc/stm32f1xx_ll_gpio.h **** /* Exported constants --------------------------------------------------------*/
 107:Drivers/STM32F1xx_HAL_Driver/Inc/stm32f1xx_ll_gpio.h **** /** @defgroup GPIO_LL_Exported_Constants GPIO Exported Constants
 108:Drivers/STM32F1xx_HAL_Driver/Inc/stm32f1xx_ll_gpio.h ****   * @{
 109:Drivers/STM32F1xx_HAL_Driver/Inc/stm32f1xx_ll_gpio.h ****   */
 110:Drivers/STM32F1xx_HAL_Driver/Inc/stm32f1xx_ll_gpio.h **** 
 111:Drivers/STM32F1xx_HAL_Driver/Inc/stm32f1xx_ll_gpio.h **** /** @defgroup GPIO_LL_EC_PIN PIN
 112:Drivers/STM32F1xx_HAL_Driver/Inc/stm32f1xx_ll_gpio.h ****   * @{
 113:Drivers/STM32F1xx_HAL_Driver/Inc/stm32f1xx_ll_gpio.h ****   */
 114:Drivers/STM32F1xx_HAL_Driver/Inc/stm32f1xx_ll_gpio.h **** #define LL_GPIO_PIN_0                    ((GPIO_BSRR_BS0  << GPIO_PIN_MASK_POS) | 0x00000001U)  /*!
 115:Drivers/STM32F1xx_HAL_Driver/Inc/stm32f1xx_ll_gpio.h **** #define LL_GPIO_PIN_1                    ((GPIO_BSRR_BS1  << GPIO_PIN_MASK_POS) | 0x00000002U)  /*!
 116:Drivers/STM32F1xx_HAL_Driver/Inc/stm32f1xx_ll_gpio.h **** #define LL_GPIO_PIN_2                    ((GPIO_BSRR_BS2  << GPIO_PIN_MASK_POS) | 0x00000004U)  /*!
 117:Drivers/STM32F1xx_HAL_Driver/Inc/stm32f1xx_ll_gpio.h **** #define LL_GPIO_PIN_3                    ((GPIO_BSRR_BS3  << GPIO_PIN_MASK_POS) | 0x00000008U)  /*!
 118:Drivers/STM32F1xx_HAL_Driver/Inc/stm32f1xx_ll_gpio.h **** #define LL_GPIO_PIN_4                    ((GPIO_BSRR_BS4  << GPIO_PIN_MASK_POS) | 0x00000010U)  /*!
 119:Drivers/STM32F1xx_HAL_Driver/Inc/stm32f1xx_ll_gpio.h **** #define LL_GPIO_PIN_5                    ((GPIO_BSRR_BS5  << GPIO_PIN_MASK_POS) | 0x00000020U)  /*!
 120:Drivers/STM32F1xx_HAL_Driver/Inc/stm32f1xx_ll_gpio.h **** #define LL_GPIO_PIN_6                    ((GPIO_BSRR_BS6  << GPIO_PIN_MASK_POS) | 0x00000040U)  /*!
 121:Drivers/STM32F1xx_HAL_Driver/Inc/stm32f1xx_ll_gpio.h **** #define LL_GPIO_PIN_7                    ((GPIO_BSRR_BS7  << GPIO_PIN_MASK_POS) | 0x00000080U)  /*!
 122:Drivers/STM32F1xx_HAL_Driver/Inc/stm32f1xx_ll_gpio.h **** #define LL_GPIO_PIN_8                    ((GPIO_BSRR_BS8  << GPIO_PIN_MASK_POS) | 0x04000001U)  /*!
 123:Drivers/STM32F1xx_HAL_Driver/Inc/stm32f1xx_ll_gpio.h **** #define LL_GPIO_PIN_9                    ((GPIO_BSRR_BS9  << GPIO_PIN_MASK_POS) | 0x04000002U)  /*!
 124:Drivers/STM32F1xx_HAL_Driver/Inc/stm32f1xx_ll_gpio.h **** #define LL_GPIO_PIN_10                   ((GPIO_BSRR_BS10 << GPIO_PIN_MASK_POS) | 0x04000004U)  /*!
 125:Drivers/STM32F1xx_HAL_Driver/Inc/stm32f1xx_ll_gpio.h **** #define LL_GPIO_PIN_11                   ((GPIO_BSRR_BS11 << GPIO_PIN_MASK_POS) | 0x04000008U)  /*!
 126:Drivers/STM32F1xx_HAL_Driver/Inc/stm32f1xx_ll_gpio.h **** #define LL_GPIO_PIN_12                   ((GPIO_BSRR_BS12 << GPIO_PIN_MASK_POS) | 0x04000010U)  /*!
 127:Drivers/STM32F1xx_HAL_Driver/Inc/stm32f1xx_ll_gpio.h **** #define LL_GPIO_PIN_13                   ((GPIO_BSRR_BS13 << GPIO_PIN_MASK_POS) | 0x04000020U)  /*!
 128:Drivers/STM32F1xx_HAL_Driver/Inc/stm32f1xx_ll_gpio.h **** #define LL_GPIO_PIN_14                   ((GPIO_BSRR_BS14 << GPIO_PIN_MASK_POS) | 0x04000040U)  /*!
 129:Drivers/STM32F1xx_HAL_Driver/Inc/stm32f1xx_ll_gpio.h **** #define LL_GPIO_PIN_15                   ((GPIO_BSRR_BS15 << GPIO_PIN_MASK_POS) | 0x04000080U)  /*!
 130:Drivers/STM32F1xx_HAL_Driver/Inc/stm32f1xx_ll_gpio.h **** #define LL_GPIO_PIN_ALL                  (LL_GPIO_PIN_0  | LL_GPIO_PIN_1  | LL_GPIO_PIN_2  | \
 131:Drivers/STM32F1xx_HAL_Driver/Inc/stm32f1xx_ll_gpio.h ****                                           LL_GPIO_PIN_3  | LL_GPIO_PIN_4  | LL_GPIO_PIN_5  | \
 132:Drivers/STM32F1xx_HAL_Driver/Inc/stm32f1xx_ll_gpio.h ****                                           LL_GPIO_PIN_6  | LL_GPIO_PIN_7  | LL_GPIO_PIN_8  | \
 133:Drivers/STM32F1xx_HAL_Driver/Inc/stm32f1xx_ll_gpio.h ****                                           LL_GPIO_PIN_9  | LL_GPIO_PIN_10 | LL_GPIO_PIN_11 | \
 134:Drivers/STM32F1xx_HAL_Driver/Inc/stm32f1xx_ll_gpio.h ****                                           LL_GPIO_PIN_12 | LL_GPIO_PIN_13 | LL_GPIO_PIN_14 | \
 135:Drivers/STM32F1xx_HAL_Driver/Inc/stm32f1xx_ll_gpio.h ****                                           LL_GPIO_PIN_15)                                      /*!<
 136:Drivers/STM32F1xx_HAL_Driver/Inc/stm32f1xx_ll_gpio.h **** /**
 137:Drivers/STM32F1xx_HAL_Driver/Inc/stm32f1xx_ll_gpio.h ****   * @}
 138:Drivers/STM32F1xx_HAL_Driver/Inc/stm32f1xx_ll_gpio.h ****   */
 139:Drivers/STM32F1xx_HAL_Driver/Inc/stm32f1xx_ll_gpio.h **** 
 140:Drivers/STM32F1xx_HAL_Driver/Inc/stm32f1xx_ll_gpio.h **** /** @defgroup GPIO_LL_EC_MODE Mode
 141:Drivers/STM32F1xx_HAL_Driver/Inc/stm32f1xx_ll_gpio.h ****   * @{
 142:Drivers/STM32F1xx_HAL_Driver/Inc/stm32f1xx_ll_gpio.h ****   */
 143:Drivers/STM32F1xx_HAL_Driver/Inc/stm32f1xx_ll_gpio.h **** #define LL_GPIO_MODE_ANALOG              0x00000000U       /*!< Select analog mode */
 144:Drivers/STM32F1xx_HAL_Driver/Inc/stm32f1xx_ll_gpio.h **** #define LL_GPIO_MODE_FLOATING            GPIO_CRL_CNF0_0   /*!< Select floating mode */
 145:Drivers/STM32F1xx_HAL_Driver/Inc/stm32f1xx_ll_gpio.h **** #define LL_GPIO_MODE_INPUT               GPIO_CRL_CNF0_1   /*!< Select input mode */
 146:Drivers/STM32F1xx_HAL_Driver/Inc/stm32f1xx_ll_gpio.h **** #define LL_GPIO_MODE_OUTPUT              GPIO_CRL_MODE0_0  /*!< Select general purpose output mode 
 147:Drivers/STM32F1xx_HAL_Driver/Inc/stm32f1xx_ll_gpio.h **** #define LL_GPIO_MODE_ALTERNATE           (GPIO_CRL_CNF0_1 | GPIO_CRL_MODE0_0) /*!< Select alternate
 148:Drivers/STM32F1xx_HAL_Driver/Inc/stm32f1xx_ll_gpio.h **** /**
 149:Drivers/STM32F1xx_HAL_Driver/Inc/stm32f1xx_ll_gpio.h ****   * @}
 150:Drivers/STM32F1xx_HAL_Driver/Inc/stm32f1xx_ll_gpio.h ****   */
 151:Drivers/STM32F1xx_HAL_Driver/Inc/stm32f1xx_ll_gpio.h **** 
 152:Drivers/STM32F1xx_HAL_Driver/Inc/stm32f1xx_ll_gpio.h **** /** @defgroup GPIO_LL_EC_OUTPUT Output Type
 153:Drivers/STM32F1xx_HAL_Driver/Inc/stm32f1xx_ll_gpio.h ****   * @{
 154:Drivers/STM32F1xx_HAL_Driver/Inc/stm32f1xx_ll_gpio.h ****   */
 155:Drivers/STM32F1xx_HAL_Driver/Inc/stm32f1xx_ll_gpio.h **** #define LL_GPIO_OUTPUT_PUSHPULL          0x00000000U                /*!< Select push-pull as output
 156:Drivers/STM32F1xx_HAL_Driver/Inc/stm32f1xx_ll_gpio.h **** #define LL_GPIO_OUTPUT_OPENDRAIN         GPIO_CRL_CNF0_0            /*!< Select open-drain as outpu
ARM GAS  /var/folders/m1/3lv6xmzs0mlckxs4mx90nfb40000gn/T//ccSbLyvI.s 			page 7


 157:Drivers/STM32F1xx_HAL_Driver/Inc/stm32f1xx_ll_gpio.h **** /**
 158:Drivers/STM32F1xx_HAL_Driver/Inc/stm32f1xx_ll_gpio.h ****   * @}
 159:Drivers/STM32F1xx_HAL_Driver/Inc/stm32f1xx_ll_gpio.h ****   */
 160:Drivers/STM32F1xx_HAL_Driver/Inc/stm32f1xx_ll_gpio.h **** 
 161:Drivers/STM32F1xx_HAL_Driver/Inc/stm32f1xx_ll_gpio.h **** /** @defgroup GPIO_LL_EC_SPEED Output Speed
 162:Drivers/STM32F1xx_HAL_Driver/Inc/stm32f1xx_ll_gpio.h ****   * @{
 163:Drivers/STM32F1xx_HAL_Driver/Inc/stm32f1xx_ll_gpio.h ****   */
 164:Drivers/STM32F1xx_HAL_Driver/Inc/stm32f1xx_ll_gpio.h **** #define LL_GPIO_MODE_OUTPUT_10MHz        GPIO_CRL_MODE0_0            /*!< Select Output mode, max s
 165:Drivers/STM32F1xx_HAL_Driver/Inc/stm32f1xx_ll_gpio.h **** #define LL_GPIO_MODE_OUTPUT_2MHz         GPIO_CRL_MODE0_1            /*!< Select Output mode, max s
 166:Drivers/STM32F1xx_HAL_Driver/Inc/stm32f1xx_ll_gpio.h **** #define LL_GPIO_MODE_OUTPUT_50MHz        GPIO_CRL_MODE0              /*!< Select Output mode, max s
 167:Drivers/STM32F1xx_HAL_Driver/Inc/stm32f1xx_ll_gpio.h **** /**
 168:Drivers/STM32F1xx_HAL_Driver/Inc/stm32f1xx_ll_gpio.h ****   * @}
 169:Drivers/STM32F1xx_HAL_Driver/Inc/stm32f1xx_ll_gpio.h ****   */
 170:Drivers/STM32F1xx_HAL_Driver/Inc/stm32f1xx_ll_gpio.h **** 
 171:Drivers/STM32F1xx_HAL_Driver/Inc/stm32f1xx_ll_gpio.h **** #define LL_GPIO_SPEED_FREQ_LOW           LL_GPIO_MODE_OUTPUT_2MHz    /*!< Select I/O low output spe
 172:Drivers/STM32F1xx_HAL_Driver/Inc/stm32f1xx_ll_gpio.h **** #define LL_GPIO_SPEED_FREQ_MEDIUM        LL_GPIO_MODE_OUTPUT_10MHz   /*!< Select I/O medium output 
 173:Drivers/STM32F1xx_HAL_Driver/Inc/stm32f1xx_ll_gpio.h **** #define LL_GPIO_SPEED_FREQ_HIGH          LL_GPIO_MODE_OUTPUT_50MHz   /*!< Select I/O high output sp
 174:Drivers/STM32F1xx_HAL_Driver/Inc/stm32f1xx_ll_gpio.h **** 
 175:Drivers/STM32F1xx_HAL_Driver/Inc/stm32f1xx_ll_gpio.h **** /** @defgroup GPIO_LL_EC_PULL Pull Up Pull Down
 176:Drivers/STM32F1xx_HAL_Driver/Inc/stm32f1xx_ll_gpio.h ****   * @{
 177:Drivers/STM32F1xx_HAL_Driver/Inc/stm32f1xx_ll_gpio.h ****   */
 178:Drivers/STM32F1xx_HAL_Driver/Inc/stm32f1xx_ll_gpio.h **** #define LL_GPIO_PULL_DOWN                0x00000000U    /*!< Select I/O pull down */
 179:Drivers/STM32F1xx_HAL_Driver/Inc/stm32f1xx_ll_gpio.h **** #define LL_GPIO_PULL_UP                  GPIO_ODR_ODR0  /*!< Select I/O pull up */
 180:Drivers/STM32F1xx_HAL_Driver/Inc/stm32f1xx_ll_gpio.h **** 
 181:Drivers/STM32F1xx_HAL_Driver/Inc/stm32f1xx_ll_gpio.h **** /**
 182:Drivers/STM32F1xx_HAL_Driver/Inc/stm32f1xx_ll_gpio.h ****   * @}
 183:Drivers/STM32F1xx_HAL_Driver/Inc/stm32f1xx_ll_gpio.h ****   */
 184:Drivers/STM32F1xx_HAL_Driver/Inc/stm32f1xx_ll_gpio.h **** 
 185:Drivers/STM32F1xx_HAL_Driver/Inc/stm32f1xx_ll_gpio.h **** /** @defgroup GPIO_LL_EVENTOUT_PIN EVENTOUT Pin
 186:Drivers/STM32F1xx_HAL_Driver/Inc/stm32f1xx_ll_gpio.h ****   * @{
 187:Drivers/STM32F1xx_HAL_Driver/Inc/stm32f1xx_ll_gpio.h ****   */
 188:Drivers/STM32F1xx_HAL_Driver/Inc/stm32f1xx_ll_gpio.h **** 
 189:Drivers/STM32F1xx_HAL_Driver/Inc/stm32f1xx_ll_gpio.h **** #define LL_GPIO_AF_EVENTOUT_PIN_0        AFIO_EVCR_PIN_PX0   /*!< EVENTOUT on pin 0 */
 190:Drivers/STM32F1xx_HAL_Driver/Inc/stm32f1xx_ll_gpio.h **** #define LL_GPIO_AF_EVENTOUT_PIN_1        AFIO_EVCR_PIN_PX1   /*!< EVENTOUT on pin 1 */
 191:Drivers/STM32F1xx_HAL_Driver/Inc/stm32f1xx_ll_gpio.h **** #define LL_GPIO_AF_EVENTOUT_PIN_2        AFIO_EVCR_PIN_PX2   /*!< EVENTOUT on pin 2 */
 192:Drivers/STM32F1xx_HAL_Driver/Inc/stm32f1xx_ll_gpio.h **** #define LL_GPIO_AF_EVENTOUT_PIN_3        AFIO_EVCR_PIN_PX3   /*!< EVENTOUT on pin 3 */
 193:Drivers/STM32F1xx_HAL_Driver/Inc/stm32f1xx_ll_gpio.h **** #define LL_GPIO_AF_EVENTOUT_PIN_4        AFIO_EVCR_PIN_PX4   /*!< EVENTOUT on pin 4 */
 194:Drivers/STM32F1xx_HAL_Driver/Inc/stm32f1xx_ll_gpio.h **** #define LL_GPIO_AF_EVENTOUT_PIN_5        AFIO_EVCR_PIN_PX5   /*!< EVENTOUT on pin 5 */
 195:Drivers/STM32F1xx_HAL_Driver/Inc/stm32f1xx_ll_gpio.h **** #define LL_GPIO_AF_EVENTOUT_PIN_6        AFIO_EVCR_PIN_PX6   /*!< EVENTOUT on pin 6 */
 196:Drivers/STM32F1xx_HAL_Driver/Inc/stm32f1xx_ll_gpio.h **** #define LL_GPIO_AF_EVENTOUT_PIN_7        AFIO_EVCR_PIN_PX7   /*!< EVENTOUT on pin 7 */
 197:Drivers/STM32F1xx_HAL_Driver/Inc/stm32f1xx_ll_gpio.h **** #define LL_GPIO_AF_EVENTOUT_PIN_8        AFIO_EVCR_PIN_PX8   /*!< EVENTOUT on pin 8 */
 198:Drivers/STM32F1xx_HAL_Driver/Inc/stm32f1xx_ll_gpio.h **** #define LL_GPIO_AF_EVENTOUT_PIN_9        AFIO_EVCR_PIN_PX9   /*!< EVENTOUT on pin 9 */
 199:Drivers/STM32F1xx_HAL_Driver/Inc/stm32f1xx_ll_gpio.h **** #define LL_GPIO_AF_EVENTOUT_PIN_10       AFIO_EVCR_PIN_PX10  /*!< EVENTOUT on pin 10 */
 200:Drivers/STM32F1xx_HAL_Driver/Inc/stm32f1xx_ll_gpio.h **** #define LL_GPIO_AF_EVENTOUT_PIN_11       AFIO_EVCR_PIN_PX11  /*!< EVENTOUT on pin 11 */
 201:Drivers/STM32F1xx_HAL_Driver/Inc/stm32f1xx_ll_gpio.h **** #define LL_GPIO_AF_EVENTOUT_PIN_12       AFIO_EVCR_PIN_PX12  /*!< EVENTOUT on pin 12 */
 202:Drivers/STM32F1xx_HAL_Driver/Inc/stm32f1xx_ll_gpio.h **** #define LL_GPIO_AF_EVENTOUT_PIN_13       AFIO_EVCR_PIN_PX13  /*!< EVENTOUT on pin 13 */
 203:Drivers/STM32F1xx_HAL_Driver/Inc/stm32f1xx_ll_gpio.h **** #define LL_GPIO_AF_EVENTOUT_PIN_14       AFIO_EVCR_PIN_PX14  /*!< EVENTOUT on pin 14 */
 204:Drivers/STM32F1xx_HAL_Driver/Inc/stm32f1xx_ll_gpio.h **** #define LL_GPIO_AF_EVENTOUT_PIN_15       AFIO_EVCR_PIN_PX15  /*!< EVENTOUT on pin 15 */
 205:Drivers/STM32F1xx_HAL_Driver/Inc/stm32f1xx_ll_gpio.h **** 
 206:Drivers/STM32F1xx_HAL_Driver/Inc/stm32f1xx_ll_gpio.h **** /**
 207:Drivers/STM32F1xx_HAL_Driver/Inc/stm32f1xx_ll_gpio.h ****   * @}
 208:Drivers/STM32F1xx_HAL_Driver/Inc/stm32f1xx_ll_gpio.h ****   */
 209:Drivers/STM32F1xx_HAL_Driver/Inc/stm32f1xx_ll_gpio.h **** 
 210:Drivers/STM32F1xx_HAL_Driver/Inc/stm32f1xx_ll_gpio.h **** /** @defgroup GPIO_LL_EVENTOUT_PORT EVENTOUT Port
 211:Drivers/STM32F1xx_HAL_Driver/Inc/stm32f1xx_ll_gpio.h ****   * @{
 212:Drivers/STM32F1xx_HAL_Driver/Inc/stm32f1xx_ll_gpio.h ****   */
 213:Drivers/STM32F1xx_HAL_Driver/Inc/stm32f1xx_ll_gpio.h **** 
ARM GAS  /var/folders/m1/3lv6xmzs0mlckxs4mx90nfb40000gn/T//ccSbLyvI.s 			page 8


 214:Drivers/STM32F1xx_HAL_Driver/Inc/stm32f1xx_ll_gpio.h **** #define LL_GPIO_AF_EVENTOUT_PORT_A       AFIO_EVCR_PORT_PA  /*!< EVENTOUT on port A */
 215:Drivers/STM32F1xx_HAL_Driver/Inc/stm32f1xx_ll_gpio.h **** #define LL_GPIO_AF_EVENTOUT_PORT_B       AFIO_EVCR_PORT_PB  /*!< EVENTOUT on port B */
 216:Drivers/STM32F1xx_HAL_Driver/Inc/stm32f1xx_ll_gpio.h **** #define LL_GPIO_AF_EVENTOUT_PORT_C       AFIO_EVCR_PORT_PC  /*!< EVENTOUT on port C */
 217:Drivers/STM32F1xx_HAL_Driver/Inc/stm32f1xx_ll_gpio.h **** #define LL_GPIO_AF_EVENTOUT_PORT_D       AFIO_EVCR_PORT_PD  /*!< EVENTOUT on port D */
 218:Drivers/STM32F1xx_HAL_Driver/Inc/stm32f1xx_ll_gpio.h **** #define LL_GPIO_AF_EVENTOUT_PORT_E       AFIO_EVCR_PORT_PE  /*!< EVENTOUT on port E */
 219:Drivers/STM32F1xx_HAL_Driver/Inc/stm32f1xx_ll_gpio.h **** 
 220:Drivers/STM32F1xx_HAL_Driver/Inc/stm32f1xx_ll_gpio.h **** /**
 221:Drivers/STM32F1xx_HAL_Driver/Inc/stm32f1xx_ll_gpio.h ****   * @}
 222:Drivers/STM32F1xx_HAL_Driver/Inc/stm32f1xx_ll_gpio.h ****   */
 223:Drivers/STM32F1xx_HAL_Driver/Inc/stm32f1xx_ll_gpio.h **** 
 224:Drivers/STM32F1xx_HAL_Driver/Inc/stm32f1xx_ll_gpio.h **** /** @defgroup GPIO_LL_EC_EXTI_PORT GPIO EXTI PORT
 225:Drivers/STM32F1xx_HAL_Driver/Inc/stm32f1xx_ll_gpio.h ****   * @{
 226:Drivers/STM32F1xx_HAL_Driver/Inc/stm32f1xx_ll_gpio.h ****   */
 227:Drivers/STM32F1xx_HAL_Driver/Inc/stm32f1xx_ll_gpio.h **** #define LL_GPIO_AF_EXTI_PORTA            0U   /*!< EXTI PORT A */
 228:Drivers/STM32F1xx_HAL_Driver/Inc/stm32f1xx_ll_gpio.h **** #define LL_GPIO_AF_EXTI_PORTB            1U   /*!< EXTI PORT B */
 229:Drivers/STM32F1xx_HAL_Driver/Inc/stm32f1xx_ll_gpio.h **** #define LL_GPIO_AF_EXTI_PORTC            2U   /*!< EXTI PORT C */
 230:Drivers/STM32F1xx_HAL_Driver/Inc/stm32f1xx_ll_gpio.h **** #define LL_GPIO_AF_EXTI_PORTD            3U   /*!< EXTI PORT D */
 231:Drivers/STM32F1xx_HAL_Driver/Inc/stm32f1xx_ll_gpio.h **** #define LL_GPIO_AF_EXTI_PORTE            4U   /*!< EXTI PORT E */
 232:Drivers/STM32F1xx_HAL_Driver/Inc/stm32f1xx_ll_gpio.h **** #define LL_GPIO_AF_EXTI_PORTF            5U   /*!< EXTI PORT F */
 233:Drivers/STM32F1xx_HAL_Driver/Inc/stm32f1xx_ll_gpio.h **** #define LL_GPIO_AF_EXTI_PORTG            6U   /*!< EXTI PORT G */
 234:Drivers/STM32F1xx_HAL_Driver/Inc/stm32f1xx_ll_gpio.h **** /**
 235:Drivers/STM32F1xx_HAL_Driver/Inc/stm32f1xx_ll_gpio.h ****   * @}
 236:Drivers/STM32F1xx_HAL_Driver/Inc/stm32f1xx_ll_gpio.h ****   */
 237:Drivers/STM32F1xx_HAL_Driver/Inc/stm32f1xx_ll_gpio.h **** 
 238:Drivers/STM32F1xx_HAL_Driver/Inc/stm32f1xx_ll_gpio.h **** /** @defgroup GPIO_LL_EC_EXTI_LINE GPIO EXTI LINE
 239:Drivers/STM32F1xx_HAL_Driver/Inc/stm32f1xx_ll_gpio.h ****   * @{
 240:Drivers/STM32F1xx_HAL_Driver/Inc/stm32f1xx_ll_gpio.h ****   */
 241:Drivers/STM32F1xx_HAL_Driver/Inc/stm32f1xx_ll_gpio.h **** #define LL_GPIO_AF_EXTI_LINE0            (0x000FU << 16U | 0U)  /*!< EXTI_POSITION_0  | EXTICR[0] *
 242:Drivers/STM32F1xx_HAL_Driver/Inc/stm32f1xx_ll_gpio.h **** #define LL_GPIO_AF_EXTI_LINE1            (0x00F0U << 16U | 0U)  /*!< EXTI_POSITION_4  | EXTICR[0] *
 243:Drivers/STM32F1xx_HAL_Driver/Inc/stm32f1xx_ll_gpio.h **** #define LL_GPIO_AF_EXTI_LINE2            (0x0F00U << 16U | 0U)  /*!< EXTI_POSITION_8  | EXTICR[0] *
 244:Drivers/STM32F1xx_HAL_Driver/Inc/stm32f1xx_ll_gpio.h **** #define LL_GPIO_AF_EXTI_LINE3            (0xF000U << 16U | 0U)  /*!< EXTI_POSITION_12 | EXTICR[0] *
 245:Drivers/STM32F1xx_HAL_Driver/Inc/stm32f1xx_ll_gpio.h **** #define LL_GPIO_AF_EXTI_LINE4            (0x000FU << 16U | 1U)  /*!< EXTI_POSITION_0  | EXTICR[1] *
 246:Drivers/STM32F1xx_HAL_Driver/Inc/stm32f1xx_ll_gpio.h **** #define LL_GPIO_AF_EXTI_LINE5            (0x00F0U << 16U | 1U)  /*!< EXTI_POSITION_4  | EXTICR[1] *
 247:Drivers/STM32F1xx_HAL_Driver/Inc/stm32f1xx_ll_gpio.h **** #define LL_GPIO_AF_EXTI_LINE6            (0x0F00U << 16U | 1U)  /*!< EXTI_POSITION_8  | EXTICR[1] *
 248:Drivers/STM32F1xx_HAL_Driver/Inc/stm32f1xx_ll_gpio.h **** #define LL_GPIO_AF_EXTI_LINE7            (0xF000U << 16U | 1U)  /*!< EXTI_POSITION_12 | EXTICR[1] *
 249:Drivers/STM32F1xx_HAL_Driver/Inc/stm32f1xx_ll_gpio.h **** #define LL_GPIO_AF_EXTI_LINE8            (0x000FU << 16U | 2U)  /*!< EXTI_POSITION_0  | EXTICR[2] *
 250:Drivers/STM32F1xx_HAL_Driver/Inc/stm32f1xx_ll_gpio.h **** #define LL_GPIO_AF_EXTI_LINE9            (0x00F0U << 16U | 2U)  /*!< EXTI_POSITION_4  | EXTICR[2] *
 251:Drivers/STM32F1xx_HAL_Driver/Inc/stm32f1xx_ll_gpio.h **** #define LL_GPIO_AF_EXTI_LINE10           (0x0F00U << 16U | 2U)  /*!< EXTI_POSITION_8  | EXTICR[2] *
 252:Drivers/STM32F1xx_HAL_Driver/Inc/stm32f1xx_ll_gpio.h **** #define LL_GPIO_AF_EXTI_LINE11           (0xF000U << 16U | 2U)  /*!< EXTI_POSITION_12 | EXTICR[2] *
 253:Drivers/STM32F1xx_HAL_Driver/Inc/stm32f1xx_ll_gpio.h **** #define LL_GPIO_AF_EXTI_LINE12           (0x000FU << 16U | 3U)  /*!< EXTI_POSITION_0  | EXTICR[3] *
 254:Drivers/STM32F1xx_HAL_Driver/Inc/stm32f1xx_ll_gpio.h **** #define LL_GPIO_AF_EXTI_LINE13           (0x00F0U << 16U | 3U)  /*!< EXTI_POSITION_4  | EXTICR[3] *
 255:Drivers/STM32F1xx_HAL_Driver/Inc/stm32f1xx_ll_gpio.h **** #define LL_GPIO_AF_EXTI_LINE14           (0x0F00U << 16U | 3U)  /*!< EXTI_POSITION_8  | EXTICR[3] *
 256:Drivers/STM32F1xx_HAL_Driver/Inc/stm32f1xx_ll_gpio.h **** #define LL_GPIO_AF_EXTI_LINE15           (0xF000U << 16U | 3U)  /*!< EXTI_POSITION_12 | EXTICR[3] *
 257:Drivers/STM32F1xx_HAL_Driver/Inc/stm32f1xx_ll_gpio.h **** /**
 258:Drivers/STM32F1xx_HAL_Driver/Inc/stm32f1xx_ll_gpio.h ****   * @}
 259:Drivers/STM32F1xx_HAL_Driver/Inc/stm32f1xx_ll_gpio.h ****   */
 260:Drivers/STM32F1xx_HAL_Driver/Inc/stm32f1xx_ll_gpio.h **** 
 261:Drivers/STM32F1xx_HAL_Driver/Inc/stm32f1xx_ll_gpio.h **** /**
 262:Drivers/STM32F1xx_HAL_Driver/Inc/stm32f1xx_ll_gpio.h ****   * @}
 263:Drivers/STM32F1xx_HAL_Driver/Inc/stm32f1xx_ll_gpio.h ****   */
 264:Drivers/STM32F1xx_HAL_Driver/Inc/stm32f1xx_ll_gpio.h **** 
 265:Drivers/STM32F1xx_HAL_Driver/Inc/stm32f1xx_ll_gpio.h **** /* Exported macro ------------------------------------------------------------*/
 266:Drivers/STM32F1xx_HAL_Driver/Inc/stm32f1xx_ll_gpio.h **** /** @defgroup GPIO_LL_Exported_Macros GPIO Exported Macros
 267:Drivers/STM32F1xx_HAL_Driver/Inc/stm32f1xx_ll_gpio.h ****   * @{
 268:Drivers/STM32F1xx_HAL_Driver/Inc/stm32f1xx_ll_gpio.h ****   */
 269:Drivers/STM32F1xx_HAL_Driver/Inc/stm32f1xx_ll_gpio.h **** 
 270:Drivers/STM32F1xx_HAL_Driver/Inc/stm32f1xx_ll_gpio.h **** /** @defgroup GPIO_LL_EM_WRITE_READ Common Write and read registers Macros
ARM GAS  /var/folders/m1/3lv6xmzs0mlckxs4mx90nfb40000gn/T//ccSbLyvI.s 			page 9


 271:Drivers/STM32F1xx_HAL_Driver/Inc/stm32f1xx_ll_gpio.h ****   * @{
 272:Drivers/STM32F1xx_HAL_Driver/Inc/stm32f1xx_ll_gpio.h ****   */
 273:Drivers/STM32F1xx_HAL_Driver/Inc/stm32f1xx_ll_gpio.h **** 
 274:Drivers/STM32F1xx_HAL_Driver/Inc/stm32f1xx_ll_gpio.h **** /**
 275:Drivers/STM32F1xx_HAL_Driver/Inc/stm32f1xx_ll_gpio.h ****   * @brief  Write a value in GPIO register
 276:Drivers/STM32F1xx_HAL_Driver/Inc/stm32f1xx_ll_gpio.h ****   * @param  __INSTANCE__ GPIO Instance
 277:Drivers/STM32F1xx_HAL_Driver/Inc/stm32f1xx_ll_gpio.h ****   * @param  __REG__ Register to be written
 278:Drivers/STM32F1xx_HAL_Driver/Inc/stm32f1xx_ll_gpio.h ****   * @param  __VALUE__ Value to be written in the register
 279:Drivers/STM32F1xx_HAL_Driver/Inc/stm32f1xx_ll_gpio.h ****   * @retval None
 280:Drivers/STM32F1xx_HAL_Driver/Inc/stm32f1xx_ll_gpio.h ****   */
 281:Drivers/STM32F1xx_HAL_Driver/Inc/stm32f1xx_ll_gpio.h **** #define LL_GPIO_WriteReg(__INSTANCE__, __REG__, __VALUE__) WRITE_REG(__INSTANCE__->__REG__, (__VALU
 282:Drivers/STM32F1xx_HAL_Driver/Inc/stm32f1xx_ll_gpio.h **** 
 283:Drivers/STM32F1xx_HAL_Driver/Inc/stm32f1xx_ll_gpio.h **** /**
 284:Drivers/STM32F1xx_HAL_Driver/Inc/stm32f1xx_ll_gpio.h ****   * @brief  Read a value in GPIO register
 285:Drivers/STM32F1xx_HAL_Driver/Inc/stm32f1xx_ll_gpio.h ****   * @param  __INSTANCE__ GPIO Instance
 286:Drivers/STM32F1xx_HAL_Driver/Inc/stm32f1xx_ll_gpio.h ****   * @param  __REG__ Register to be read
 287:Drivers/STM32F1xx_HAL_Driver/Inc/stm32f1xx_ll_gpio.h ****   * @retval Register value
 288:Drivers/STM32F1xx_HAL_Driver/Inc/stm32f1xx_ll_gpio.h ****   */
 289:Drivers/STM32F1xx_HAL_Driver/Inc/stm32f1xx_ll_gpio.h **** #define LL_GPIO_ReadReg(__INSTANCE__, __REG__) READ_REG(__INSTANCE__->__REG__)
 290:Drivers/STM32F1xx_HAL_Driver/Inc/stm32f1xx_ll_gpio.h **** /**
 291:Drivers/STM32F1xx_HAL_Driver/Inc/stm32f1xx_ll_gpio.h ****   * @}
 292:Drivers/STM32F1xx_HAL_Driver/Inc/stm32f1xx_ll_gpio.h ****   */
 293:Drivers/STM32F1xx_HAL_Driver/Inc/stm32f1xx_ll_gpio.h **** 
 294:Drivers/STM32F1xx_HAL_Driver/Inc/stm32f1xx_ll_gpio.h **** /**
 295:Drivers/STM32F1xx_HAL_Driver/Inc/stm32f1xx_ll_gpio.h ****   * @}
 296:Drivers/STM32F1xx_HAL_Driver/Inc/stm32f1xx_ll_gpio.h ****   */
 297:Drivers/STM32F1xx_HAL_Driver/Inc/stm32f1xx_ll_gpio.h **** 
 298:Drivers/STM32F1xx_HAL_Driver/Inc/stm32f1xx_ll_gpio.h **** /* Exported functions --------------------------------------------------------*/
 299:Drivers/STM32F1xx_HAL_Driver/Inc/stm32f1xx_ll_gpio.h **** /** @defgroup GPIO_LL_Exported_Functions GPIO Exported Functions
 300:Drivers/STM32F1xx_HAL_Driver/Inc/stm32f1xx_ll_gpio.h ****   * @{
 301:Drivers/STM32F1xx_HAL_Driver/Inc/stm32f1xx_ll_gpio.h ****   */
 302:Drivers/STM32F1xx_HAL_Driver/Inc/stm32f1xx_ll_gpio.h **** 
 303:Drivers/STM32F1xx_HAL_Driver/Inc/stm32f1xx_ll_gpio.h **** /** @defgroup GPIO_LL_EF_Port_Configuration Port Configuration
 304:Drivers/STM32F1xx_HAL_Driver/Inc/stm32f1xx_ll_gpio.h ****   * @{
 305:Drivers/STM32F1xx_HAL_Driver/Inc/stm32f1xx_ll_gpio.h ****   */
 306:Drivers/STM32F1xx_HAL_Driver/Inc/stm32f1xx_ll_gpio.h **** 
 307:Drivers/STM32F1xx_HAL_Driver/Inc/stm32f1xx_ll_gpio.h **** /**
 308:Drivers/STM32F1xx_HAL_Driver/Inc/stm32f1xx_ll_gpio.h ****   * @brief  Configure gpio mode for a dedicated pin on dedicated port.
 309:Drivers/STM32F1xx_HAL_Driver/Inc/stm32f1xx_ll_gpio.h ****   * @note   I/O mode can be Analog, Floating input, Input with pull-up/pull-down, General purpose O
 310:Drivers/STM32F1xx_HAL_Driver/Inc/stm32f1xx_ll_gpio.h ****   *         Alternate function Output.
 311:Drivers/STM32F1xx_HAL_Driver/Inc/stm32f1xx_ll_gpio.h ****   * @note   Warning: only one pin can be passed as parameter.
 312:Drivers/STM32F1xx_HAL_Driver/Inc/stm32f1xx_ll_gpio.h ****   * @rmtoll CRL        CNFy         LL_GPIO_SetPinMode
 313:Drivers/STM32F1xx_HAL_Driver/Inc/stm32f1xx_ll_gpio.h ****   * @rmtoll CRL        MODEy        LL_GPIO_SetPinMode
 314:Drivers/STM32F1xx_HAL_Driver/Inc/stm32f1xx_ll_gpio.h ****   * @rmtoll CRH        CNFy         LL_GPIO_SetPinMode
 315:Drivers/STM32F1xx_HAL_Driver/Inc/stm32f1xx_ll_gpio.h ****   * @rmtoll CRH        MODEy        LL_GPIO_SetPinMode
 316:Drivers/STM32F1xx_HAL_Driver/Inc/stm32f1xx_ll_gpio.h ****   * @param  GPIOx GPIO Port
 317:Drivers/STM32F1xx_HAL_Driver/Inc/stm32f1xx_ll_gpio.h ****   * @param  Pin This parameter can be one of the following values:
 318:Drivers/STM32F1xx_HAL_Driver/Inc/stm32f1xx_ll_gpio.h ****   *         @arg @ref LL_GPIO_PIN_0
 319:Drivers/STM32F1xx_HAL_Driver/Inc/stm32f1xx_ll_gpio.h ****   *         @arg @ref LL_GPIO_PIN_1
 320:Drivers/STM32F1xx_HAL_Driver/Inc/stm32f1xx_ll_gpio.h ****   *         @arg @ref LL_GPIO_PIN_2
 321:Drivers/STM32F1xx_HAL_Driver/Inc/stm32f1xx_ll_gpio.h ****   *         @arg @ref LL_GPIO_PIN_3
 322:Drivers/STM32F1xx_HAL_Driver/Inc/stm32f1xx_ll_gpio.h ****   *         @arg @ref LL_GPIO_PIN_4
 323:Drivers/STM32F1xx_HAL_Driver/Inc/stm32f1xx_ll_gpio.h ****   *         @arg @ref LL_GPIO_PIN_5
 324:Drivers/STM32F1xx_HAL_Driver/Inc/stm32f1xx_ll_gpio.h ****   *         @arg @ref LL_GPIO_PIN_6
 325:Drivers/STM32F1xx_HAL_Driver/Inc/stm32f1xx_ll_gpio.h ****   *         @arg @ref LL_GPIO_PIN_7
 326:Drivers/STM32F1xx_HAL_Driver/Inc/stm32f1xx_ll_gpio.h ****   *         @arg @ref LL_GPIO_PIN_8
 327:Drivers/STM32F1xx_HAL_Driver/Inc/stm32f1xx_ll_gpio.h ****   *         @arg @ref LL_GPIO_PIN_9
ARM GAS  /var/folders/m1/3lv6xmzs0mlckxs4mx90nfb40000gn/T//ccSbLyvI.s 			page 10


 328:Drivers/STM32F1xx_HAL_Driver/Inc/stm32f1xx_ll_gpio.h ****   *         @arg @ref LL_GPIO_PIN_10
 329:Drivers/STM32F1xx_HAL_Driver/Inc/stm32f1xx_ll_gpio.h ****   *         @arg @ref LL_GPIO_PIN_11
 330:Drivers/STM32F1xx_HAL_Driver/Inc/stm32f1xx_ll_gpio.h ****   *         @arg @ref LL_GPIO_PIN_12
 331:Drivers/STM32F1xx_HAL_Driver/Inc/stm32f1xx_ll_gpio.h ****   *         @arg @ref LL_GPIO_PIN_13
 332:Drivers/STM32F1xx_HAL_Driver/Inc/stm32f1xx_ll_gpio.h ****   *         @arg @ref LL_GPIO_PIN_14
 333:Drivers/STM32F1xx_HAL_Driver/Inc/stm32f1xx_ll_gpio.h ****   *         @arg @ref LL_GPIO_PIN_15
 334:Drivers/STM32F1xx_HAL_Driver/Inc/stm32f1xx_ll_gpio.h ****   * @param  Mode This parameter can be one of the following values:
 335:Drivers/STM32F1xx_HAL_Driver/Inc/stm32f1xx_ll_gpio.h ****   *         @arg @ref LL_GPIO_MODE_ANALOG
 336:Drivers/STM32F1xx_HAL_Driver/Inc/stm32f1xx_ll_gpio.h ****   *         @arg @ref LL_GPIO_MODE_FLOATING
 337:Drivers/STM32F1xx_HAL_Driver/Inc/stm32f1xx_ll_gpio.h ****   *         @arg @ref LL_GPIO_MODE_INPUT
 338:Drivers/STM32F1xx_HAL_Driver/Inc/stm32f1xx_ll_gpio.h ****   *         @arg @ref LL_GPIO_MODE_OUTPUT
 339:Drivers/STM32F1xx_HAL_Driver/Inc/stm32f1xx_ll_gpio.h ****   *         @arg @ref LL_GPIO_MODE_ALTERNATE
 340:Drivers/STM32F1xx_HAL_Driver/Inc/stm32f1xx_ll_gpio.h ****   * @retval None
 341:Drivers/STM32F1xx_HAL_Driver/Inc/stm32f1xx_ll_gpio.h ****   */
 342:Drivers/STM32F1xx_HAL_Driver/Inc/stm32f1xx_ll_gpio.h **** __STATIC_INLINE void LL_GPIO_SetPinMode(GPIO_TypeDef *GPIOx, uint32_t Pin, uint32_t Mode)
 343:Drivers/STM32F1xx_HAL_Driver/Inc/stm32f1xx_ll_gpio.h **** {
 344:Drivers/STM32F1xx_HAL_Driver/Inc/stm32f1xx_ll_gpio.h ****   register uint32_t *pReg = (uint32_t *)((uint32_t)(&GPIOx->CRL) + (Pin >> 24));
 345:Drivers/STM32F1xx_HAL_Driver/Inc/stm32f1xx_ll_gpio.h ****   MODIFY_REG(*pReg, ((GPIO_CRL_CNF0 | GPIO_CRL_MODE0) << (POSITION_VAL(Pin) * 4U)), (Mode << (POSIT
 346:Drivers/STM32F1xx_HAL_Driver/Inc/stm32f1xx_ll_gpio.h **** }
 347:Drivers/STM32F1xx_HAL_Driver/Inc/stm32f1xx_ll_gpio.h **** 
 348:Drivers/STM32F1xx_HAL_Driver/Inc/stm32f1xx_ll_gpio.h **** /**
 349:Drivers/STM32F1xx_HAL_Driver/Inc/stm32f1xx_ll_gpio.h ****   * @brief  Return gpio mode for a dedicated pin on dedicated port.
 350:Drivers/STM32F1xx_HAL_Driver/Inc/stm32f1xx_ll_gpio.h ****   * @note   I/O mode can be Analog, Floating input, Input with pull-up/pull-down, General purpose O
 351:Drivers/STM32F1xx_HAL_Driver/Inc/stm32f1xx_ll_gpio.h ****   *         Alternate function Output.
 352:Drivers/STM32F1xx_HAL_Driver/Inc/stm32f1xx_ll_gpio.h ****   * @note   Warning: only one pin can be passed as parameter.
 353:Drivers/STM32F1xx_HAL_Driver/Inc/stm32f1xx_ll_gpio.h ****   * @rmtoll CRL        CNFy         LL_GPIO_GetPinMode
 354:Drivers/STM32F1xx_HAL_Driver/Inc/stm32f1xx_ll_gpio.h ****   * @rmtoll CRL        MODEy        LL_GPIO_GetPinMode
 355:Drivers/STM32F1xx_HAL_Driver/Inc/stm32f1xx_ll_gpio.h ****   * @rmtoll CRH        CNFy         LL_GPIO_GetPinMode
 356:Drivers/STM32F1xx_HAL_Driver/Inc/stm32f1xx_ll_gpio.h ****   * @rmtoll CRH        MODEy        LL_GPIO_GetPinMode
 357:Drivers/STM32F1xx_HAL_Driver/Inc/stm32f1xx_ll_gpio.h ****   * @param  GPIOx GPIO Port
 358:Drivers/STM32F1xx_HAL_Driver/Inc/stm32f1xx_ll_gpio.h ****   * @param  Pin This parameter can be one of the following values:
 359:Drivers/STM32F1xx_HAL_Driver/Inc/stm32f1xx_ll_gpio.h ****   *         @arg @ref LL_GPIO_PIN_0
 360:Drivers/STM32F1xx_HAL_Driver/Inc/stm32f1xx_ll_gpio.h ****   *         @arg @ref LL_GPIO_PIN_1
 361:Drivers/STM32F1xx_HAL_Driver/Inc/stm32f1xx_ll_gpio.h ****   *         @arg @ref LL_GPIO_PIN_2
 362:Drivers/STM32F1xx_HAL_Driver/Inc/stm32f1xx_ll_gpio.h ****   *         @arg @ref LL_GPIO_PIN_3
 363:Drivers/STM32F1xx_HAL_Driver/Inc/stm32f1xx_ll_gpio.h ****   *         @arg @ref LL_GPIO_PIN_4
 364:Drivers/STM32F1xx_HAL_Driver/Inc/stm32f1xx_ll_gpio.h ****   *         @arg @ref LL_GPIO_PIN_5
 365:Drivers/STM32F1xx_HAL_Driver/Inc/stm32f1xx_ll_gpio.h ****   *         @arg @ref LL_GPIO_PIN_6
 366:Drivers/STM32F1xx_HAL_Driver/Inc/stm32f1xx_ll_gpio.h ****   *         @arg @ref LL_GPIO_PIN_7
 367:Drivers/STM32F1xx_HAL_Driver/Inc/stm32f1xx_ll_gpio.h ****   *         @arg @ref LL_GPIO_PIN_8
 368:Drivers/STM32F1xx_HAL_Driver/Inc/stm32f1xx_ll_gpio.h ****   *         @arg @ref LL_GPIO_PIN_9
 369:Drivers/STM32F1xx_HAL_Driver/Inc/stm32f1xx_ll_gpio.h ****   *         @arg @ref LL_GPIO_PIN_10
 370:Drivers/STM32F1xx_HAL_Driver/Inc/stm32f1xx_ll_gpio.h ****   *         @arg @ref LL_GPIO_PIN_11
 371:Drivers/STM32F1xx_HAL_Driver/Inc/stm32f1xx_ll_gpio.h ****   *         @arg @ref LL_GPIO_PIN_12
 372:Drivers/STM32F1xx_HAL_Driver/Inc/stm32f1xx_ll_gpio.h ****   *         @arg @ref LL_GPIO_PIN_13
 373:Drivers/STM32F1xx_HAL_Driver/Inc/stm32f1xx_ll_gpio.h ****   *         @arg @ref LL_GPIO_PIN_14
 374:Drivers/STM32F1xx_HAL_Driver/Inc/stm32f1xx_ll_gpio.h ****   *         @arg @ref LL_GPIO_PIN_15
 375:Drivers/STM32F1xx_HAL_Driver/Inc/stm32f1xx_ll_gpio.h ****   * @retval Returned value can be one of the following values:
 376:Drivers/STM32F1xx_HAL_Driver/Inc/stm32f1xx_ll_gpio.h ****   *         @arg @ref LL_GPIO_MODE_ANALOG
 377:Drivers/STM32F1xx_HAL_Driver/Inc/stm32f1xx_ll_gpio.h ****   *         @arg @ref LL_GPIO_MODE_FLOATING
 378:Drivers/STM32F1xx_HAL_Driver/Inc/stm32f1xx_ll_gpio.h ****   *         @arg @ref LL_GPIO_MODE_INPUT
 379:Drivers/STM32F1xx_HAL_Driver/Inc/stm32f1xx_ll_gpio.h ****   *         @arg @ref LL_GPIO_MODE_OUTPUT
 380:Drivers/STM32F1xx_HAL_Driver/Inc/stm32f1xx_ll_gpio.h ****   *         @arg @ref LL_GPIO_MODE_ALTERNATE
 381:Drivers/STM32F1xx_HAL_Driver/Inc/stm32f1xx_ll_gpio.h ****   */
 382:Drivers/STM32F1xx_HAL_Driver/Inc/stm32f1xx_ll_gpio.h **** __STATIC_INLINE uint32_t LL_GPIO_GetPinMode(GPIO_TypeDef *GPIOx, uint32_t Pin)
 383:Drivers/STM32F1xx_HAL_Driver/Inc/stm32f1xx_ll_gpio.h **** {
 384:Drivers/STM32F1xx_HAL_Driver/Inc/stm32f1xx_ll_gpio.h ****   register uint32_t *pReg = (uint32_t *)((uint32_t)(&GPIOx->CRL) + (Pin >> 24));
ARM GAS  /var/folders/m1/3lv6xmzs0mlckxs4mx90nfb40000gn/T//ccSbLyvI.s 			page 11


 385:Drivers/STM32F1xx_HAL_Driver/Inc/stm32f1xx_ll_gpio.h ****   return (READ_BIT(*pReg, ((GPIO_CRL_CNF0 | GPIO_CRL_MODE0) << (POSITION_VAL(Pin) * 4U))) >> (POSIT
 386:Drivers/STM32F1xx_HAL_Driver/Inc/stm32f1xx_ll_gpio.h **** }
 387:Drivers/STM32F1xx_HAL_Driver/Inc/stm32f1xx_ll_gpio.h **** 
 388:Drivers/STM32F1xx_HAL_Driver/Inc/stm32f1xx_ll_gpio.h **** /**
 389:Drivers/STM32F1xx_HAL_Driver/Inc/stm32f1xx_ll_gpio.h ****   * @brief  Configure gpio speed for a dedicated pin on dedicated port.
 390:Drivers/STM32F1xx_HAL_Driver/Inc/stm32f1xx_ll_gpio.h ****   * @note   I/O speed can be Low, Medium or Fast speed.
 391:Drivers/STM32F1xx_HAL_Driver/Inc/stm32f1xx_ll_gpio.h ****   * @note   Warning: only one pin can be passed as parameter.
 392:Drivers/STM32F1xx_HAL_Driver/Inc/stm32f1xx_ll_gpio.h ****   * @note   Refer to datasheet for frequency specifications and the power
 393:Drivers/STM32F1xx_HAL_Driver/Inc/stm32f1xx_ll_gpio.h ****   *         supply and load conditions for each speed.
 394:Drivers/STM32F1xx_HAL_Driver/Inc/stm32f1xx_ll_gpio.h ****   * @rmtoll CRL      MODEy       LL_GPIO_SetPinSpeed
 395:Drivers/STM32F1xx_HAL_Driver/Inc/stm32f1xx_ll_gpio.h ****   * @rmtoll CRH      MODEy       LL_GPIO_SetPinSpeed
 396:Drivers/STM32F1xx_HAL_Driver/Inc/stm32f1xx_ll_gpio.h ****   * @param  GPIOx GPIO Port
 397:Drivers/STM32F1xx_HAL_Driver/Inc/stm32f1xx_ll_gpio.h ****   * @param  Pin This parameter can be one of the following values:
 398:Drivers/STM32F1xx_HAL_Driver/Inc/stm32f1xx_ll_gpio.h ****   *         @arg @ref LL_GPIO_PIN_0
 399:Drivers/STM32F1xx_HAL_Driver/Inc/stm32f1xx_ll_gpio.h ****   *         @arg @ref LL_GPIO_PIN_1
 400:Drivers/STM32F1xx_HAL_Driver/Inc/stm32f1xx_ll_gpio.h ****   *         @arg @ref LL_GPIO_PIN_2
 401:Drivers/STM32F1xx_HAL_Driver/Inc/stm32f1xx_ll_gpio.h ****   *         @arg @ref LL_GPIO_PIN_3
 402:Drivers/STM32F1xx_HAL_Driver/Inc/stm32f1xx_ll_gpio.h ****   *         @arg @ref LL_GPIO_PIN_4
 403:Drivers/STM32F1xx_HAL_Driver/Inc/stm32f1xx_ll_gpio.h ****   *         @arg @ref LL_GPIO_PIN_5
 404:Drivers/STM32F1xx_HAL_Driver/Inc/stm32f1xx_ll_gpio.h ****   *         @arg @ref LL_GPIO_PIN_6
 405:Drivers/STM32F1xx_HAL_Driver/Inc/stm32f1xx_ll_gpio.h ****   *         @arg @ref LL_GPIO_PIN_7
 406:Drivers/STM32F1xx_HAL_Driver/Inc/stm32f1xx_ll_gpio.h ****   *         @arg @ref LL_GPIO_PIN_8
 407:Drivers/STM32F1xx_HAL_Driver/Inc/stm32f1xx_ll_gpio.h ****   *         @arg @ref LL_GPIO_PIN_9
 408:Drivers/STM32F1xx_HAL_Driver/Inc/stm32f1xx_ll_gpio.h ****   *         @arg @ref LL_GPIO_PIN_10
 409:Drivers/STM32F1xx_HAL_Driver/Inc/stm32f1xx_ll_gpio.h ****   *         @arg @ref LL_GPIO_PIN_11
 410:Drivers/STM32F1xx_HAL_Driver/Inc/stm32f1xx_ll_gpio.h ****   *         @arg @ref LL_GPIO_PIN_12
 411:Drivers/STM32F1xx_HAL_Driver/Inc/stm32f1xx_ll_gpio.h ****   *         @arg @ref LL_GPIO_PIN_13
 412:Drivers/STM32F1xx_HAL_Driver/Inc/stm32f1xx_ll_gpio.h ****   *         @arg @ref LL_GPIO_PIN_14
 413:Drivers/STM32F1xx_HAL_Driver/Inc/stm32f1xx_ll_gpio.h ****   *         @arg @ref LL_GPIO_PIN_15
 414:Drivers/STM32F1xx_HAL_Driver/Inc/stm32f1xx_ll_gpio.h ****   * @param  Speed This parameter can be one of the following values:
 415:Drivers/STM32F1xx_HAL_Driver/Inc/stm32f1xx_ll_gpio.h ****   *         @arg @ref LL_GPIO_SPEED_FREQ_LOW
 416:Drivers/STM32F1xx_HAL_Driver/Inc/stm32f1xx_ll_gpio.h ****   *         @arg @ref LL_GPIO_SPEED_FREQ_MEDIUM
 417:Drivers/STM32F1xx_HAL_Driver/Inc/stm32f1xx_ll_gpio.h ****   *         @arg @ref LL_GPIO_SPEED_FREQ_HIGH
 418:Drivers/STM32F1xx_HAL_Driver/Inc/stm32f1xx_ll_gpio.h ****   * @retval None
 419:Drivers/STM32F1xx_HAL_Driver/Inc/stm32f1xx_ll_gpio.h ****   */
 420:Drivers/STM32F1xx_HAL_Driver/Inc/stm32f1xx_ll_gpio.h **** __STATIC_INLINE void LL_GPIO_SetPinSpeed(GPIO_TypeDef *GPIOx, uint32_t Pin, uint32_t  Speed)
 421:Drivers/STM32F1xx_HAL_Driver/Inc/stm32f1xx_ll_gpio.h **** {
 422:Drivers/STM32F1xx_HAL_Driver/Inc/stm32f1xx_ll_gpio.h ****   register uint32_t *pReg = (uint32_t *)((uint32_t)(&GPIOx->CRL) + (Pin >> 24));
 423:Drivers/STM32F1xx_HAL_Driver/Inc/stm32f1xx_ll_gpio.h ****   MODIFY_REG(*pReg, (GPIO_CRL_MODE0 << (POSITION_VAL(Pin) * 4U)),
 424:Drivers/STM32F1xx_HAL_Driver/Inc/stm32f1xx_ll_gpio.h ****              (Speed << (POSITION_VAL(Pin) * 4U)));
 425:Drivers/STM32F1xx_HAL_Driver/Inc/stm32f1xx_ll_gpio.h **** }
 426:Drivers/STM32F1xx_HAL_Driver/Inc/stm32f1xx_ll_gpio.h **** 
 427:Drivers/STM32F1xx_HAL_Driver/Inc/stm32f1xx_ll_gpio.h **** /**
 428:Drivers/STM32F1xx_HAL_Driver/Inc/stm32f1xx_ll_gpio.h ****   * @brief  Return gpio speed for a dedicated pin on dedicated port.
 429:Drivers/STM32F1xx_HAL_Driver/Inc/stm32f1xx_ll_gpio.h ****   * @note   I/O speed can be Low, Medium, Fast or High speed.
 430:Drivers/STM32F1xx_HAL_Driver/Inc/stm32f1xx_ll_gpio.h ****   * @note   Warning: only one pin can be passed as parameter.
 431:Drivers/STM32F1xx_HAL_Driver/Inc/stm32f1xx_ll_gpio.h ****   * @note   Refer to datasheet for frequency specifications and the power
 432:Drivers/STM32F1xx_HAL_Driver/Inc/stm32f1xx_ll_gpio.h ****   *         supply and load conditions for each speed.
 433:Drivers/STM32F1xx_HAL_Driver/Inc/stm32f1xx_ll_gpio.h ****   * @rmtoll CRL      MODEy       LL_GPIO_GetPinSpeed
 434:Drivers/STM32F1xx_HAL_Driver/Inc/stm32f1xx_ll_gpio.h ****   * @rmtoll CRH      MODEy       LL_GPIO_GetPinSpeed
 435:Drivers/STM32F1xx_HAL_Driver/Inc/stm32f1xx_ll_gpio.h ****   * @param  GPIOx GPIO Port
 436:Drivers/STM32F1xx_HAL_Driver/Inc/stm32f1xx_ll_gpio.h ****   * @param  Pin This parameter can be one of the following values:
 437:Drivers/STM32F1xx_HAL_Driver/Inc/stm32f1xx_ll_gpio.h ****   *         @arg @ref LL_GPIO_PIN_0
 438:Drivers/STM32F1xx_HAL_Driver/Inc/stm32f1xx_ll_gpio.h ****   *         @arg @ref LL_GPIO_PIN_1
 439:Drivers/STM32F1xx_HAL_Driver/Inc/stm32f1xx_ll_gpio.h ****   *         @arg @ref LL_GPIO_PIN_2
 440:Drivers/STM32F1xx_HAL_Driver/Inc/stm32f1xx_ll_gpio.h ****   *         @arg @ref LL_GPIO_PIN_3
 441:Drivers/STM32F1xx_HAL_Driver/Inc/stm32f1xx_ll_gpio.h ****   *         @arg @ref LL_GPIO_PIN_4
ARM GAS  /var/folders/m1/3lv6xmzs0mlckxs4mx90nfb40000gn/T//ccSbLyvI.s 			page 12


 442:Drivers/STM32F1xx_HAL_Driver/Inc/stm32f1xx_ll_gpio.h ****   *         @arg @ref LL_GPIO_PIN_5
 443:Drivers/STM32F1xx_HAL_Driver/Inc/stm32f1xx_ll_gpio.h ****   *         @arg @ref LL_GPIO_PIN_6
 444:Drivers/STM32F1xx_HAL_Driver/Inc/stm32f1xx_ll_gpio.h ****   *         @arg @ref LL_GPIO_PIN_7
 445:Drivers/STM32F1xx_HAL_Driver/Inc/stm32f1xx_ll_gpio.h ****   *         @arg @ref LL_GPIO_PIN_8
 446:Drivers/STM32F1xx_HAL_Driver/Inc/stm32f1xx_ll_gpio.h ****   *         @arg @ref LL_GPIO_PIN_9
 447:Drivers/STM32F1xx_HAL_Driver/Inc/stm32f1xx_ll_gpio.h ****   *         @arg @ref LL_GPIO_PIN_10
 448:Drivers/STM32F1xx_HAL_Driver/Inc/stm32f1xx_ll_gpio.h ****   *         @arg @ref LL_GPIO_PIN_11
 449:Drivers/STM32F1xx_HAL_Driver/Inc/stm32f1xx_ll_gpio.h ****   *         @arg @ref LL_GPIO_PIN_12
 450:Drivers/STM32F1xx_HAL_Driver/Inc/stm32f1xx_ll_gpio.h ****   *         @arg @ref LL_GPIO_PIN_13
 451:Drivers/STM32F1xx_HAL_Driver/Inc/stm32f1xx_ll_gpio.h ****   *         @arg @ref LL_GPIO_PIN_14
 452:Drivers/STM32F1xx_HAL_Driver/Inc/stm32f1xx_ll_gpio.h ****   *         @arg @ref LL_GPIO_PIN_15
 453:Drivers/STM32F1xx_HAL_Driver/Inc/stm32f1xx_ll_gpio.h ****   * @retval Returned value can be one of the following values:
 454:Drivers/STM32F1xx_HAL_Driver/Inc/stm32f1xx_ll_gpio.h ****   *         @arg @ref LL_GPIO_SPEED_FREQ_LOW
 455:Drivers/STM32F1xx_HAL_Driver/Inc/stm32f1xx_ll_gpio.h ****   *         @arg @ref LL_GPIO_SPEED_FREQ_MEDIUM
 456:Drivers/STM32F1xx_HAL_Driver/Inc/stm32f1xx_ll_gpio.h ****   *         @arg @ref LL_GPIO_SPEED_FREQ_HIGH
 457:Drivers/STM32F1xx_HAL_Driver/Inc/stm32f1xx_ll_gpio.h ****   */
 458:Drivers/STM32F1xx_HAL_Driver/Inc/stm32f1xx_ll_gpio.h **** __STATIC_INLINE uint32_t LL_GPIO_GetPinSpeed(GPIO_TypeDef *GPIOx, uint32_t Pin)
 459:Drivers/STM32F1xx_HAL_Driver/Inc/stm32f1xx_ll_gpio.h **** {
 460:Drivers/STM32F1xx_HAL_Driver/Inc/stm32f1xx_ll_gpio.h ****   register uint32_t *pReg = (uint32_t *)((uint32_t)(&GPIOx->CRL) + (Pin >> 24));
 461:Drivers/STM32F1xx_HAL_Driver/Inc/stm32f1xx_ll_gpio.h ****   return (READ_BIT(*pReg, (GPIO_CRL_MODE0 << (POSITION_VAL(Pin) * 4U))) >> (POSITION_VAL(Pin) * 4U)
 462:Drivers/STM32F1xx_HAL_Driver/Inc/stm32f1xx_ll_gpio.h **** }
 463:Drivers/STM32F1xx_HAL_Driver/Inc/stm32f1xx_ll_gpio.h **** 
 464:Drivers/STM32F1xx_HAL_Driver/Inc/stm32f1xx_ll_gpio.h **** /**
 465:Drivers/STM32F1xx_HAL_Driver/Inc/stm32f1xx_ll_gpio.h ****   * @brief  Configure gpio output type for several pins on dedicated port.
 466:Drivers/STM32F1xx_HAL_Driver/Inc/stm32f1xx_ll_gpio.h ****   * @note   Output type as to be set when gpio pin is in output or
 467:Drivers/STM32F1xx_HAL_Driver/Inc/stm32f1xx_ll_gpio.h ****   *         alternate modes. Possible type are Push-pull or Open-drain.
 468:Drivers/STM32F1xx_HAL_Driver/Inc/stm32f1xx_ll_gpio.h ****   * @rmtoll CRL       MODEy           LL_GPIO_SetPinOutputType
 469:Drivers/STM32F1xx_HAL_Driver/Inc/stm32f1xx_ll_gpio.h ****   * @rmtoll CRH       MODEy           LL_GPIO_SetPinOutputType
 470:Drivers/STM32F1xx_HAL_Driver/Inc/stm32f1xx_ll_gpio.h ****   * @param  GPIOx GPIO Port
 471:Drivers/STM32F1xx_HAL_Driver/Inc/stm32f1xx_ll_gpio.h ****   * @param  Pin This parameter can be a combination of the following values:
 472:Drivers/STM32F1xx_HAL_Driver/Inc/stm32f1xx_ll_gpio.h ****   *         @arg @ref LL_GPIO_PIN_0
 473:Drivers/STM32F1xx_HAL_Driver/Inc/stm32f1xx_ll_gpio.h ****   *         @arg @ref LL_GPIO_PIN_1
 474:Drivers/STM32F1xx_HAL_Driver/Inc/stm32f1xx_ll_gpio.h ****   *         @arg @ref LL_GPIO_PIN_2
 475:Drivers/STM32F1xx_HAL_Driver/Inc/stm32f1xx_ll_gpio.h ****   *         @arg @ref LL_GPIO_PIN_3
 476:Drivers/STM32F1xx_HAL_Driver/Inc/stm32f1xx_ll_gpio.h ****   *         @arg @ref LL_GPIO_PIN_4
 477:Drivers/STM32F1xx_HAL_Driver/Inc/stm32f1xx_ll_gpio.h ****   *         @arg @ref LL_GPIO_PIN_5
 478:Drivers/STM32F1xx_HAL_Driver/Inc/stm32f1xx_ll_gpio.h ****   *         @arg @ref LL_GPIO_PIN_6
 479:Drivers/STM32F1xx_HAL_Driver/Inc/stm32f1xx_ll_gpio.h ****   *         @arg @ref LL_GPIO_PIN_7
 480:Drivers/STM32F1xx_HAL_Driver/Inc/stm32f1xx_ll_gpio.h ****   *         @arg @ref LL_GPIO_PIN_8
 481:Drivers/STM32F1xx_HAL_Driver/Inc/stm32f1xx_ll_gpio.h ****   *         @arg @ref LL_GPIO_PIN_9
 482:Drivers/STM32F1xx_HAL_Driver/Inc/stm32f1xx_ll_gpio.h ****   *         @arg @ref LL_GPIO_PIN_10
 483:Drivers/STM32F1xx_HAL_Driver/Inc/stm32f1xx_ll_gpio.h ****   *         @arg @ref LL_GPIO_PIN_11
 484:Drivers/STM32F1xx_HAL_Driver/Inc/stm32f1xx_ll_gpio.h ****   *         @arg @ref LL_GPIO_PIN_12
 485:Drivers/STM32F1xx_HAL_Driver/Inc/stm32f1xx_ll_gpio.h ****   *         @arg @ref LL_GPIO_PIN_13
 486:Drivers/STM32F1xx_HAL_Driver/Inc/stm32f1xx_ll_gpio.h ****   *         @arg @ref LL_GPIO_PIN_14
 487:Drivers/STM32F1xx_HAL_Driver/Inc/stm32f1xx_ll_gpio.h ****   *         @arg @ref LL_GPIO_PIN_15
 488:Drivers/STM32F1xx_HAL_Driver/Inc/stm32f1xx_ll_gpio.h ****   *         @arg @ref LL_GPIO_PIN_ALL
 489:Drivers/STM32F1xx_HAL_Driver/Inc/stm32f1xx_ll_gpio.h ****   * @param  OutputType This parameter can be one of the following values:
 490:Drivers/STM32F1xx_HAL_Driver/Inc/stm32f1xx_ll_gpio.h ****   *         @arg @ref LL_GPIO_OUTPUT_PUSHPULL
 491:Drivers/STM32F1xx_HAL_Driver/Inc/stm32f1xx_ll_gpio.h ****   *         @arg @ref LL_GPIO_OUTPUT_OPENDRAIN
 492:Drivers/STM32F1xx_HAL_Driver/Inc/stm32f1xx_ll_gpio.h ****   * @retval None
 493:Drivers/STM32F1xx_HAL_Driver/Inc/stm32f1xx_ll_gpio.h ****   */
 494:Drivers/STM32F1xx_HAL_Driver/Inc/stm32f1xx_ll_gpio.h **** __STATIC_INLINE void LL_GPIO_SetPinOutputType(GPIO_TypeDef *GPIOx, uint32_t Pin, uint32_t OutputTyp
 495:Drivers/STM32F1xx_HAL_Driver/Inc/stm32f1xx_ll_gpio.h **** {
 496:Drivers/STM32F1xx_HAL_Driver/Inc/stm32f1xx_ll_gpio.h ****   register uint32_t *pReg = (uint32_t *)((uint32_t)(&GPIOx->CRL) + (Pin >> 24));
 497:Drivers/STM32F1xx_HAL_Driver/Inc/stm32f1xx_ll_gpio.h ****   MODIFY_REG(*pReg, (GPIO_CRL_CNF0_0 << (POSITION_VAL(Pin) * 4U)),
 498:Drivers/STM32F1xx_HAL_Driver/Inc/stm32f1xx_ll_gpio.h ****              (OutputType << (POSITION_VAL(Pin) * 4U)));
ARM GAS  /var/folders/m1/3lv6xmzs0mlckxs4mx90nfb40000gn/T//ccSbLyvI.s 			page 13


 499:Drivers/STM32F1xx_HAL_Driver/Inc/stm32f1xx_ll_gpio.h **** }
 500:Drivers/STM32F1xx_HAL_Driver/Inc/stm32f1xx_ll_gpio.h **** 
 501:Drivers/STM32F1xx_HAL_Driver/Inc/stm32f1xx_ll_gpio.h **** /**
 502:Drivers/STM32F1xx_HAL_Driver/Inc/stm32f1xx_ll_gpio.h ****   * @brief  Return gpio output type for several pins on dedicated port.
 503:Drivers/STM32F1xx_HAL_Driver/Inc/stm32f1xx_ll_gpio.h ****   * @note   Output type as to be set when gpio pin is in output or
 504:Drivers/STM32F1xx_HAL_Driver/Inc/stm32f1xx_ll_gpio.h ****   *         alternate modes. Possible type are Push-pull or Open-drain.
 505:Drivers/STM32F1xx_HAL_Driver/Inc/stm32f1xx_ll_gpio.h ****   * @note   Warning: only one pin can be passed as parameter.
 506:Drivers/STM32F1xx_HAL_Driver/Inc/stm32f1xx_ll_gpio.h ****   * @rmtoll CRL       MODEy       LL_GPIO_GetPinOutputType
 507:Drivers/STM32F1xx_HAL_Driver/Inc/stm32f1xx_ll_gpio.h ****   * @rmtoll CRH       MODEy       LL_GPIO_GetPinOutputType
 508:Drivers/STM32F1xx_HAL_Driver/Inc/stm32f1xx_ll_gpio.h ****   * @param  GPIOx GPIO Port
 509:Drivers/STM32F1xx_HAL_Driver/Inc/stm32f1xx_ll_gpio.h ****   * @param  Pin This parameter can be one of the following values:
 510:Drivers/STM32F1xx_HAL_Driver/Inc/stm32f1xx_ll_gpio.h ****   *         @arg @ref LL_GPIO_PIN_0
 511:Drivers/STM32F1xx_HAL_Driver/Inc/stm32f1xx_ll_gpio.h ****   *         @arg @ref LL_GPIO_PIN_1
 512:Drivers/STM32F1xx_HAL_Driver/Inc/stm32f1xx_ll_gpio.h ****   *         @arg @ref LL_GPIO_PIN_2
 513:Drivers/STM32F1xx_HAL_Driver/Inc/stm32f1xx_ll_gpio.h ****   *         @arg @ref LL_GPIO_PIN_3
 514:Drivers/STM32F1xx_HAL_Driver/Inc/stm32f1xx_ll_gpio.h ****   *         @arg @ref LL_GPIO_PIN_4
 515:Drivers/STM32F1xx_HAL_Driver/Inc/stm32f1xx_ll_gpio.h ****   *         @arg @ref LL_GPIO_PIN_5
 516:Drivers/STM32F1xx_HAL_Driver/Inc/stm32f1xx_ll_gpio.h ****   *         @arg @ref LL_GPIO_PIN_6
 517:Drivers/STM32F1xx_HAL_Driver/Inc/stm32f1xx_ll_gpio.h ****   *         @arg @ref LL_GPIO_PIN_7
 518:Drivers/STM32F1xx_HAL_Driver/Inc/stm32f1xx_ll_gpio.h ****   *         @arg @ref LL_GPIO_PIN_8
 519:Drivers/STM32F1xx_HAL_Driver/Inc/stm32f1xx_ll_gpio.h ****   *         @arg @ref LL_GPIO_PIN_9
 520:Drivers/STM32F1xx_HAL_Driver/Inc/stm32f1xx_ll_gpio.h ****   *         @arg @ref LL_GPIO_PIN_10
 521:Drivers/STM32F1xx_HAL_Driver/Inc/stm32f1xx_ll_gpio.h ****   *         @arg @ref LL_GPIO_PIN_11
 522:Drivers/STM32F1xx_HAL_Driver/Inc/stm32f1xx_ll_gpio.h ****   *         @arg @ref LL_GPIO_PIN_12
 523:Drivers/STM32F1xx_HAL_Driver/Inc/stm32f1xx_ll_gpio.h ****   *         @arg @ref LL_GPIO_PIN_13
 524:Drivers/STM32F1xx_HAL_Driver/Inc/stm32f1xx_ll_gpio.h ****   *         @arg @ref LL_GPIO_PIN_14
 525:Drivers/STM32F1xx_HAL_Driver/Inc/stm32f1xx_ll_gpio.h ****   *         @arg @ref LL_GPIO_PIN_15
 526:Drivers/STM32F1xx_HAL_Driver/Inc/stm32f1xx_ll_gpio.h ****   *         @arg @ref LL_GPIO_PIN_ALL
 527:Drivers/STM32F1xx_HAL_Driver/Inc/stm32f1xx_ll_gpio.h ****   * @retval Returned value can be one of the following values:
 528:Drivers/STM32F1xx_HAL_Driver/Inc/stm32f1xx_ll_gpio.h ****   *         @arg @ref LL_GPIO_OUTPUT_PUSHPULL
 529:Drivers/STM32F1xx_HAL_Driver/Inc/stm32f1xx_ll_gpio.h ****   *         @arg @ref LL_GPIO_OUTPUT_OPENDRAIN
 530:Drivers/STM32F1xx_HAL_Driver/Inc/stm32f1xx_ll_gpio.h ****   */
 531:Drivers/STM32F1xx_HAL_Driver/Inc/stm32f1xx_ll_gpio.h **** __STATIC_INLINE uint32_t LL_GPIO_GetPinOutputType(GPIO_TypeDef *GPIOx, uint32_t Pin)
 532:Drivers/STM32F1xx_HAL_Driver/Inc/stm32f1xx_ll_gpio.h **** {
 533:Drivers/STM32F1xx_HAL_Driver/Inc/stm32f1xx_ll_gpio.h ****   register uint32_t *pReg = (uint32_t *)((uint32_t)(&GPIOx->CRL) + (Pin >> 24));
 534:Drivers/STM32F1xx_HAL_Driver/Inc/stm32f1xx_ll_gpio.h ****   return (READ_BIT(*pReg, (GPIO_CRL_CNF0_0 << (POSITION_VAL(Pin) * 4U))) >> (POSITION_VAL(Pin) * 4U
 535:Drivers/STM32F1xx_HAL_Driver/Inc/stm32f1xx_ll_gpio.h **** 
 536:Drivers/STM32F1xx_HAL_Driver/Inc/stm32f1xx_ll_gpio.h **** }
 537:Drivers/STM32F1xx_HAL_Driver/Inc/stm32f1xx_ll_gpio.h **** 
 538:Drivers/STM32F1xx_HAL_Driver/Inc/stm32f1xx_ll_gpio.h **** /**
 539:Drivers/STM32F1xx_HAL_Driver/Inc/stm32f1xx_ll_gpio.h ****   * @brief  Configure gpio pull-up or pull-down for a dedicated pin on a dedicated port.
 540:Drivers/STM32F1xx_HAL_Driver/Inc/stm32f1xx_ll_gpio.h ****   * @note   Warning: only one pin can be passed as parameter.
 541:Drivers/STM32F1xx_HAL_Driver/Inc/stm32f1xx_ll_gpio.h ****   * @rmtoll ODR        ODR         LL_GPIO_SetPinPull
 542:Drivers/STM32F1xx_HAL_Driver/Inc/stm32f1xx_ll_gpio.h ****   * @param  GPIOx GPIO Port
 543:Drivers/STM32F1xx_HAL_Driver/Inc/stm32f1xx_ll_gpio.h ****   * @param  Pin This parameter can be one of the following values:
 544:Drivers/STM32F1xx_HAL_Driver/Inc/stm32f1xx_ll_gpio.h ****   *         @arg @ref LL_GPIO_PIN_0
 545:Drivers/STM32F1xx_HAL_Driver/Inc/stm32f1xx_ll_gpio.h ****   *         @arg @ref LL_GPIO_PIN_1
 546:Drivers/STM32F1xx_HAL_Driver/Inc/stm32f1xx_ll_gpio.h ****   *         @arg @ref LL_GPIO_PIN_2
 547:Drivers/STM32F1xx_HAL_Driver/Inc/stm32f1xx_ll_gpio.h ****   *         @arg @ref LL_GPIO_PIN_3
 548:Drivers/STM32F1xx_HAL_Driver/Inc/stm32f1xx_ll_gpio.h ****   *         @arg @ref LL_GPIO_PIN_4
 549:Drivers/STM32F1xx_HAL_Driver/Inc/stm32f1xx_ll_gpio.h ****   *         @arg @ref LL_GPIO_PIN_5
 550:Drivers/STM32F1xx_HAL_Driver/Inc/stm32f1xx_ll_gpio.h ****   *         @arg @ref LL_GPIO_PIN_6
 551:Drivers/STM32F1xx_HAL_Driver/Inc/stm32f1xx_ll_gpio.h ****   *         @arg @ref LL_GPIO_PIN_7
 552:Drivers/STM32F1xx_HAL_Driver/Inc/stm32f1xx_ll_gpio.h ****   *         @arg @ref LL_GPIO_PIN_8
 553:Drivers/STM32F1xx_HAL_Driver/Inc/stm32f1xx_ll_gpio.h ****   *         @arg @ref LL_GPIO_PIN_9
 554:Drivers/STM32F1xx_HAL_Driver/Inc/stm32f1xx_ll_gpio.h ****   *         @arg @ref LL_GPIO_PIN_10
 555:Drivers/STM32F1xx_HAL_Driver/Inc/stm32f1xx_ll_gpio.h ****   *         @arg @ref LL_GPIO_PIN_11
ARM GAS  /var/folders/m1/3lv6xmzs0mlckxs4mx90nfb40000gn/T//ccSbLyvI.s 			page 14


 556:Drivers/STM32F1xx_HAL_Driver/Inc/stm32f1xx_ll_gpio.h ****   *         @arg @ref LL_GPIO_PIN_12
 557:Drivers/STM32F1xx_HAL_Driver/Inc/stm32f1xx_ll_gpio.h ****   *         @arg @ref LL_GPIO_PIN_13
 558:Drivers/STM32F1xx_HAL_Driver/Inc/stm32f1xx_ll_gpio.h ****   *         @arg @ref LL_GPIO_PIN_14
 559:Drivers/STM32F1xx_HAL_Driver/Inc/stm32f1xx_ll_gpio.h ****   *         @arg @ref LL_GPIO_PIN_15
 560:Drivers/STM32F1xx_HAL_Driver/Inc/stm32f1xx_ll_gpio.h ****   * @param  Pull This parameter can be one of the following values:
 561:Drivers/STM32F1xx_HAL_Driver/Inc/stm32f1xx_ll_gpio.h ****   *         @arg @ref LL_GPIO_PULL_DOWN
 562:Drivers/STM32F1xx_HAL_Driver/Inc/stm32f1xx_ll_gpio.h ****   *         @arg @ref LL_GPIO_PULL_UP
 563:Drivers/STM32F1xx_HAL_Driver/Inc/stm32f1xx_ll_gpio.h ****   * @retval None
 564:Drivers/STM32F1xx_HAL_Driver/Inc/stm32f1xx_ll_gpio.h ****   */
 565:Drivers/STM32F1xx_HAL_Driver/Inc/stm32f1xx_ll_gpio.h **** __STATIC_INLINE void LL_GPIO_SetPinPull(GPIO_TypeDef *GPIOx, uint32_t Pin, uint32_t Pull)
 566:Drivers/STM32F1xx_HAL_Driver/Inc/stm32f1xx_ll_gpio.h **** {
 567:Drivers/STM32F1xx_HAL_Driver/Inc/stm32f1xx_ll_gpio.h ****   MODIFY_REG(GPIOx->ODR, (Pin >> GPIO_PIN_MASK_POS), Pull << (POSITION_VAL(Pin >> GPIO_PIN_MASK_POS
 568:Drivers/STM32F1xx_HAL_Driver/Inc/stm32f1xx_ll_gpio.h **** }
 569:Drivers/STM32F1xx_HAL_Driver/Inc/stm32f1xx_ll_gpio.h **** 
 570:Drivers/STM32F1xx_HAL_Driver/Inc/stm32f1xx_ll_gpio.h **** /**
 571:Drivers/STM32F1xx_HAL_Driver/Inc/stm32f1xx_ll_gpio.h ****   * @brief  Return gpio pull-up or pull-down for a dedicated pin on a dedicated port
 572:Drivers/STM32F1xx_HAL_Driver/Inc/stm32f1xx_ll_gpio.h ****   * @note   Warning: only one pin can be passed as parameter.
 573:Drivers/STM32F1xx_HAL_Driver/Inc/stm32f1xx_ll_gpio.h ****   * @rmtoll ODR        ODR         LL_GPIO_GetPinPull
 574:Drivers/STM32F1xx_HAL_Driver/Inc/stm32f1xx_ll_gpio.h ****   * @param  GPIOx GPIO Port
 575:Drivers/STM32F1xx_HAL_Driver/Inc/stm32f1xx_ll_gpio.h ****   * @param  Pin This parameter can be one of the following values:
 576:Drivers/STM32F1xx_HAL_Driver/Inc/stm32f1xx_ll_gpio.h ****   *         @arg @ref LL_GPIO_PIN_0
 577:Drivers/STM32F1xx_HAL_Driver/Inc/stm32f1xx_ll_gpio.h ****   *         @arg @ref LL_GPIO_PIN_1
 578:Drivers/STM32F1xx_HAL_Driver/Inc/stm32f1xx_ll_gpio.h ****   *         @arg @ref LL_GPIO_PIN_2
 579:Drivers/STM32F1xx_HAL_Driver/Inc/stm32f1xx_ll_gpio.h ****   *         @arg @ref LL_GPIO_PIN_3
 580:Drivers/STM32F1xx_HAL_Driver/Inc/stm32f1xx_ll_gpio.h ****   *         @arg @ref LL_GPIO_PIN_4
 581:Drivers/STM32F1xx_HAL_Driver/Inc/stm32f1xx_ll_gpio.h ****   *         @arg @ref LL_GPIO_PIN_5
 582:Drivers/STM32F1xx_HAL_Driver/Inc/stm32f1xx_ll_gpio.h ****   *         @arg @ref LL_GPIO_PIN_6
 583:Drivers/STM32F1xx_HAL_Driver/Inc/stm32f1xx_ll_gpio.h ****   *         @arg @ref LL_GPIO_PIN_7
 584:Drivers/STM32F1xx_HAL_Driver/Inc/stm32f1xx_ll_gpio.h ****   *         @arg @ref LL_GPIO_PIN_8
 585:Drivers/STM32F1xx_HAL_Driver/Inc/stm32f1xx_ll_gpio.h ****   *         @arg @ref LL_GPIO_PIN_9
 586:Drivers/STM32F1xx_HAL_Driver/Inc/stm32f1xx_ll_gpio.h ****   *         @arg @ref LL_GPIO_PIN_10
 587:Drivers/STM32F1xx_HAL_Driver/Inc/stm32f1xx_ll_gpio.h ****   *         @arg @ref LL_GPIO_PIN_11
 588:Drivers/STM32F1xx_HAL_Driver/Inc/stm32f1xx_ll_gpio.h ****   *         @arg @ref LL_GPIO_PIN_12
 589:Drivers/STM32F1xx_HAL_Driver/Inc/stm32f1xx_ll_gpio.h ****   *         @arg @ref LL_GPIO_PIN_13
 590:Drivers/STM32F1xx_HAL_Driver/Inc/stm32f1xx_ll_gpio.h ****   *         @arg @ref LL_GPIO_PIN_14
 591:Drivers/STM32F1xx_HAL_Driver/Inc/stm32f1xx_ll_gpio.h ****   *         @arg @ref LL_GPIO_PIN_15
 592:Drivers/STM32F1xx_HAL_Driver/Inc/stm32f1xx_ll_gpio.h ****   * @retval Returned value can be one of the following values:
 593:Drivers/STM32F1xx_HAL_Driver/Inc/stm32f1xx_ll_gpio.h ****   *         @arg @ref LL_GPIO_PULL_DOWN
 594:Drivers/STM32F1xx_HAL_Driver/Inc/stm32f1xx_ll_gpio.h ****   *         @arg @ref LL_GPIO_PULL_UP
 595:Drivers/STM32F1xx_HAL_Driver/Inc/stm32f1xx_ll_gpio.h ****   */
 596:Drivers/STM32F1xx_HAL_Driver/Inc/stm32f1xx_ll_gpio.h **** __STATIC_INLINE uint32_t LL_GPIO_GetPinPull(GPIO_TypeDef *GPIOx, uint32_t Pin)
 597:Drivers/STM32F1xx_HAL_Driver/Inc/stm32f1xx_ll_gpio.h **** {
 598:Drivers/STM32F1xx_HAL_Driver/Inc/stm32f1xx_ll_gpio.h ****   return (READ_BIT(GPIOx->ODR, (GPIO_ODR_ODR0 << (POSITION_VAL(Pin >> GPIO_PIN_MASK_POS)))) >> (POS
 599:Drivers/STM32F1xx_HAL_Driver/Inc/stm32f1xx_ll_gpio.h **** }
 600:Drivers/STM32F1xx_HAL_Driver/Inc/stm32f1xx_ll_gpio.h **** 
 601:Drivers/STM32F1xx_HAL_Driver/Inc/stm32f1xx_ll_gpio.h **** /**
 602:Drivers/STM32F1xx_HAL_Driver/Inc/stm32f1xx_ll_gpio.h ****   * @brief  Lock configuration of several pins for a dedicated port.
 603:Drivers/STM32F1xx_HAL_Driver/Inc/stm32f1xx_ll_gpio.h ****   * @note   When the lock sequence has been applied on a port bit, the
 604:Drivers/STM32F1xx_HAL_Driver/Inc/stm32f1xx_ll_gpio.h ****   *         value of this port bit can no longer be modified until the
 605:Drivers/STM32F1xx_HAL_Driver/Inc/stm32f1xx_ll_gpio.h ****   *         next reset.
 606:Drivers/STM32F1xx_HAL_Driver/Inc/stm32f1xx_ll_gpio.h ****   * @note   Each lock bit freezes a specific configuration register
 607:Drivers/STM32F1xx_HAL_Driver/Inc/stm32f1xx_ll_gpio.h ****   *         (control and alternate function registers).
 608:Drivers/STM32F1xx_HAL_Driver/Inc/stm32f1xx_ll_gpio.h ****   * @rmtoll LCKR         LCKK          LL_GPIO_LockPin
 609:Drivers/STM32F1xx_HAL_Driver/Inc/stm32f1xx_ll_gpio.h ****   * @param  GPIOx GPIO Port
 610:Drivers/STM32F1xx_HAL_Driver/Inc/stm32f1xx_ll_gpio.h ****   * @param  PinMask This parameter can be a combination of the following values:
 611:Drivers/STM32F1xx_HAL_Driver/Inc/stm32f1xx_ll_gpio.h ****   *         @arg @ref LL_GPIO_PIN_0
 612:Drivers/STM32F1xx_HAL_Driver/Inc/stm32f1xx_ll_gpio.h ****   *         @arg @ref LL_GPIO_PIN_1
ARM GAS  /var/folders/m1/3lv6xmzs0mlckxs4mx90nfb40000gn/T//ccSbLyvI.s 			page 15


 613:Drivers/STM32F1xx_HAL_Driver/Inc/stm32f1xx_ll_gpio.h ****   *         @arg @ref LL_GPIO_PIN_2
 614:Drivers/STM32F1xx_HAL_Driver/Inc/stm32f1xx_ll_gpio.h ****   *         @arg @ref LL_GPIO_PIN_3
 615:Drivers/STM32F1xx_HAL_Driver/Inc/stm32f1xx_ll_gpio.h ****   *         @arg @ref LL_GPIO_PIN_4
 616:Drivers/STM32F1xx_HAL_Driver/Inc/stm32f1xx_ll_gpio.h ****   *         @arg @ref LL_GPIO_PIN_5
 617:Drivers/STM32F1xx_HAL_Driver/Inc/stm32f1xx_ll_gpio.h ****   *         @arg @ref LL_GPIO_PIN_6
 618:Drivers/STM32F1xx_HAL_Driver/Inc/stm32f1xx_ll_gpio.h ****   *         @arg @ref LL_GPIO_PIN_7
 619:Drivers/STM32F1xx_HAL_Driver/Inc/stm32f1xx_ll_gpio.h ****   *         @arg @ref LL_GPIO_PIN_8
 620:Drivers/STM32F1xx_HAL_Driver/Inc/stm32f1xx_ll_gpio.h ****   *         @arg @ref LL_GPIO_PIN_9
 621:Drivers/STM32F1xx_HAL_Driver/Inc/stm32f1xx_ll_gpio.h ****   *         @arg @ref LL_GPIO_PIN_10
 622:Drivers/STM32F1xx_HAL_Driver/Inc/stm32f1xx_ll_gpio.h ****   *         @arg @ref LL_GPIO_PIN_11
 623:Drivers/STM32F1xx_HAL_Driver/Inc/stm32f1xx_ll_gpio.h ****   *         @arg @ref LL_GPIO_PIN_12
 624:Drivers/STM32F1xx_HAL_Driver/Inc/stm32f1xx_ll_gpio.h ****   *         @arg @ref LL_GPIO_PIN_13
 625:Drivers/STM32F1xx_HAL_Driver/Inc/stm32f1xx_ll_gpio.h ****   *         @arg @ref LL_GPIO_PIN_14
 626:Drivers/STM32F1xx_HAL_Driver/Inc/stm32f1xx_ll_gpio.h ****   *         @arg @ref LL_GPIO_PIN_15
 627:Drivers/STM32F1xx_HAL_Driver/Inc/stm32f1xx_ll_gpio.h ****   *         @arg @ref LL_GPIO_PIN_ALL
 628:Drivers/STM32F1xx_HAL_Driver/Inc/stm32f1xx_ll_gpio.h ****   * @retval None
 629:Drivers/STM32F1xx_HAL_Driver/Inc/stm32f1xx_ll_gpio.h ****   */
 630:Drivers/STM32F1xx_HAL_Driver/Inc/stm32f1xx_ll_gpio.h **** __STATIC_INLINE void LL_GPIO_LockPin(GPIO_TypeDef *GPIOx, uint32_t PinMask)
 631:Drivers/STM32F1xx_HAL_Driver/Inc/stm32f1xx_ll_gpio.h **** {
 632:Drivers/STM32F1xx_HAL_Driver/Inc/stm32f1xx_ll_gpio.h ****   __IO uint32_t temp;
 633:Drivers/STM32F1xx_HAL_Driver/Inc/stm32f1xx_ll_gpio.h ****   WRITE_REG(GPIOx->LCKR, GPIO_LCKR_LCKK | ((PinMask >> GPIO_PIN_MASK_POS) & 0x0000FFFFU));
 634:Drivers/STM32F1xx_HAL_Driver/Inc/stm32f1xx_ll_gpio.h ****   WRITE_REG(GPIOx->LCKR, ((PinMask >> GPIO_PIN_MASK_POS) & 0x0000FFFFU));
 635:Drivers/STM32F1xx_HAL_Driver/Inc/stm32f1xx_ll_gpio.h ****   WRITE_REG(GPIOx->LCKR, GPIO_LCKR_LCKK | ((PinMask >> GPIO_PIN_MASK_POS) & 0x0000FFFFU));
 636:Drivers/STM32F1xx_HAL_Driver/Inc/stm32f1xx_ll_gpio.h ****   temp = READ_REG(GPIOx->LCKR);
 637:Drivers/STM32F1xx_HAL_Driver/Inc/stm32f1xx_ll_gpio.h ****   (void) temp;
 638:Drivers/STM32F1xx_HAL_Driver/Inc/stm32f1xx_ll_gpio.h **** }
 639:Drivers/STM32F1xx_HAL_Driver/Inc/stm32f1xx_ll_gpio.h **** 
 640:Drivers/STM32F1xx_HAL_Driver/Inc/stm32f1xx_ll_gpio.h **** /**
 641:Drivers/STM32F1xx_HAL_Driver/Inc/stm32f1xx_ll_gpio.h ****   * @brief  Return 1 if all pins passed as parameter, of a dedicated port, are locked. else Return 
 642:Drivers/STM32F1xx_HAL_Driver/Inc/stm32f1xx_ll_gpio.h ****   * @rmtoll LCKR         LCKy          LL_GPIO_IsPinLocked
 643:Drivers/STM32F1xx_HAL_Driver/Inc/stm32f1xx_ll_gpio.h ****   * @param  GPIOx GPIO Port
 644:Drivers/STM32F1xx_HAL_Driver/Inc/stm32f1xx_ll_gpio.h ****   * @param  PinMask This parameter can be a combination of the following values:
 645:Drivers/STM32F1xx_HAL_Driver/Inc/stm32f1xx_ll_gpio.h ****   *         @arg @ref LL_GPIO_PIN_0
 646:Drivers/STM32F1xx_HAL_Driver/Inc/stm32f1xx_ll_gpio.h ****   *         @arg @ref LL_GPIO_PIN_1
 647:Drivers/STM32F1xx_HAL_Driver/Inc/stm32f1xx_ll_gpio.h ****   *         @arg @ref LL_GPIO_PIN_2
 648:Drivers/STM32F1xx_HAL_Driver/Inc/stm32f1xx_ll_gpio.h ****   *         @arg @ref LL_GPIO_PIN_3
 649:Drivers/STM32F1xx_HAL_Driver/Inc/stm32f1xx_ll_gpio.h ****   *         @arg @ref LL_GPIO_PIN_4
 650:Drivers/STM32F1xx_HAL_Driver/Inc/stm32f1xx_ll_gpio.h ****   *         @arg @ref LL_GPIO_PIN_5
 651:Drivers/STM32F1xx_HAL_Driver/Inc/stm32f1xx_ll_gpio.h ****   *         @arg @ref LL_GPIO_PIN_6
 652:Drivers/STM32F1xx_HAL_Driver/Inc/stm32f1xx_ll_gpio.h ****   *         @arg @ref LL_GPIO_PIN_7
 653:Drivers/STM32F1xx_HAL_Driver/Inc/stm32f1xx_ll_gpio.h ****   *         @arg @ref LL_GPIO_PIN_8
 654:Drivers/STM32F1xx_HAL_Driver/Inc/stm32f1xx_ll_gpio.h ****   *         @arg @ref LL_GPIO_PIN_9
 655:Drivers/STM32F1xx_HAL_Driver/Inc/stm32f1xx_ll_gpio.h ****   *         @arg @ref LL_GPIO_PIN_10
 656:Drivers/STM32F1xx_HAL_Driver/Inc/stm32f1xx_ll_gpio.h ****   *         @arg @ref LL_GPIO_PIN_11
 657:Drivers/STM32F1xx_HAL_Driver/Inc/stm32f1xx_ll_gpio.h ****   *         @arg @ref LL_GPIO_PIN_12
 658:Drivers/STM32F1xx_HAL_Driver/Inc/stm32f1xx_ll_gpio.h ****   *         @arg @ref LL_GPIO_PIN_13
 659:Drivers/STM32F1xx_HAL_Driver/Inc/stm32f1xx_ll_gpio.h ****   *         @arg @ref LL_GPIO_PIN_14
 660:Drivers/STM32F1xx_HAL_Driver/Inc/stm32f1xx_ll_gpio.h ****   *         @arg @ref LL_GPIO_PIN_15
 661:Drivers/STM32F1xx_HAL_Driver/Inc/stm32f1xx_ll_gpio.h ****   *         @arg @ref LL_GPIO_PIN_ALL
 662:Drivers/STM32F1xx_HAL_Driver/Inc/stm32f1xx_ll_gpio.h ****   * @retval State of bit (1 or 0).
 663:Drivers/STM32F1xx_HAL_Driver/Inc/stm32f1xx_ll_gpio.h ****   */
 664:Drivers/STM32F1xx_HAL_Driver/Inc/stm32f1xx_ll_gpio.h **** __STATIC_INLINE uint32_t LL_GPIO_IsPinLocked(GPIO_TypeDef *GPIOx, uint32_t PinMask)
 665:Drivers/STM32F1xx_HAL_Driver/Inc/stm32f1xx_ll_gpio.h **** {
 666:Drivers/STM32F1xx_HAL_Driver/Inc/stm32f1xx_ll_gpio.h ****   return (READ_BIT(GPIOx->LCKR, ((PinMask >> GPIO_PIN_MASK_POS) & 0x0000FFFFU)) == ((PinMask >> GPI
 667:Drivers/STM32F1xx_HAL_Driver/Inc/stm32f1xx_ll_gpio.h **** }
 668:Drivers/STM32F1xx_HAL_Driver/Inc/stm32f1xx_ll_gpio.h **** 
 669:Drivers/STM32F1xx_HAL_Driver/Inc/stm32f1xx_ll_gpio.h **** /**
ARM GAS  /var/folders/m1/3lv6xmzs0mlckxs4mx90nfb40000gn/T//ccSbLyvI.s 			page 16


 670:Drivers/STM32F1xx_HAL_Driver/Inc/stm32f1xx_ll_gpio.h ****   * @brief  Return 1 if one of the pin of a dedicated port is locked. else return 0.
 671:Drivers/STM32F1xx_HAL_Driver/Inc/stm32f1xx_ll_gpio.h ****   * @rmtoll LCKR         LCKK          LL_GPIO_IsAnyPinLocked
 672:Drivers/STM32F1xx_HAL_Driver/Inc/stm32f1xx_ll_gpio.h ****   * @param  GPIOx GPIO Port
 673:Drivers/STM32F1xx_HAL_Driver/Inc/stm32f1xx_ll_gpio.h ****   * @retval State of bit (1 or 0).
 674:Drivers/STM32F1xx_HAL_Driver/Inc/stm32f1xx_ll_gpio.h ****   */
 675:Drivers/STM32F1xx_HAL_Driver/Inc/stm32f1xx_ll_gpio.h **** __STATIC_INLINE uint32_t LL_GPIO_IsAnyPinLocked(GPIO_TypeDef *GPIOx)
 676:Drivers/STM32F1xx_HAL_Driver/Inc/stm32f1xx_ll_gpio.h **** {
 677:Drivers/STM32F1xx_HAL_Driver/Inc/stm32f1xx_ll_gpio.h ****   return (READ_BIT(GPIOx->LCKR, GPIO_LCKR_LCKK) == (GPIO_LCKR_LCKK));
 678:Drivers/STM32F1xx_HAL_Driver/Inc/stm32f1xx_ll_gpio.h **** }
 679:Drivers/STM32F1xx_HAL_Driver/Inc/stm32f1xx_ll_gpio.h **** 
 680:Drivers/STM32F1xx_HAL_Driver/Inc/stm32f1xx_ll_gpio.h **** /**
 681:Drivers/STM32F1xx_HAL_Driver/Inc/stm32f1xx_ll_gpio.h ****   * @}
 682:Drivers/STM32F1xx_HAL_Driver/Inc/stm32f1xx_ll_gpio.h ****   */
 683:Drivers/STM32F1xx_HAL_Driver/Inc/stm32f1xx_ll_gpio.h **** 
 684:Drivers/STM32F1xx_HAL_Driver/Inc/stm32f1xx_ll_gpio.h **** /** @defgroup GPIO_LL_EF_Data_Access Data Access
 685:Drivers/STM32F1xx_HAL_Driver/Inc/stm32f1xx_ll_gpio.h ****   * @{
 686:Drivers/STM32F1xx_HAL_Driver/Inc/stm32f1xx_ll_gpio.h ****   */
 687:Drivers/STM32F1xx_HAL_Driver/Inc/stm32f1xx_ll_gpio.h **** 
 688:Drivers/STM32F1xx_HAL_Driver/Inc/stm32f1xx_ll_gpio.h **** /**
 689:Drivers/STM32F1xx_HAL_Driver/Inc/stm32f1xx_ll_gpio.h ****   * @brief  Return full input data register value for a dedicated port.
 690:Drivers/STM32F1xx_HAL_Driver/Inc/stm32f1xx_ll_gpio.h ****   * @rmtoll IDR          IDy           LL_GPIO_ReadInputPort
 691:Drivers/STM32F1xx_HAL_Driver/Inc/stm32f1xx_ll_gpio.h ****   * @param  GPIOx GPIO Port
 692:Drivers/STM32F1xx_HAL_Driver/Inc/stm32f1xx_ll_gpio.h ****   * @retval Input data register value of port
 693:Drivers/STM32F1xx_HAL_Driver/Inc/stm32f1xx_ll_gpio.h ****   */
 694:Drivers/STM32F1xx_HAL_Driver/Inc/stm32f1xx_ll_gpio.h **** __STATIC_INLINE uint32_t LL_GPIO_ReadInputPort(GPIO_TypeDef *GPIOx)
 695:Drivers/STM32F1xx_HAL_Driver/Inc/stm32f1xx_ll_gpio.h **** {
 696:Drivers/STM32F1xx_HAL_Driver/Inc/stm32f1xx_ll_gpio.h ****   return (READ_REG(GPIOx->IDR));
 136              		.loc 2 696 0
 137 0000 054B     		ldr	r3, .L16
 138              	.LBE17:
 139              	.LBE16:
  50:grbl/probe.c  **** #ifdef STM32
  51:grbl/probe.c  ****   return !((GPIO_ReadInputData(PROBE_GPIO_Port) & PROBE_Pin) ^ probe_invert_mask);
 140              		.loc 1 51 0
 141 0002 064A     		ldr	r2, .L16+4
 142              	.LBB19:
 143              	.LBB18:
 144              		.loc 2 696 0
 145 0004 9B68     		ldr	r3, [r3, #8]
 146              	.LVL6:
 147              	.LBE18:
 148              	.LBE19:
 149              		.loc 1 51 0
 150 0006 1088     		ldrh	r0, [r2]
 151 0008 03F40043 		and	r3, r3, #32768
  52:grbl/probe.c  **** #endif
  53:grbl/probe.c  **** }
 152              		.loc 1 53 0
 153 000c 181A     		subs	r0, r3, r0
 154 000e B0FA80F0 		clz	r0, r0
 155 0012 4009     		lsrs	r0, r0, #5
 156 0014 7047     		bx	lr
 157              	.L17:
 158 0016 00BF     		.align	2
 159              	.L16:
 160 0018 00080140 		.word	1073809408
 161 001c 00000000 		.word	probe_invert_mask
ARM GAS  /var/folders/m1/3lv6xmzs0mlckxs4mx90nfb40000gn/T//ccSbLyvI.s 			page 17


 162              		.cfi_endproc
 163              	.LFE705:
 165              		.section	.text.probe_state_monitor,"ax",%progbits
 166              		.align	1
 167              		.p2align 2,,3
 168              		.global	probe_state_monitor
 169              		.syntax unified
 170              		.thumb
 171              		.thumb_func
 172              		.fpu softvfp
 174              	probe_state_monitor:
 175              	.LFB706:
  54:grbl/probe.c  **** 
  55:grbl/probe.c  **** 
  56:grbl/probe.c  **** // Monitors probe pin state and records the system position when detected. Called by the
  57:grbl/probe.c  **** // stepper ISR per ISR tick.
  58:grbl/probe.c  **** // NOTE: This function must be extremely efficient as to not bog down the stepper ISR.
  59:grbl/probe.c  **** void probe_state_monitor()
  60:grbl/probe.c  **** {
 176              		.loc 1 60 0
 177              		.cfi_startproc
 178              		@ args = 0, pretend = 0, frame = 0
 179              		@ frame_needed = 0, uses_anonymous_args = 0
 180              		@ link register save eliminated.
 181              	.LVL7:
 182              	.LBB20:
 183              	.LBB21:
 184              	.LBB22:
 185              	.LBB23:
 186              		.loc 2 696 0
 187 0000 0C4B     		ldr	r3, .L25
 188              	.LBE23:
 189              	.LBE22:
  51:grbl/probe.c  **** #endif
 190              		.loc 1 51 0
 191 0002 0D4A     		ldr	r2, .L25+4
 192              	.LBB25:
 193              	.LBB24:
 194              		.loc 2 696 0
 195 0004 9B68     		ldr	r3, [r3, #8]
 196              	.LVL8:
 197              	.LBE24:
 198              	.LBE25:
  51:grbl/probe.c  **** #endif
 199              		.loc 1 51 0
 200 0006 1288     		ldrh	r2, [r2]
 201 0008 03F40043 		and	r3, r3, #32768
 202              	.LBE21:
 203              	.LBE20:
  61:grbl/probe.c  ****   if (probe_get_state()) {
 204              		.loc 1 61 0
 205 000c 9342     		cmp	r3, r2
 206 000e 00D0     		beq	.L24
 207 0010 7047     		bx	lr
 208              	.L24:
  62:grbl/probe.c  ****     sys_probe_state = PROBE_OFF;
 209              		.loc 1 62 0
ARM GAS  /var/folders/m1/3lv6xmzs0mlckxs4mx90nfb40000gn/T//ccSbLyvI.s 			page 18


 210 0012 0021     		movs	r1, #0
 211 0014 094B     		ldr	r3, .L25+8
  60:grbl/probe.c  ****   if (probe_get_state()) {
 212              		.loc 1 60 0
 213 0016 30B4     		push	{r4, r5}
 214              	.LCFI0:
 215              		.cfi_def_cfa_offset 8
 216              		.cfi_offset 4, -8
 217              		.cfi_offset 5, -4
  63:grbl/probe.c  ****     memcpy(sys_probe_position, sys_position, sizeof(sys_position));
  64:grbl/probe.c  ****     bit_true(sys_rt_exec_state, EXEC_MOTION_CANCEL);
 218              		.loc 1 64 0
 219 0018 094D     		ldr	r5, .L25+12
  62:grbl/probe.c  ****     memcpy(sys_probe_position, sys_position, sizeof(sys_position));
 220              		.loc 1 62 0
 221 001a 1970     		strb	r1, [r3]
 222              		.loc 1 64 0
 223 001c 2B78     		ldrb	r3, [r5]	@ zero_extendqisi2
  63:grbl/probe.c  ****     memcpy(sys_probe_position, sys_position, sizeof(sys_position));
 224              		.loc 1 63 0
 225 001e 094C     		ldr	r4, .L25+16
 226 0020 094A     		ldr	r2, .L25+20
 227              		.loc 1 64 0
 228 0022 43F04003 		orr	r3, r3, #64
  63:grbl/probe.c  ****     memcpy(sys_probe_position, sys_position, sizeof(sys_position));
 229              		.loc 1 63 0
 230 0026 07CA     		ldm	r2, {r0, r1, r2}
 231              		.loc 1 64 0
 232 0028 2B70     		strb	r3, [r5]
  63:grbl/probe.c  ****     memcpy(sys_probe_position, sys_position, sizeof(sys_position));
 233              		.loc 1 63 0
 234 002a 84E80700 		stm	r4, {r0, r1, r2}
  65:grbl/probe.c  ****   }
  66:grbl/probe.c  **** }
 235              		.loc 1 66 0
 236 002e 30BC     		pop	{r4, r5}
 237              	.LCFI1:
 238              		.cfi_restore 5
 239              		.cfi_restore 4
 240              		.cfi_def_cfa_offset 0
 241 0030 7047     		bx	lr
 242              	.L26:
 243 0032 00BF     		.align	2
 244              	.L25:
 245 0034 00080140 		.word	1073809408
 246 0038 00000000 		.word	probe_invert_mask
 247 003c 00000000 		.word	sys_probe_state
 248 0040 00000000 		.word	sys_rt_exec_state
 249 0044 00000000 		.word	sys_probe_position
 250 0048 00000000 		.word	sys_position
 251              		.cfi_endproc
 252              	.LFE706:
 254              		.comm	probe_invert_mask,2,2
 255              		.text
 256              	.Letext0:
 257              		.file 3 "/usr/local/Cellar/gcc-arm-none-eabi/20180627/arm-none-eabi/include/machine/_default_types
 258              		.file 4 "/usr/local/Cellar/gcc-arm-none-eabi/20180627/arm-none-eabi/include/sys/lock.h"
ARM GAS  /var/folders/m1/3lv6xmzs0mlckxs4mx90nfb40000gn/T//ccSbLyvI.s 			page 19


 259              		.file 5 "/usr/local/Cellar/gcc-arm-none-eabi/20180627/arm-none-eabi/include/sys/_types.h"
 260              		.file 6 "/usr/local/Cellar/gcc-arm-none-eabi/20180627/lib/gcc/arm-none-eabi/7.3.1/include/stddef.h
 261              		.file 7 "/usr/local/Cellar/gcc-arm-none-eabi/20180627/arm-none-eabi/include/sys/reent.h"
 262              		.file 8 "/usr/local/Cellar/gcc-arm-none-eabi/20180627/arm-none-eabi/include/math.h"
 263              		.file 9 "/usr/local/Cellar/gcc-arm-none-eabi/20180627/arm-none-eabi/include/sys/_stdint.h"
 264              		.file 10 "Drivers/CMSIS/Include/core_cm3.h"
 265              		.file 11 "Drivers/CMSIS/Device/ST/STM32F1xx/Include/system_stm32f1xx.h"
 266              		.file 12 "Drivers/CMSIS/Device/ST/STM32F1xx/Include/stm32f103xb.h"
 267              		.file 13 "Drivers/STM32F1xx_HAL_Driver/Inc/stm32f1xx_hal.h"
 268              		.file 14 "Drivers/STM32F1xx_HAL_Driver/Inc/stm32f1xx_ll_tim.h"
 269              		.file 15 "Drivers/STM32F1xx_HAL_Driver/Inc/stm32f1xx_ll_dma.h"
 270              		.file 16 "stm32/stm32utilities.h"
 271              		.file 17 "/usr/local/Cellar/gcc-arm-none-eabi/20180627/arm-none-eabi/include/stdlib.h"
 272              		.file 18 "grbl/settings.h"
 273              		.file 19 "grbl/system.h"
 274              		.file 20 "grbl/gcode.h"
ARM GAS  /var/folders/m1/3lv6xmzs0mlckxs4mx90nfb40000gn/T//ccSbLyvI.s 			page 20


DEFINED SYMBOLS
                            *ABS*:0000000000000000 probe.c
/var/folders/m1/3lv6xmzs0mlckxs4mx90nfb40000gn/T//ccSbLyvI.s:16     .text.probe_init:0000000000000000 $t
/var/folders/m1/3lv6xmzs0mlckxs4mx90nfb40000gn/T//ccSbLyvI.s:24     .text.probe_init:0000000000000000 probe_init
/var/folders/m1/3lv6xmzs0mlckxs4mx90nfb40000gn/T//ccSbLyvI.s:58     .text.probe_init:0000000000000018 $d
                            *COM*:0000000000000002 probe_invert_mask
/var/folders/m1/3lv6xmzs0mlckxs4mx90nfb40000gn/T//ccSbLyvI.s:64     .text.probe_configure_invert_mask:0000000000000000 $t
/var/folders/m1/3lv6xmzs0mlckxs4mx90nfb40000gn/T//ccSbLyvI.s:72     .text.probe_configure_invert_mask:0000000000000000 probe_configure_invert_mask
/var/folders/m1/3lv6xmzs0mlckxs4mx90nfb40000gn/T//ccSbLyvI.s:111    .text.probe_configure_invert_mask:0000000000000020 $d
/var/folders/m1/3lv6xmzs0mlckxs4mx90nfb40000gn/T//ccSbLyvI.s:117    .text.probe_get_state:0000000000000000 $t
/var/folders/m1/3lv6xmzs0mlckxs4mx90nfb40000gn/T//ccSbLyvI.s:125    .text.probe_get_state:0000000000000000 probe_get_state
/var/folders/m1/3lv6xmzs0mlckxs4mx90nfb40000gn/T//ccSbLyvI.s:160    .text.probe_get_state:0000000000000018 $d
/var/folders/m1/3lv6xmzs0mlckxs4mx90nfb40000gn/T//ccSbLyvI.s:166    .text.probe_state_monitor:0000000000000000 $t
/var/folders/m1/3lv6xmzs0mlckxs4mx90nfb40000gn/T//ccSbLyvI.s:174    .text.probe_state_monitor:0000000000000000 probe_state_monitor
/var/folders/m1/3lv6xmzs0mlckxs4mx90nfb40000gn/T//ccSbLyvI.s:245    .text.probe_state_monitor:0000000000000034 $d

UNDEFINED SYMBOLS
settings
sys_probe_state
sys_rt_exec_state
sys_probe_position
sys_position
