ARM GAS  /var/folders/m1/3lv6xmzs0mlckxs4mx90nfb40000gn/T//ccupwXM8.s 			page 1


   1              		.cpu cortex-m3
   2              		.eabi_attribute 20, 1
   3              		.eabi_attribute 21, 1
   4              		.eabi_attribute 23, 3
   5              		.eabi_attribute 24, 1
   6              		.eabi_attribute 25, 1
   7              		.eabi_attribute 26, 1
   8              		.eabi_attribute 30, 2
   9              		.eabi_attribute 34, 1
  10              		.eabi_attribute 18, 4
  11              		.file	"stm32f1xx_hal_msp.c"
  12              		.text
  13              	.Ltext0:
  14              		.cfi_sections	.debug_frame
  15              		.section	.text.HAL_MspInit,"ax",%progbits
  16              		.align	1
  17              		.p2align 2,,3
  18              		.global	HAL_MspInit
  19              		.syntax unified
  20              		.thumb
  21              		.thumb_func
  22              		.fpu softvfp
  24              	HAL_MspInit:
  25              	.LFB703:
  26              		.file 1 "Src/stm32f1xx_hal_msp.c"
   1:Src/stm32f1xx_hal_msp.c **** /* USER CODE BEGIN Header */
   2:Src/stm32f1xx_hal_msp.c **** /**
   3:Src/stm32f1xx_hal_msp.c ****   ******************************************************************************
   4:Src/stm32f1xx_hal_msp.c ****   * File Name          : stm32f1xx_hal_msp.c
   5:Src/stm32f1xx_hal_msp.c ****   * Description        : This file provides code for the MSP Initialization 
   6:Src/stm32f1xx_hal_msp.c ****   *                      and de-Initialization codes.
   7:Src/stm32f1xx_hal_msp.c ****   ******************************************************************************
   8:Src/stm32f1xx_hal_msp.c ****   * @attention
   9:Src/stm32f1xx_hal_msp.c ****   *
  10:Src/stm32f1xx_hal_msp.c ****   * <h2><center>&copy; Copyright (c) 2020 STMicroelectronics.
  11:Src/stm32f1xx_hal_msp.c ****   * All rights reserved.</center></h2>
  12:Src/stm32f1xx_hal_msp.c ****   *
  13:Src/stm32f1xx_hal_msp.c ****   * This software component is licensed by ST under BSD 3-Clause license,
  14:Src/stm32f1xx_hal_msp.c ****   * the "License"; You may not use this file except in compliance with the
  15:Src/stm32f1xx_hal_msp.c ****   * License. You may obtain a copy of the License at:
  16:Src/stm32f1xx_hal_msp.c ****   *                        opensource.org/licenses/BSD-3-Clause
  17:Src/stm32f1xx_hal_msp.c ****   *
  18:Src/stm32f1xx_hal_msp.c ****   ******************************************************************************
  19:Src/stm32f1xx_hal_msp.c ****   */
  20:Src/stm32f1xx_hal_msp.c **** /* USER CODE END Header */
  21:Src/stm32f1xx_hal_msp.c **** 
  22:Src/stm32f1xx_hal_msp.c **** /* Includes ------------------------------------------------------------------*/
  23:Src/stm32f1xx_hal_msp.c **** #include "main.h"
  24:Src/stm32f1xx_hal_msp.c **** /* USER CODE BEGIN Includes */
  25:Src/stm32f1xx_hal_msp.c **** 
  26:Src/stm32f1xx_hal_msp.c **** /* USER CODE END Includes */
  27:Src/stm32f1xx_hal_msp.c **** 
  28:Src/stm32f1xx_hal_msp.c **** /* Private typedef -----------------------------------------------------------*/
  29:Src/stm32f1xx_hal_msp.c **** /* USER CODE BEGIN TD */
  30:Src/stm32f1xx_hal_msp.c **** 
  31:Src/stm32f1xx_hal_msp.c **** /* USER CODE END TD */
  32:Src/stm32f1xx_hal_msp.c **** 
ARM GAS  /var/folders/m1/3lv6xmzs0mlckxs4mx90nfb40000gn/T//ccupwXM8.s 			page 2


  33:Src/stm32f1xx_hal_msp.c **** /* Private define ------------------------------------------------------------*/
  34:Src/stm32f1xx_hal_msp.c **** /* USER CODE BEGIN Define */
  35:Src/stm32f1xx_hal_msp.c ****  
  36:Src/stm32f1xx_hal_msp.c **** /* USER CODE END Define */
  37:Src/stm32f1xx_hal_msp.c **** 
  38:Src/stm32f1xx_hal_msp.c **** /* Private macro -------------------------------------------------------------*/
  39:Src/stm32f1xx_hal_msp.c **** /* USER CODE BEGIN Macro */
  40:Src/stm32f1xx_hal_msp.c **** 
  41:Src/stm32f1xx_hal_msp.c **** /* USER CODE END Macro */
  42:Src/stm32f1xx_hal_msp.c **** 
  43:Src/stm32f1xx_hal_msp.c **** /* Private variables ---------------------------------------------------------*/
  44:Src/stm32f1xx_hal_msp.c **** /* USER CODE BEGIN PV */
  45:Src/stm32f1xx_hal_msp.c **** 
  46:Src/stm32f1xx_hal_msp.c **** /* USER CODE END PV */
  47:Src/stm32f1xx_hal_msp.c **** 
  48:Src/stm32f1xx_hal_msp.c **** /* Private function prototypes -----------------------------------------------*/
  49:Src/stm32f1xx_hal_msp.c **** /* USER CODE BEGIN PFP */
  50:Src/stm32f1xx_hal_msp.c **** 
  51:Src/stm32f1xx_hal_msp.c **** /* USER CODE END PFP */
  52:Src/stm32f1xx_hal_msp.c **** 
  53:Src/stm32f1xx_hal_msp.c **** /* External functions --------------------------------------------------------*/
  54:Src/stm32f1xx_hal_msp.c **** /* USER CODE BEGIN ExternalFunctions */
  55:Src/stm32f1xx_hal_msp.c **** 
  56:Src/stm32f1xx_hal_msp.c **** /* USER CODE END ExternalFunctions */
  57:Src/stm32f1xx_hal_msp.c **** 
  58:Src/stm32f1xx_hal_msp.c **** /* USER CODE BEGIN 0 */
  59:Src/stm32f1xx_hal_msp.c **** 
  60:Src/stm32f1xx_hal_msp.c **** /* USER CODE END 0 */
  61:Src/stm32f1xx_hal_msp.c **** /**
  62:Src/stm32f1xx_hal_msp.c ****   * Initializes the Global MSP.
  63:Src/stm32f1xx_hal_msp.c ****   */
  64:Src/stm32f1xx_hal_msp.c **** void HAL_MspInit(void)
  65:Src/stm32f1xx_hal_msp.c **** {
  27              		.loc 1 65 0
  28              		.cfi_startproc
  29              		@ args = 0, pretend = 0, frame = 8
  30              		@ frame_needed = 0, uses_anonymous_args = 0
  31              		@ link register save eliminated.
  32              	.LBB2:
  66:Src/stm32f1xx_hal_msp.c ****   /* USER CODE BEGIN MspInit 0 */
  67:Src/stm32f1xx_hal_msp.c **** 
  68:Src/stm32f1xx_hal_msp.c ****   /* USER CODE END MspInit 0 */
  69:Src/stm32f1xx_hal_msp.c **** 
  70:Src/stm32f1xx_hal_msp.c ****   __HAL_RCC_AFIO_CLK_ENABLE();
  33              		.loc 1 70 0
  34 0000 0E4B     		ldr	r3, .L4
  35              	.LBE2:
  65:Src/stm32f1xx_hal_msp.c ****   /* USER CODE BEGIN MspInit 0 */
  36              		.loc 1 65 0
  37 0002 82B0     		sub	sp, sp, #8
  38              	.LCFI0:
  39              		.cfi_def_cfa_offset 8
  40              	.LBB3:
  41              		.loc 1 70 0
  42 0004 9A69     		ldr	r2, [r3, #24]
  43              	.LBE3:
  44              	.LBB4:
ARM GAS  /var/folders/m1/3lv6xmzs0mlckxs4mx90nfb40000gn/T//ccupwXM8.s 			page 3


  71:Src/stm32f1xx_hal_msp.c ****   __HAL_RCC_PWR_CLK_ENABLE();
  72:Src/stm32f1xx_hal_msp.c **** 
  73:Src/stm32f1xx_hal_msp.c ****   /* System interrupt init*/
  74:Src/stm32f1xx_hal_msp.c **** 
  75:Src/stm32f1xx_hal_msp.c ****   /** NOJTAG: JTAG-DP Disabled and SW-DP Enabled 
  76:Src/stm32f1xx_hal_msp.c ****   */
  77:Src/stm32f1xx_hal_msp.c ****   __HAL_AFIO_REMAP_SWJ_NOJTAG();
  45              		.loc 1 77 0
  46 0006 0E49     		ldr	r1, .L4+4
  47              	.LBE4:
  48              	.LBB5:
  70:Src/stm32f1xx_hal_msp.c ****   __HAL_RCC_PWR_CLK_ENABLE();
  49              		.loc 1 70 0
  50 0008 42F00102 		orr	r2, r2, #1
  51 000c 9A61     		str	r2, [r3, #24]
  52 000e 9A69     		ldr	r2, [r3, #24]
  53 0010 02F00102 		and	r2, r2, #1
  54 0014 0092     		str	r2, [sp]
  55 0016 009A     		ldr	r2, [sp]
  56              	.LBE5:
  57              	.LBB6:
  71:Src/stm32f1xx_hal_msp.c ****   __HAL_RCC_PWR_CLK_ENABLE();
  58              		.loc 1 71 0
  59 0018 DA69     		ldr	r2, [r3, #28]
  60 001a 42F08052 		orr	r2, r2, #268435456
  61 001e DA61     		str	r2, [r3, #28]
  62 0020 DB69     		ldr	r3, [r3, #28]
  63 0022 03F08053 		and	r3, r3, #268435456
  64 0026 0193     		str	r3, [sp, #4]
  65 0028 019B     		ldr	r3, [sp, #4]
  66              	.LBE6:
  67              	.LBB7:
  68              		.loc 1 77 0
  69 002a 4B68     		ldr	r3, [r1, #4]
  70              	.LVL0:
  71 002c 23F0E063 		bic	r3, r3, #117440512
  72              	.LVL1:
  73 0030 43F00073 		orr	r3, r3, #33554432
  74              	.LVL2:
  75 0034 4B60     		str	r3, [r1, #4]
  76              	.LBE7:
  78:Src/stm32f1xx_hal_msp.c **** 
  79:Src/stm32f1xx_hal_msp.c ****   /* USER CODE BEGIN MspInit 1 */
  80:Src/stm32f1xx_hal_msp.c **** 
  81:Src/stm32f1xx_hal_msp.c ****   /* USER CODE END MspInit 1 */
  82:Src/stm32f1xx_hal_msp.c **** }
  77              		.loc 1 82 0
  78 0036 02B0     		add	sp, sp, #8
  79              	.LCFI1:
  80              		.cfi_def_cfa_offset 0
  81              		@ sp needed
  82 0038 7047     		bx	lr
  83              	.L5:
  84 003a 00BF     		.align	2
  85              	.L4:
  86 003c 00100240 		.word	1073876992
  87 0040 00000140 		.word	1073807360
ARM GAS  /var/folders/m1/3lv6xmzs0mlckxs4mx90nfb40000gn/T//ccupwXM8.s 			page 4


  88              		.cfi_endproc
  89              	.LFE703:
  91              		.text
  92              	.Letext0:
  93              		.file 2 "/usr/local/Cellar/gcc-arm-none-eabi/20180627/arm-none-eabi/include/machine/_default_types
  94              		.file 3 "/usr/local/Cellar/gcc-arm-none-eabi/20180627/arm-none-eabi/include/sys/_stdint.h"
  95              		.file 4 "Drivers/CMSIS/Include/core_cm3.h"
  96              		.file 5 "Drivers/CMSIS/Device/ST/STM32F1xx/Include/system_stm32f1xx.h"
  97              		.file 6 "Drivers/CMSIS/Device/ST/STM32F1xx/Include/stm32f103xb.h"
  98              		.file 7 "Drivers/STM32F1xx_HAL_Driver/Inc/stm32f1xx_hal.h"
  99              		.file 8 "Drivers/STM32F1xx_HAL_Driver/Inc/stm32f1xx_ll_tim.h"
 100              		.file 9 "Drivers/STM32F1xx_HAL_Driver/Inc/stm32f1xx_ll_dma.h"
ARM GAS  /var/folders/m1/3lv6xmzs0mlckxs4mx90nfb40000gn/T//ccupwXM8.s 			page 5


DEFINED SYMBOLS
                            *ABS*:0000000000000000 stm32f1xx_hal_msp.c
/var/folders/m1/3lv6xmzs0mlckxs4mx90nfb40000gn/T//ccupwXM8.s:16     .text.HAL_MspInit:0000000000000000 $t
/var/folders/m1/3lv6xmzs0mlckxs4mx90nfb40000gn/T//ccupwXM8.s:24     .text.HAL_MspInit:0000000000000000 HAL_MspInit
/var/folders/m1/3lv6xmzs0mlckxs4mx90nfb40000gn/T//ccupwXM8.s:86     .text.HAL_MspInit:000000000000003c $d

NO UNDEFINED SYMBOLS
