ARM GAS  /var/folders/m1/3lv6xmzs0mlckxs4mx90nfb40000gn/T//ccKHkGtZ.s 			page 1


   1              		.cpu cortex-m3
   2              		.eabi_attribute 20, 1
   3              		.eabi_attribute 21, 1
   4              		.eabi_attribute 23, 3
   5              		.eabi_attribute 24, 1
   6              		.eabi_attribute 25, 1
   7              		.eabi_attribute 26, 1
   8              		.eabi_attribute 30, 2
   9              		.eabi_attribute 34, 1
  10              		.eabi_attribute 18, 4
  11              		.file	"stm32f1xx_hal.c"
  12              		.text
  13              	.Ltext0:
  14              		.cfi_sections	.debug_frame
  15              		.section	.text.HAL_MspInit,"ax",%progbits
  16              		.align	1
  17              		.p2align 2,,3
  18              		.weak	HAL_MspInit
  19              		.syntax unified
  20              		.thumb
  21              		.thumb_func
  22              		.fpu softvfp
  24              	HAL_MspInit:
  25              	.LFB67:
  26              		.file 1 "Drivers/STM32F1xx_HAL_Driver/Src/stm32f1xx_hal.c"
   1:Drivers/STM32F1xx_HAL_Driver/Src/stm32f1xx_hal.c **** /**
   2:Drivers/STM32F1xx_HAL_Driver/Src/stm32f1xx_hal.c ****   ******************************************************************************
   3:Drivers/STM32F1xx_HAL_Driver/Src/stm32f1xx_hal.c ****   * @file    stm32f1xx_hal.c
   4:Drivers/STM32F1xx_HAL_Driver/Src/stm32f1xx_hal.c ****   * @author  MCD Application Team
   5:Drivers/STM32F1xx_HAL_Driver/Src/stm32f1xx_hal.c ****   * @brief   HAL module driver.
   6:Drivers/STM32F1xx_HAL_Driver/Src/stm32f1xx_hal.c ****   *          This is the common part of the HAL initialization
   7:Drivers/STM32F1xx_HAL_Driver/Src/stm32f1xx_hal.c ****   *
   8:Drivers/STM32F1xx_HAL_Driver/Src/stm32f1xx_hal.c ****   @verbatim
   9:Drivers/STM32F1xx_HAL_Driver/Src/stm32f1xx_hal.c ****   ==============================================================================
  10:Drivers/STM32F1xx_HAL_Driver/Src/stm32f1xx_hal.c ****                      ##### How to use this driver #####
  11:Drivers/STM32F1xx_HAL_Driver/Src/stm32f1xx_hal.c ****   ==============================================================================
  12:Drivers/STM32F1xx_HAL_Driver/Src/stm32f1xx_hal.c ****     [..]
  13:Drivers/STM32F1xx_HAL_Driver/Src/stm32f1xx_hal.c ****     The common HAL driver contains a set of generic and common APIs that can be
  14:Drivers/STM32F1xx_HAL_Driver/Src/stm32f1xx_hal.c ****     used by the PPP peripheral drivers and the user to start using the HAL.
  15:Drivers/STM32F1xx_HAL_Driver/Src/stm32f1xx_hal.c ****     [..]
  16:Drivers/STM32F1xx_HAL_Driver/Src/stm32f1xx_hal.c ****     The HAL contains two APIs' categories:
  17:Drivers/STM32F1xx_HAL_Driver/Src/stm32f1xx_hal.c ****          (+) Common HAL APIs
  18:Drivers/STM32F1xx_HAL_Driver/Src/stm32f1xx_hal.c ****          (+) Services HAL APIs
  19:Drivers/STM32F1xx_HAL_Driver/Src/stm32f1xx_hal.c **** 
  20:Drivers/STM32F1xx_HAL_Driver/Src/stm32f1xx_hal.c ****   @endverbatim
  21:Drivers/STM32F1xx_HAL_Driver/Src/stm32f1xx_hal.c ****   ******************************************************************************
  22:Drivers/STM32F1xx_HAL_Driver/Src/stm32f1xx_hal.c ****   * @attention
  23:Drivers/STM32F1xx_HAL_Driver/Src/stm32f1xx_hal.c ****   *
  24:Drivers/STM32F1xx_HAL_Driver/Src/stm32f1xx_hal.c ****   * <h2><center>&copy; Copyright (c) 2016 STMicroelectronics.
  25:Drivers/STM32F1xx_HAL_Driver/Src/stm32f1xx_hal.c ****   * All rights reserved.</center></h2>
  26:Drivers/STM32F1xx_HAL_Driver/Src/stm32f1xx_hal.c ****   *
  27:Drivers/STM32F1xx_HAL_Driver/Src/stm32f1xx_hal.c ****   * This software component is licensed by ST under BSD 3-Clause license,
  28:Drivers/STM32F1xx_HAL_Driver/Src/stm32f1xx_hal.c ****   * the "License"; You may not use this file except in compliance with the
  29:Drivers/STM32F1xx_HAL_Driver/Src/stm32f1xx_hal.c ****   * License. You may obtain a copy of the License at:
  30:Drivers/STM32F1xx_HAL_Driver/Src/stm32f1xx_hal.c ****   *                        opensource.org/licenses/BSD-3-Clause
  31:Drivers/STM32F1xx_HAL_Driver/Src/stm32f1xx_hal.c ****   *
  32:Drivers/STM32F1xx_HAL_Driver/Src/stm32f1xx_hal.c ****   ******************************************************************************
ARM GAS  /var/folders/m1/3lv6xmzs0mlckxs4mx90nfb40000gn/T//ccKHkGtZ.s 			page 2


  33:Drivers/STM32F1xx_HAL_Driver/Src/stm32f1xx_hal.c ****   */
  34:Drivers/STM32F1xx_HAL_Driver/Src/stm32f1xx_hal.c **** 
  35:Drivers/STM32F1xx_HAL_Driver/Src/stm32f1xx_hal.c **** /* Includes ------------------------------------------------------------------*/
  36:Drivers/STM32F1xx_HAL_Driver/Src/stm32f1xx_hal.c **** #include "stm32f1xx_hal.h"
  37:Drivers/STM32F1xx_HAL_Driver/Src/stm32f1xx_hal.c **** 
  38:Drivers/STM32F1xx_HAL_Driver/Src/stm32f1xx_hal.c **** /** @addtogroup STM32F1xx_HAL_Driver
  39:Drivers/STM32F1xx_HAL_Driver/Src/stm32f1xx_hal.c ****   * @{
  40:Drivers/STM32F1xx_HAL_Driver/Src/stm32f1xx_hal.c ****   */
  41:Drivers/STM32F1xx_HAL_Driver/Src/stm32f1xx_hal.c **** 
  42:Drivers/STM32F1xx_HAL_Driver/Src/stm32f1xx_hal.c **** /** @defgroup HAL HAL
  43:Drivers/STM32F1xx_HAL_Driver/Src/stm32f1xx_hal.c ****   * @brief HAL module driver.
  44:Drivers/STM32F1xx_HAL_Driver/Src/stm32f1xx_hal.c ****   * @{
  45:Drivers/STM32F1xx_HAL_Driver/Src/stm32f1xx_hal.c ****   */
  46:Drivers/STM32F1xx_HAL_Driver/Src/stm32f1xx_hal.c **** 
  47:Drivers/STM32F1xx_HAL_Driver/Src/stm32f1xx_hal.c **** #ifdef HAL_MODULE_ENABLED
  48:Drivers/STM32F1xx_HAL_Driver/Src/stm32f1xx_hal.c **** 
  49:Drivers/STM32F1xx_HAL_Driver/Src/stm32f1xx_hal.c **** /* Private typedef -----------------------------------------------------------*/
  50:Drivers/STM32F1xx_HAL_Driver/Src/stm32f1xx_hal.c **** /* Private define ------------------------------------------------------------*/
  51:Drivers/STM32F1xx_HAL_Driver/Src/stm32f1xx_hal.c **** 
  52:Drivers/STM32F1xx_HAL_Driver/Src/stm32f1xx_hal.c **** /** @defgroup HAL_Private_Constants HAL Private Constants
  53:Drivers/STM32F1xx_HAL_Driver/Src/stm32f1xx_hal.c ****   * @{
  54:Drivers/STM32F1xx_HAL_Driver/Src/stm32f1xx_hal.c ****   */
  55:Drivers/STM32F1xx_HAL_Driver/Src/stm32f1xx_hal.c **** /**
  56:Drivers/STM32F1xx_HAL_Driver/Src/stm32f1xx_hal.c ****  * @brief STM32F1xx HAL Driver version number V1.1.4
  57:Drivers/STM32F1xx_HAL_Driver/Src/stm32f1xx_hal.c ****    */
  58:Drivers/STM32F1xx_HAL_Driver/Src/stm32f1xx_hal.c **** #define __STM32F1xx_HAL_VERSION_MAIN   (0x01U) /*!< [31:24] main version */
  59:Drivers/STM32F1xx_HAL_Driver/Src/stm32f1xx_hal.c **** #define __STM32F1xx_HAL_VERSION_SUB1   (0x01U) /*!< [23:16] sub1 version */
  60:Drivers/STM32F1xx_HAL_Driver/Src/stm32f1xx_hal.c **** #define __STM32F1xx_HAL_VERSION_SUB2   (0x04U) /*!< [15:8]  sub2 version */
  61:Drivers/STM32F1xx_HAL_Driver/Src/stm32f1xx_hal.c **** #define __STM32F1xx_HAL_VERSION_RC     (0x00U) /*!< [7:0]  release candidate */
  62:Drivers/STM32F1xx_HAL_Driver/Src/stm32f1xx_hal.c **** #define __STM32F1xx_HAL_VERSION         ((__STM32F1xx_HAL_VERSION_MAIN << 24)\
  63:Drivers/STM32F1xx_HAL_Driver/Src/stm32f1xx_hal.c ****                                         |(__STM32F1xx_HAL_VERSION_SUB1 << 16)\
  64:Drivers/STM32F1xx_HAL_Driver/Src/stm32f1xx_hal.c ****                                         |(__STM32F1xx_HAL_VERSION_SUB2 << 8 )\
  65:Drivers/STM32F1xx_HAL_Driver/Src/stm32f1xx_hal.c ****                                         |(__STM32F1xx_HAL_VERSION_RC))
  66:Drivers/STM32F1xx_HAL_Driver/Src/stm32f1xx_hal.c **** 
  67:Drivers/STM32F1xx_HAL_Driver/Src/stm32f1xx_hal.c **** #define IDCODE_DEVID_MASK    0x00000FFFU
  68:Drivers/STM32F1xx_HAL_Driver/Src/stm32f1xx_hal.c **** 
  69:Drivers/STM32F1xx_HAL_Driver/Src/stm32f1xx_hal.c **** /**
  70:Drivers/STM32F1xx_HAL_Driver/Src/stm32f1xx_hal.c ****   * @}
  71:Drivers/STM32F1xx_HAL_Driver/Src/stm32f1xx_hal.c ****   */
  72:Drivers/STM32F1xx_HAL_Driver/Src/stm32f1xx_hal.c **** 
  73:Drivers/STM32F1xx_HAL_Driver/Src/stm32f1xx_hal.c **** /* Private macro -------------------------------------------------------------*/
  74:Drivers/STM32F1xx_HAL_Driver/Src/stm32f1xx_hal.c **** /* Private variables ---------------------------------------------------------*/
  75:Drivers/STM32F1xx_HAL_Driver/Src/stm32f1xx_hal.c **** 
  76:Drivers/STM32F1xx_HAL_Driver/Src/stm32f1xx_hal.c **** /** @defgroup HAL_Private_Variables HAL Private Variables
  77:Drivers/STM32F1xx_HAL_Driver/Src/stm32f1xx_hal.c ****   * @{
  78:Drivers/STM32F1xx_HAL_Driver/Src/stm32f1xx_hal.c ****   */
  79:Drivers/STM32F1xx_HAL_Driver/Src/stm32f1xx_hal.c **** __IO uint32_t uwTick;
  80:Drivers/STM32F1xx_HAL_Driver/Src/stm32f1xx_hal.c **** uint32_t uwTickPrio   = (1UL << __NVIC_PRIO_BITS); /* Invalid PRIO */
  81:Drivers/STM32F1xx_HAL_Driver/Src/stm32f1xx_hal.c **** HAL_TickFreqTypeDef uwTickFreq = HAL_TICK_FREQ_DEFAULT;  /* 1KHz */
  82:Drivers/STM32F1xx_HAL_Driver/Src/stm32f1xx_hal.c **** /**
  83:Drivers/STM32F1xx_HAL_Driver/Src/stm32f1xx_hal.c ****   * @}
  84:Drivers/STM32F1xx_HAL_Driver/Src/stm32f1xx_hal.c ****   */
  85:Drivers/STM32F1xx_HAL_Driver/Src/stm32f1xx_hal.c **** /* Private function prototypes -----------------------------------------------*/
  86:Drivers/STM32F1xx_HAL_Driver/Src/stm32f1xx_hal.c **** /* Exported functions ---------------------------------------------------------*/
  87:Drivers/STM32F1xx_HAL_Driver/Src/stm32f1xx_hal.c **** 
  88:Drivers/STM32F1xx_HAL_Driver/Src/stm32f1xx_hal.c **** /** @defgroup HAL_Exported_Functions HAL Exported Functions
  89:Drivers/STM32F1xx_HAL_Driver/Src/stm32f1xx_hal.c ****   * @{
ARM GAS  /var/folders/m1/3lv6xmzs0mlckxs4mx90nfb40000gn/T//ccKHkGtZ.s 			page 3


  90:Drivers/STM32F1xx_HAL_Driver/Src/stm32f1xx_hal.c ****   */
  91:Drivers/STM32F1xx_HAL_Driver/Src/stm32f1xx_hal.c **** 
  92:Drivers/STM32F1xx_HAL_Driver/Src/stm32f1xx_hal.c **** /** @defgroup HAL_Exported_Functions_Group1 Initialization and de-initialization Functions
  93:Drivers/STM32F1xx_HAL_Driver/Src/stm32f1xx_hal.c ****  *  @brief    Initialization and de-initialization functions
  94:Drivers/STM32F1xx_HAL_Driver/Src/stm32f1xx_hal.c ****  *
  95:Drivers/STM32F1xx_HAL_Driver/Src/stm32f1xx_hal.c **** @verbatim
  96:Drivers/STM32F1xx_HAL_Driver/Src/stm32f1xx_hal.c ****  ===============================================================================
  97:Drivers/STM32F1xx_HAL_Driver/Src/stm32f1xx_hal.c ****               ##### Initialization and de-initialization functions #####
  98:Drivers/STM32F1xx_HAL_Driver/Src/stm32f1xx_hal.c ****  ===============================================================================
  99:Drivers/STM32F1xx_HAL_Driver/Src/stm32f1xx_hal.c ****    [..]  This section provides functions allowing to:
 100:Drivers/STM32F1xx_HAL_Driver/Src/stm32f1xx_hal.c ****       (+) Initializes the Flash interface, the NVIC allocation and initial clock
 101:Drivers/STM32F1xx_HAL_Driver/Src/stm32f1xx_hal.c ****           configuration. It initializes the systick also when timeout is needed
 102:Drivers/STM32F1xx_HAL_Driver/Src/stm32f1xx_hal.c ****           and the backup domain when enabled.
 103:Drivers/STM32F1xx_HAL_Driver/Src/stm32f1xx_hal.c ****       (+) de-Initializes common part of the HAL.
 104:Drivers/STM32F1xx_HAL_Driver/Src/stm32f1xx_hal.c ****       (+) Configure The time base source to have 1ms time base with a dedicated
 105:Drivers/STM32F1xx_HAL_Driver/Src/stm32f1xx_hal.c ****           Tick interrupt priority.
 106:Drivers/STM32F1xx_HAL_Driver/Src/stm32f1xx_hal.c ****         (++) SysTick timer is used by default as source of time base, but user
 107:Drivers/STM32F1xx_HAL_Driver/Src/stm32f1xx_hal.c ****              can eventually implement his proper time base source (a general purpose
 108:Drivers/STM32F1xx_HAL_Driver/Src/stm32f1xx_hal.c ****              timer for example or other time source), keeping in mind that Time base
 109:Drivers/STM32F1xx_HAL_Driver/Src/stm32f1xx_hal.c ****              duration should be kept 1ms since PPP_TIMEOUT_VALUEs are defined and
 110:Drivers/STM32F1xx_HAL_Driver/Src/stm32f1xx_hal.c ****              handled in milliseconds basis.
 111:Drivers/STM32F1xx_HAL_Driver/Src/stm32f1xx_hal.c ****         (++) Time base configuration function (HAL_InitTick ()) is called automatically
 112:Drivers/STM32F1xx_HAL_Driver/Src/stm32f1xx_hal.c ****              at the beginning of the program after reset by HAL_Init() or at any time
 113:Drivers/STM32F1xx_HAL_Driver/Src/stm32f1xx_hal.c ****              when clock is configured, by HAL_RCC_ClockConfig().
 114:Drivers/STM32F1xx_HAL_Driver/Src/stm32f1xx_hal.c ****         (++) Source of time base is configured  to generate interrupts at regular
 115:Drivers/STM32F1xx_HAL_Driver/Src/stm32f1xx_hal.c ****              time intervals. Care must be taken if HAL_Delay() is called from a
 116:Drivers/STM32F1xx_HAL_Driver/Src/stm32f1xx_hal.c ****              peripheral ISR process, the Tick interrupt line must have higher priority
 117:Drivers/STM32F1xx_HAL_Driver/Src/stm32f1xx_hal.c ****             (numerically lower) than the peripheral interrupt. Otherwise the caller
 118:Drivers/STM32F1xx_HAL_Driver/Src/stm32f1xx_hal.c ****             ISR process will be blocked.
 119:Drivers/STM32F1xx_HAL_Driver/Src/stm32f1xx_hal.c ****        (++) functions affecting time base configurations are declared as __weak
 120:Drivers/STM32F1xx_HAL_Driver/Src/stm32f1xx_hal.c ****              to make  override possible  in case of other  implementations in user file.
 121:Drivers/STM32F1xx_HAL_Driver/Src/stm32f1xx_hal.c **** @endverbatim
 122:Drivers/STM32F1xx_HAL_Driver/Src/stm32f1xx_hal.c ****   * @{
 123:Drivers/STM32F1xx_HAL_Driver/Src/stm32f1xx_hal.c ****   */
 124:Drivers/STM32F1xx_HAL_Driver/Src/stm32f1xx_hal.c **** 
 125:Drivers/STM32F1xx_HAL_Driver/Src/stm32f1xx_hal.c **** /**
 126:Drivers/STM32F1xx_HAL_Driver/Src/stm32f1xx_hal.c ****   * @brief  This function is used to initialize the HAL Library; it must be the first
 127:Drivers/STM32F1xx_HAL_Driver/Src/stm32f1xx_hal.c ****   *         instruction to be executed in the main program (before to call any other
 128:Drivers/STM32F1xx_HAL_Driver/Src/stm32f1xx_hal.c ****   *         HAL function), it performs the following:
 129:Drivers/STM32F1xx_HAL_Driver/Src/stm32f1xx_hal.c ****   *           Configure the Flash prefetch.
 130:Drivers/STM32F1xx_HAL_Driver/Src/stm32f1xx_hal.c ****   *           Configures the SysTick to generate an interrupt each 1 millisecond,
 131:Drivers/STM32F1xx_HAL_Driver/Src/stm32f1xx_hal.c ****   *           which is clocked by the HSI (at this stage, the clock is not yet
 132:Drivers/STM32F1xx_HAL_Driver/Src/stm32f1xx_hal.c ****   *           configured and thus the system is running from the internal HSI at 16 MHz).
 133:Drivers/STM32F1xx_HAL_Driver/Src/stm32f1xx_hal.c ****   *           Set NVIC Group Priority to 4.
 134:Drivers/STM32F1xx_HAL_Driver/Src/stm32f1xx_hal.c ****   *           Calls the HAL_MspInit() callback function defined in user file
 135:Drivers/STM32F1xx_HAL_Driver/Src/stm32f1xx_hal.c ****   *           "stm32f1xx_hal_msp.c" to do the global low level hardware initialization
 136:Drivers/STM32F1xx_HAL_Driver/Src/stm32f1xx_hal.c ****   *
 137:Drivers/STM32F1xx_HAL_Driver/Src/stm32f1xx_hal.c ****   * @note   SysTick is used as time base for the HAL_Delay() function, the application
 138:Drivers/STM32F1xx_HAL_Driver/Src/stm32f1xx_hal.c ****   *         need to ensure that the SysTick time base is always set to 1 millisecond
 139:Drivers/STM32F1xx_HAL_Driver/Src/stm32f1xx_hal.c ****   *         to have correct HAL operation.
 140:Drivers/STM32F1xx_HAL_Driver/Src/stm32f1xx_hal.c ****   * @retval HAL status
 141:Drivers/STM32F1xx_HAL_Driver/Src/stm32f1xx_hal.c ****   */
 142:Drivers/STM32F1xx_HAL_Driver/Src/stm32f1xx_hal.c **** HAL_StatusTypeDef HAL_Init(void)
 143:Drivers/STM32F1xx_HAL_Driver/Src/stm32f1xx_hal.c **** {
 144:Drivers/STM32F1xx_HAL_Driver/Src/stm32f1xx_hal.c ****   /* Configure Flash prefetch */
 145:Drivers/STM32F1xx_HAL_Driver/Src/stm32f1xx_hal.c **** #if (PREFETCH_ENABLE != 0)
 146:Drivers/STM32F1xx_HAL_Driver/Src/stm32f1xx_hal.c **** #if defined(STM32F101x6) || defined(STM32F101xB) || defined(STM32F101xE) || defined(STM32F101xG) ||
ARM GAS  /var/folders/m1/3lv6xmzs0mlckxs4mx90nfb40000gn/T//ccKHkGtZ.s 			page 4


 147:Drivers/STM32F1xx_HAL_Driver/Src/stm32f1xx_hal.c ****     defined(STM32F102x6) || defined(STM32F102xB) || \
 148:Drivers/STM32F1xx_HAL_Driver/Src/stm32f1xx_hal.c ****     defined(STM32F103x6) || defined(STM32F103xB) || defined(STM32F103xE) || defined(STM32F103xG) ||
 149:Drivers/STM32F1xx_HAL_Driver/Src/stm32f1xx_hal.c ****     defined(STM32F105xC) || defined(STM32F107xC)
 150:Drivers/STM32F1xx_HAL_Driver/Src/stm32f1xx_hal.c **** 
 151:Drivers/STM32F1xx_HAL_Driver/Src/stm32f1xx_hal.c ****   /* Prefetch buffer is not available on value line devices */
 152:Drivers/STM32F1xx_HAL_Driver/Src/stm32f1xx_hal.c ****   __HAL_FLASH_PREFETCH_BUFFER_ENABLE();
 153:Drivers/STM32F1xx_HAL_Driver/Src/stm32f1xx_hal.c **** #endif
 154:Drivers/STM32F1xx_HAL_Driver/Src/stm32f1xx_hal.c **** #endif /* PREFETCH_ENABLE */
 155:Drivers/STM32F1xx_HAL_Driver/Src/stm32f1xx_hal.c **** 
 156:Drivers/STM32F1xx_HAL_Driver/Src/stm32f1xx_hal.c ****   /* Set Interrupt Group Priority */
 157:Drivers/STM32F1xx_HAL_Driver/Src/stm32f1xx_hal.c ****   HAL_NVIC_SetPriorityGrouping(NVIC_PRIORITYGROUP_4);
 158:Drivers/STM32F1xx_HAL_Driver/Src/stm32f1xx_hal.c **** 
 159:Drivers/STM32F1xx_HAL_Driver/Src/stm32f1xx_hal.c ****   /* Use systick as time base source and configure 1ms tick (default clock after Reset is HSI) */
 160:Drivers/STM32F1xx_HAL_Driver/Src/stm32f1xx_hal.c ****   HAL_InitTick(TICK_INT_PRIORITY);
 161:Drivers/STM32F1xx_HAL_Driver/Src/stm32f1xx_hal.c **** 
 162:Drivers/STM32F1xx_HAL_Driver/Src/stm32f1xx_hal.c ****   /* Init the low level hardware */
 163:Drivers/STM32F1xx_HAL_Driver/Src/stm32f1xx_hal.c ****   HAL_MspInit();
 164:Drivers/STM32F1xx_HAL_Driver/Src/stm32f1xx_hal.c **** 
 165:Drivers/STM32F1xx_HAL_Driver/Src/stm32f1xx_hal.c ****   /* Return function status */
 166:Drivers/STM32F1xx_HAL_Driver/Src/stm32f1xx_hal.c ****   return HAL_OK;
 167:Drivers/STM32F1xx_HAL_Driver/Src/stm32f1xx_hal.c **** }
 168:Drivers/STM32F1xx_HAL_Driver/Src/stm32f1xx_hal.c **** 
 169:Drivers/STM32F1xx_HAL_Driver/Src/stm32f1xx_hal.c **** /**
 170:Drivers/STM32F1xx_HAL_Driver/Src/stm32f1xx_hal.c ****   * @brief This function de-Initializes common part of the HAL and stops the systick.
 171:Drivers/STM32F1xx_HAL_Driver/Src/stm32f1xx_hal.c ****   *        of time base.
 172:Drivers/STM32F1xx_HAL_Driver/Src/stm32f1xx_hal.c ****   * @note This function is optional.
 173:Drivers/STM32F1xx_HAL_Driver/Src/stm32f1xx_hal.c ****   * @retval HAL status
 174:Drivers/STM32F1xx_HAL_Driver/Src/stm32f1xx_hal.c ****   */
 175:Drivers/STM32F1xx_HAL_Driver/Src/stm32f1xx_hal.c **** HAL_StatusTypeDef HAL_DeInit(void)
 176:Drivers/STM32F1xx_HAL_Driver/Src/stm32f1xx_hal.c **** {
 177:Drivers/STM32F1xx_HAL_Driver/Src/stm32f1xx_hal.c ****   /* Reset of all peripherals */
 178:Drivers/STM32F1xx_HAL_Driver/Src/stm32f1xx_hal.c ****   __HAL_RCC_APB1_FORCE_RESET();
 179:Drivers/STM32F1xx_HAL_Driver/Src/stm32f1xx_hal.c ****   __HAL_RCC_APB1_RELEASE_RESET();
 180:Drivers/STM32F1xx_HAL_Driver/Src/stm32f1xx_hal.c **** 
 181:Drivers/STM32F1xx_HAL_Driver/Src/stm32f1xx_hal.c ****   __HAL_RCC_APB2_FORCE_RESET();
 182:Drivers/STM32F1xx_HAL_Driver/Src/stm32f1xx_hal.c ****   __HAL_RCC_APB2_RELEASE_RESET();
 183:Drivers/STM32F1xx_HAL_Driver/Src/stm32f1xx_hal.c **** 
 184:Drivers/STM32F1xx_HAL_Driver/Src/stm32f1xx_hal.c **** #if defined(STM32F105xC) || defined(STM32F107xC)
 185:Drivers/STM32F1xx_HAL_Driver/Src/stm32f1xx_hal.c ****   __HAL_RCC_AHB_FORCE_RESET();
 186:Drivers/STM32F1xx_HAL_Driver/Src/stm32f1xx_hal.c ****   __HAL_RCC_AHB_RELEASE_RESET();
 187:Drivers/STM32F1xx_HAL_Driver/Src/stm32f1xx_hal.c **** #endif
 188:Drivers/STM32F1xx_HAL_Driver/Src/stm32f1xx_hal.c **** 
 189:Drivers/STM32F1xx_HAL_Driver/Src/stm32f1xx_hal.c ****   /* De-Init the low level hardware */
 190:Drivers/STM32F1xx_HAL_Driver/Src/stm32f1xx_hal.c ****   HAL_MspDeInit();
 191:Drivers/STM32F1xx_HAL_Driver/Src/stm32f1xx_hal.c **** 
 192:Drivers/STM32F1xx_HAL_Driver/Src/stm32f1xx_hal.c ****   /* Return function status */
 193:Drivers/STM32F1xx_HAL_Driver/Src/stm32f1xx_hal.c ****   return HAL_OK;
 194:Drivers/STM32F1xx_HAL_Driver/Src/stm32f1xx_hal.c **** }
 195:Drivers/STM32F1xx_HAL_Driver/Src/stm32f1xx_hal.c **** 
 196:Drivers/STM32F1xx_HAL_Driver/Src/stm32f1xx_hal.c **** /**
 197:Drivers/STM32F1xx_HAL_Driver/Src/stm32f1xx_hal.c ****   * @brief  Initialize the MSP.
 198:Drivers/STM32F1xx_HAL_Driver/Src/stm32f1xx_hal.c ****   * @retval None
 199:Drivers/STM32F1xx_HAL_Driver/Src/stm32f1xx_hal.c ****   */
 200:Drivers/STM32F1xx_HAL_Driver/Src/stm32f1xx_hal.c **** __weak void HAL_MspInit(void)
 201:Drivers/STM32F1xx_HAL_Driver/Src/stm32f1xx_hal.c **** {
  27              		.loc 1 201 0
  28              		.cfi_startproc
ARM GAS  /var/folders/m1/3lv6xmzs0mlckxs4mx90nfb40000gn/T//ccKHkGtZ.s 			page 5


  29              		@ args = 0, pretend = 0, frame = 0
  30              		@ frame_needed = 0, uses_anonymous_args = 0
  31              		@ link register save eliminated.
 202:Drivers/STM32F1xx_HAL_Driver/Src/stm32f1xx_hal.c ****   /* NOTE : This function should not be modified, when the callback is needed,
 203:Drivers/STM32F1xx_HAL_Driver/Src/stm32f1xx_hal.c ****             the HAL_MspInit could be implemented in the user file
 204:Drivers/STM32F1xx_HAL_Driver/Src/stm32f1xx_hal.c ****    */
 205:Drivers/STM32F1xx_HAL_Driver/Src/stm32f1xx_hal.c **** }
  32              		.loc 1 205 0
  33 0000 7047     		bx	lr
  34              		.cfi_endproc
  35              	.LFE67:
  37 0002 00BF     		.section	.text.HAL_MspDeInit,"ax",%progbits
  38              		.align	1
  39              		.p2align 2,,3
  40              		.weak	HAL_MspDeInit
  41              		.syntax unified
  42              		.thumb
  43              		.thumb_func
  44              		.fpu softvfp
  46              	HAL_MspDeInit:
  47              	.LFB92:
  48              		.cfi_startproc
  49              		@ args = 0, pretend = 0, frame = 0
  50              		@ frame_needed = 0, uses_anonymous_args = 0
  51              		@ link register save eliminated.
  52 0000 7047     		bx	lr
  53              		.cfi_endproc
  54              	.LFE92:
  56 0002 00BF     		.section	.text.HAL_DeInit,"ax",%progbits
  57              		.align	1
  58              		.p2align 2,,3
  59              		.global	HAL_DeInit
  60              		.syntax unified
  61              		.thumb
  62              		.thumb_func
  63              		.fpu softvfp
  65              	HAL_DeInit:
  66              	.LFB66:
 176:Drivers/STM32F1xx_HAL_Driver/Src/stm32f1xx_hal.c ****   /* Reset of all peripherals */
  67              		.loc 1 176 0
  68              		.cfi_startproc
  69              		@ args = 0, pretend = 0, frame = 0
  70              		@ frame_needed = 0, uses_anonymous_args = 0
 176:Drivers/STM32F1xx_HAL_Driver/Src/stm32f1xx_hal.c ****   /* Reset of all peripherals */
  71              		.loc 1 176 0
  72 0000 10B5     		push	{r4, lr}
  73              	.LCFI0:
  74              		.cfi_def_cfa_offset 8
  75              		.cfi_offset 4, -8
  76              		.cfi_offset 14, -4
 178:Drivers/STM32F1xx_HAL_Driver/Src/stm32f1xx_hal.c ****   __HAL_RCC_APB1_RELEASE_RESET();
  77              		.loc 1 178 0
  78 0002 4FF0FF32 		mov	r2, #-1
 179:Drivers/STM32F1xx_HAL_Driver/Src/stm32f1xx_hal.c **** 
  79              		.loc 1 179 0
  80 0006 0024     		movs	r4, #0
 178:Drivers/STM32F1xx_HAL_Driver/Src/stm32f1xx_hal.c ****   __HAL_RCC_APB1_RELEASE_RESET();
ARM GAS  /var/folders/m1/3lv6xmzs0mlckxs4mx90nfb40000gn/T//ccKHkGtZ.s 			page 6


  81              		.loc 1 178 0
  82 0008 044B     		ldr	r3, .L6
  83 000a DA60     		str	r2, [r3, #12]
 179:Drivers/STM32F1xx_HAL_Driver/Src/stm32f1xx_hal.c **** 
  84              		.loc 1 179 0
  85 000c 1C61     		str	r4, [r3, #16]
 181:Drivers/STM32F1xx_HAL_Driver/Src/stm32f1xx_hal.c ****   __HAL_RCC_APB2_RELEASE_RESET();
  86              		.loc 1 181 0
  87 000e DA60     		str	r2, [r3, #12]
 182:Drivers/STM32F1xx_HAL_Driver/Src/stm32f1xx_hal.c **** 
  88              		.loc 1 182 0
  89 0010 DC60     		str	r4, [r3, #12]
 190:Drivers/STM32F1xx_HAL_Driver/Src/stm32f1xx_hal.c **** 
  90              		.loc 1 190 0
  91 0012 FFF7FEFF 		bl	HAL_MspDeInit
  92              	.LVL0:
 194:Drivers/STM32F1xx_HAL_Driver/Src/stm32f1xx_hal.c **** 
  93              		.loc 1 194 0
  94 0016 2046     		mov	r0, r4
  95 0018 10BD     		pop	{r4, pc}
  96              	.L7:
  97 001a 00BF     		.align	2
  98              	.L6:
  99 001c 00100240 		.word	1073876992
 100              		.cfi_endproc
 101              	.LFE66:
 103              		.section	.text.HAL_InitTick,"ax",%progbits
 104              		.align	1
 105              		.p2align 2,,3
 106              		.weak	HAL_InitTick
 107              		.syntax unified
 108              		.thumb
 109              		.thumb_func
 110              		.fpu softvfp
 112              	HAL_InitTick:
 113              	.LFB69:
 206:Drivers/STM32F1xx_HAL_Driver/Src/stm32f1xx_hal.c **** 
 207:Drivers/STM32F1xx_HAL_Driver/Src/stm32f1xx_hal.c **** /**
 208:Drivers/STM32F1xx_HAL_Driver/Src/stm32f1xx_hal.c ****   * @brief  DeInitializes the MSP.
 209:Drivers/STM32F1xx_HAL_Driver/Src/stm32f1xx_hal.c ****   * @retval None
 210:Drivers/STM32F1xx_HAL_Driver/Src/stm32f1xx_hal.c ****   */
 211:Drivers/STM32F1xx_HAL_Driver/Src/stm32f1xx_hal.c **** __weak void HAL_MspDeInit(void)
 212:Drivers/STM32F1xx_HAL_Driver/Src/stm32f1xx_hal.c **** {
 213:Drivers/STM32F1xx_HAL_Driver/Src/stm32f1xx_hal.c ****   /* NOTE : This function should not be modified, when the callback is needed,
 214:Drivers/STM32F1xx_HAL_Driver/Src/stm32f1xx_hal.c ****             the HAL_MspDeInit could be implemented in the user file
 215:Drivers/STM32F1xx_HAL_Driver/Src/stm32f1xx_hal.c ****    */
 216:Drivers/STM32F1xx_HAL_Driver/Src/stm32f1xx_hal.c **** }
 217:Drivers/STM32F1xx_HAL_Driver/Src/stm32f1xx_hal.c **** 
 218:Drivers/STM32F1xx_HAL_Driver/Src/stm32f1xx_hal.c **** /**
 219:Drivers/STM32F1xx_HAL_Driver/Src/stm32f1xx_hal.c ****   * @brief This function configures the source of the time base.
 220:Drivers/STM32F1xx_HAL_Driver/Src/stm32f1xx_hal.c ****   *        The time source is configured  to have 1ms time base with a dedicated
 221:Drivers/STM32F1xx_HAL_Driver/Src/stm32f1xx_hal.c ****   *        Tick interrupt priority.
 222:Drivers/STM32F1xx_HAL_Driver/Src/stm32f1xx_hal.c ****   * @note This function is called  automatically at the beginning of program after
 223:Drivers/STM32F1xx_HAL_Driver/Src/stm32f1xx_hal.c ****   *       reset by HAL_Init() or at any time when clock is reconfigured  by HAL_RCC_ClockConfig().
 224:Drivers/STM32F1xx_HAL_Driver/Src/stm32f1xx_hal.c ****   * @note In the default implementation, SysTick timer is the source of time base.
 225:Drivers/STM32F1xx_HAL_Driver/Src/stm32f1xx_hal.c ****   *       It is used to generate interrupts at regular time intervals.
 226:Drivers/STM32F1xx_HAL_Driver/Src/stm32f1xx_hal.c ****   *       Care must be taken if HAL_Delay() is called from a peripheral ISR process,
ARM GAS  /var/folders/m1/3lv6xmzs0mlckxs4mx90nfb40000gn/T//ccKHkGtZ.s 			page 7


 227:Drivers/STM32F1xx_HAL_Driver/Src/stm32f1xx_hal.c ****   *       The SysTick interrupt must have higher priority (numerically lower)
 228:Drivers/STM32F1xx_HAL_Driver/Src/stm32f1xx_hal.c ****   *       than the peripheral interrupt. Otherwise the caller ISR process will be blocked.
 229:Drivers/STM32F1xx_HAL_Driver/Src/stm32f1xx_hal.c ****   *       The function is declared as __weak  to be overwritten  in case of other
 230:Drivers/STM32F1xx_HAL_Driver/Src/stm32f1xx_hal.c ****   *       implementation  in user file.
 231:Drivers/STM32F1xx_HAL_Driver/Src/stm32f1xx_hal.c ****   * @param TickPriority Tick interrupt priority.
 232:Drivers/STM32F1xx_HAL_Driver/Src/stm32f1xx_hal.c ****   * @retval HAL status
 233:Drivers/STM32F1xx_HAL_Driver/Src/stm32f1xx_hal.c ****   */
 234:Drivers/STM32F1xx_HAL_Driver/Src/stm32f1xx_hal.c **** __weak HAL_StatusTypeDef HAL_InitTick(uint32_t TickPriority)
 235:Drivers/STM32F1xx_HAL_Driver/Src/stm32f1xx_hal.c **** {
 114              		.loc 1 235 0
 115              		.cfi_startproc
 116              		@ args = 0, pretend = 0, frame = 0
 117              		@ frame_needed = 0, uses_anonymous_args = 0
 118              	.LVL1:
 119 0000 38B5     		push	{r3, r4, r5, lr}
 120              	.LCFI1:
 121              		.cfi_def_cfa_offset 16
 122              		.cfi_offset 3, -16
 123              		.cfi_offset 4, -12
 124              		.cfi_offset 5, -8
 125              		.cfi_offset 14, -4
 236:Drivers/STM32F1xx_HAL_Driver/Src/stm32f1xx_hal.c ****   /* Configure the SysTick to have interrupt in 1ms time basis*/
 237:Drivers/STM32F1xx_HAL_Driver/Src/stm32f1xx_hal.c ****   if (HAL_SYSTICK_Config(SystemCoreClock / (1000U / uwTickFreq)) > 0U)
 126              		.loc 1 237 0
 127 0002 4FF47A73 		mov	r3, #1000
 128 0006 0D49     		ldr	r1, .L14
 129 0008 0D4A     		ldr	r2, .L14+4
 130 000a 0978     		ldrb	r1, [r1]	@ zero_extendqisi2
 131 000c 1268     		ldr	r2, [r2]
 132 000e B3FBF1F3 		udiv	r3, r3, r1
 235:Drivers/STM32F1xx_HAL_Driver/Src/stm32f1xx_hal.c ****   /* Configure the SysTick to have interrupt in 1ms time basis*/
 133              		.loc 1 235 0
 134 0012 0546     		mov	r5, r0
 135              		.loc 1 237 0
 136 0014 B2FBF3F0 		udiv	r0, r2, r3
 137              	.LVL2:
 138 0018 FFF7FEFF 		bl	HAL_SYSTICK_Config
 139              	.LVL3:
 140 001c 08B9     		cbnz	r0, .L11
 238:Drivers/STM32F1xx_HAL_Driver/Src/stm32f1xx_hal.c ****   {
 239:Drivers/STM32F1xx_HAL_Driver/Src/stm32f1xx_hal.c ****     return HAL_ERROR;
 240:Drivers/STM32F1xx_HAL_Driver/Src/stm32f1xx_hal.c ****   }
 241:Drivers/STM32F1xx_HAL_Driver/Src/stm32f1xx_hal.c **** 
 242:Drivers/STM32F1xx_HAL_Driver/Src/stm32f1xx_hal.c ****   /* Configure the SysTick IRQ priority */
 243:Drivers/STM32F1xx_HAL_Driver/Src/stm32f1xx_hal.c ****   if (TickPriority < (1UL << __NVIC_PRIO_BITS))
 141              		.loc 1 243 0
 142 001e 0F2D     		cmp	r5, #15
 143 0020 01D9     		bls	.L13
 144              	.L11:
 239:Drivers/STM32F1xx_HAL_Driver/Src/stm32f1xx_hal.c ****   }
 145              		.loc 1 239 0
 146 0022 0120     		movs	r0, #1
 244:Drivers/STM32F1xx_HAL_Driver/Src/stm32f1xx_hal.c ****   {
 245:Drivers/STM32F1xx_HAL_Driver/Src/stm32f1xx_hal.c ****     HAL_NVIC_SetPriority(SysTick_IRQn, TickPriority, 0U);
 246:Drivers/STM32F1xx_HAL_Driver/Src/stm32f1xx_hal.c ****     uwTickPrio = TickPriority;
 247:Drivers/STM32F1xx_HAL_Driver/Src/stm32f1xx_hal.c ****   }
 248:Drivers/STM32F1xx_HAL_Driver/Src/stm32f1xx_hal.c ****   else
ARM GAS  /var/folders/m1/3lv6xmzs0mlckxs4mx90nfb40000gn/T//ccKHkGtZ.s 			page 8


 249:Drivers/STM32F1xx_HAL_Driver/Src/stm32f1xx_hal.c ****   {
 250:Drivers/STM32F1xx_HAL_Driver/Src/stm32f1xx_hal.c ****     return HAL_ERROR;
 251:Drivers/STM32F1xx_HAL_Driver/Src/stm32f1xx_hal.c ****   }
 252:Drivers/STM32F1xx_HAL_Driver/Src/stm32f1xx_hal.c **** 
 253:Drivers/STM32F1xx_HAL_Driver/Src/stm32f1xx_hal.c ****   /* Return function status */
 254:Drivers/STM32F1xx_HAL_Driver/Src/stm32f1xx_hal.c ****   return HAL_OK;
 255:Drivers/STM32F1xx_HAL_Driver/Src/stm32f1xx_hal.c **** }
 147              		.loc 1 255 0
 148 0024 38BD     		pop	{r3, r4, r5, pc}
 149              	.LVL4:
 150              	.L13:
 151 0026 0446     		mov	r4, r0
 152              	.LVL5:
 153              	.LBB4:
 154              	.LBB5:
 245:Drivers/STM32F1xx_HAL_Driver/Src/stm32f1xx_hal.c ****     uwTickPrio = TickPriority;
 155              		.loc 1 245 0
 156 0028 0246     		mov	r2, r0
 157 002a 2946     		mov	r1, r5
 158 002c 4FF0FF30 		mov	r0, #-1
 159 0030 FFF7FEFF 		bl	HAL_NVIC_SetPriority
 160              	.LVL6:
 246:Drivers/STM32F1xx_HAL_Driver/Src/stm32f1xx_hal.c ****   }
 161              		.loc 1 246 0
 162 0034 034B     		ldr	r3, .L14+8
 163 0036 2046     		mov	r0, r4
 164 0038 1D60     		str	r5, [r3]
 165              	.LVL7:
 166              	.LBE5:
 167              	.LBE4:
 168              		.loc 1 255 0
 169 003a 38BD     		pop	{r3, r4, r5, pc}
 170              	.LVL8:
 171              	.L15:
 172              		.align	2
 173              	.L14:
 174 003c 00000000 		.word	.LANCHOR0
 175 0040 00000000 		.word	SystemCoreClock
 176 0044 00000000 		.word	.LANCHOR1
 177              		.cfi_endproc
 178              	.LFE69:
 180              		.section	.text.HAL_Init,"ax",%progbits
 181              		.align	1
 182              		.p2align 2,,3
 183              		.global	HAL_Init
 184              		.syntax unified
 185              		.thumb
 186              		.thumb_func
 187              		.fpu softvfp
 189              	HAL_Init:
 190              	.LFB65:
 143:Drivers/STM32F1xx_HAL_Driver/Src/stm32f1xx_hal.c ****   /* Configure Flash prefetch */
 191              		.loc 1 143 0
 192              		.cfi_startproc
 193              		@ args = 0, pretend = 0, frame = 0
 194              		@ frame_needed = 0, uses_anonymous_args = 0
 152:Drivers/STM32F1xx_HAL_Driver/Src/stm32f1xx_hal.c **** #endif
ARM GAS  /var/folders/m1/3lv6xmzs0mlckxs4mx90nfb40000gn/T//ccKHkGtZ.s 			page 9


 195              		.loc 1 152 0
 196 0000 074A     		ldr	r2, .L18
 143:Drivers/STM32F1xx_HAL_Driver/Src/stm32f1xx_hal.c ****   /* Configure Flash prefetch */
 197              		.loc 1 143 0
 198 0002 08B5     		push	{r3, lr}
 199              	.LCFI2:
 200              		.cfi_def_cfa_offset 8
 201              		.cfi_offset 3, -8
 202              		.cfi_offset 14, -4
 152:Drivers/STM32F1xx_HAL_Driver/Src/stm32f1xx_hal.c **** #endif
 203              		.loc 1 152 0
 204 0004 1368     		ldr	r3, [r2]
 157:Drivers/STM32F1xx_HAL_Driver/Src/stm32f1xx_hal.c **** 
 205              		.loc 1 157 0
 206 0006 0320     		movs	r0, #3
 152:Drivers/STM32F1xx_HAL_Driver/Src/stm32f1xx_hal.c **** #endif
 207              		.loc 1 152 0
 208 0008 43F01003 		orr	r3, r3, #16
 209 000c 1360     		str	r3, [r2]
 157:Drivers/STM32F1xx_HAL_Driver/Src/stm32f1xx_hal.c **** 
 210              		.loc 1 157 0
 211 000e FFF7FEFF 		bl	HAL_NVIC_SetPriorityGrouping
 212              	.LVL9:
 160:Drivers/STM32F1xx_HAL_Driver/Src/stm32f1xx_hal.c **** 
 213              		.loc 1 160 0
 214 0012 0020     		movs	r0, #0
 215 0014 FFF7FEFF 		bl	HAL_InitTick
 216              	.LVL10:
 163:Drivers/STM32F1xx_HAL_Driver/Src/stm32f1xx_hal.c **** 
 217              		.loc 1 163 0
 218 0018 FFF7FEFF 		bl	HAL_MspInit
 219              	.LVL11:
 167:Drivers/STM32F1xx_HAL_Driver/Src/stm32f1xx_hal.c **** 
 220              		.loc 1 167 0
 221 001c 0020     		movs	r0, #0
 222 001e 08BD     		pop	{r3, pc}
 223              	.L19:
 224              		.align	2
 225              	.L18:
 226 0020 00200240 		.word	1073881088
 227              		.cfi_endproc
 228              	.LFE65:
 230              		.section	.text.HAL_IncTick,"ax",%progbits
 231              		.align	1
 232              		.p2align 2,,3
 233              		.weak	HAL_IncTick
 234              		.syntax unified
 235              		.thumb
 236              		.thumb_func
 237              		.fpu softvfp
 239              	HAL_IncTick:
 240              	.LFB70:
 256:Drivers/STM32F1xx_HAL_Driver/Src/stm32f1xx_hal.c **** 
 257:Drivers/STM32F1xx_HAL_Driver/Src/stm32f1xx_hal.c **** /**
 258:Drivers/STM32F1xx_HAL_Driver/Src/stm32f1xx_hal.c ****   * @}
 259:Drivers/STM32F1xx_HAL_Driver/Src/stm32f1xx_hal.c ****   */
 260:Drivers/STM32F1xx_HAL_Driver/Src/stm32f1xx_hal.c **** 
ARM GAS  /var/folders/m1/3lv6xmzs0mlckxs4mx90nfb40000gn/T//ccKHkGtZ.s 			page 10


 261:Drivers/STM32F1xx_HAL_Driver/Src/stm32f1xx_hal.c **** /** @defgroup HAL_Exported_Functions_Group2 HAL Control functions
 262:Drivers/STM32F1xx_HAL_Driver/Src/stm32f1xx_hal.c ****   *  @brief    HAL Control functions
 263:Drivers/STM32F1xx_HAL_Driver/Src/stm32f1xx_hal.c ****   *
 264:Drivers/STM32F1xx_HAL_Driver/Src/stm32f1xx_hal.c **** @verbatim
 265:Drivers/STM32F1xx_HAL_Driver/Src/stm32f1xx_hal.c ****  ===============================================================================
 266:Drivers/STM32F1xx_HAL_Driver/Src/stm32f1xx_hal.c ****                       ##### HAL Control functions #####
 267:Drivers/STM32F1xx_HAL_Driver/Src/stm32f1xx_hal.c ****  ===============================================================================
 268:Drivers/STM32F1xx_HAL_Driver/Src/stm32f1xx_hal.c ****     [..]  This section provides functions allowing to:
 269:Drivers/STM32F1xx_HAL_Driver/Src/stm32f1xx_hal.c ****       (+) Provide a tick value in millisecond
 270:Drivers/STM32F1xx_HAL_Driver/Src/stm32f1xx_hal.c ****       (+) Provide a blocking delay in millisecond
 271:Drivers/STM32F1xx_HAL_Driver/Src/stm32f1xx_hal.c ****       (+) Suspend the time base source interrupt
 272:Drivers/STM32F1xx_HAL_Driver/Src/stm32f1xx_hal.c ****       (+) Resume the time base source interrupt
 273:Drivers/STM32F1xx_HAL_Driver/Src/stm32f1xx_hal.c ****       (+) Get the HAL API driver version
 274:Drivers/STM32F1xx_HAL_Driver/Src/stm32f1xx_hal.c ****       (+) Get the device identifier
 275:Drivers/STM32F1xx_HAL_Driver/Src/stm32f1xx_hal.c ****       (+) Get the device revision identifier
 276:Drivers/STM32F1xx_HAL_Driver/Src/stm32f1xx_hal.c ****       (+) Enable/Disable Debug module during SLEEP mode
 277:Drivers/STM32F1xx_HAL_Driver/Src/stm32f1xx_hal.c ****       (+) Enable/Disable Debug module during STOP mode
 278:Drivers/STM32F1xx_HAL_Driver/Src/stm32f1xx_hal.c ****       (+) Enable/Disable Debug module during STANDBY mode
 279:Drivers/STM32F1xx_HAL_Driver/Src/stm32f1xx_hal.c **** 
 280:Drivers/STM32F1xx_HAL_Driver/Src/stm32f1xx_hal.c **** @endverbatim
 281:Drivers/STM32F1xx_HAL_Driver/Src/stm32f1xx_hal.c ****   * @{
 282:Drivers/STM32F1xx_HAL_Driver/Src/stm32f1xx_hal.c ****   */
 283:Drivers/STM32F1xx_HAL_Driver/Src/stm32f1xx_hal.c **** 
 284:Drivers/STM32F1xx_HAL_Driver/Src/stm32f1xx_hal.c **** /**
 285:Drivers/STM32F1xx_HAL_Driver/Src/stm32f1xx_hal.c ****   * @brief This function is called to increment  a global variable "uwTick"
 286:Drivers/STM32F1xx_HAL_Driver/Src/stm32f1xx_hal.c ****   *        used as application time base.
 287:Drivers/STM32F1xx_HAL_Driver/Src/stm32f1xx_hal.c ****   * @note In the default implementation, this variable is incremented each 1ms
 288:Drivers/STM32F1xx_HAL_Driver/Src/stm32f1xx_hal.c ****   *       in SysTick ISR.
 289:Drivers/STM32F1xx_HAL_Driver/Src/stm32f1xx_hal.c ****   * @note This function is declared as __weak to be overwritten in case of other
 290:Drivers/STM32F1xx_HAL_Driver/Src/stm32f1xx_hal.c ****   *      implementations in user file.
 291:Drivers/STM32F1xx_HAL_Driver/Src/stm32f1xx_hal.c ****   * @retval None
 292:Drivers/STM32F1xx_HAL_Driver/Src/stm32f1xx_hal.c ****   */
 293:Drivers/STM32F1xx_HAL_Driver/Src/stm32f1xx_hal.c **** __weak void HAL_IncTick(void)
 294:Drivers/STM32F1xx_HAL_Driver/Src/stm32f1xx_hal.c **** {
 241              		.loc 1 294 0
 242              		.cfi_startproc
 243              		@ args = 0, pretend = 0, frame = 0
 244              		@ frame_needed = 0, uses_anonymous_args = 0
 245              		@ link register save eliminated.
 295:Drivers/STM32F1xx_HAL_Driver/Src/stm32f1xx_hal.c ****   uwTick += uwTickFreq;
 246              		.loc 1 295 0
 247 0000 034A     		ldr	r2, .L21
 248 0002 044B     		ldr	r3, .L21+4
 249 0004 1168     		ldr	r1, [r2]
 250 0006 1B78     		ldrb	r3, [r3]	@ zero_extendqisi2
 251 0008 0B44     		add	r3, r3, r1
 252 000a 1360     		str	r3, [r2]
 296:Drivers/STM32F1xx_HAL_Driver/Src/stm32f1xx_hal.c **** }
 253              		.loc 1 296 0
 254 000c 7047     		bx	lr
 255              	.L22:
 256 000e 00BF     		.align	2
 257              	.L21:
 258 0010 00000000 		.word	uwTick
 259 0014 00000000 		.word	.LANCHOR0
 260              		.cfi_endproc
 261              	.LFE70:
ARM GAS  /var/folders/m1/3lv6xmzs0mlckxs4mx90nfb40000gn/T//ccKHkGtZ.s 			page 11


 263              		.section	.text.HAL_GetTick,"ax",%progbits
 264              		.align	1
 265              		.p2align 2,,3
 266              		.weak	HAL_GetTick
 267              		.syntax unified
 268              		.thumb
 269              		.thumb_func
 270              		.fpu softvfp
 272              	HAL_GetTick:
 273              	.LFB71:
 297:Drivers/STM32F1xx_HAL_Driver/Src/stm32f1xx_hal.c **** 
 298:Drivers/STM32F1xx_HAL_Driver/Src/stm32f1xx_hal.c **** /**
 299:Drivers/STM32F1xx_HAL_Driver/Src/stm32f1xx_hal.c ****   * @brief Provides a tick value in millisecond.
 300:Drivers/STM32F1xx_HAL_Driver/Src/stm32f1xx_hal.c ****   * @note  This function is declared as __weak to be overwritten in case of other
 301:Drivers/STM32F1xx_HAL_Driver/Src/stm32f1xx_hal.c ****   *       implementations in user file.
 302:Drivers/STM32F1xx_HAL_Driver/Src/stm32f1xx_hal.c ****   * @retval tick value
 303:Drivers/STM32F1xx_HAL_Driver/Src/stm32f1xx_hal.c ****   */
 304:Drivers/STM32F1xx_HAL_Driver/Src/stm32f1xx_hal.c **** __weak uint32_t HAL_GetTick(void)
 305:Drivers/STM32F1xx_HAL_Driver/Src/stm32f1xx_hal.c **** {
 274              		.loc 1 305 0
 275              		.cfi_startproc
 276              		@ args = 0, pretend = 0, frame = 0
 277              		@ frame_needed = 0, uses_anonymous_args = 0
 278              		@ link register save eliminated.
 306:Drivers/STM32F1xx_HAL_Driver/Src/stm32f1xx_hal.c ****   return uwTick;
 279              		.loc 1 306 0
 280 0000 014B     		ldr	r3, .L24
 281 0002 1868     		ldr	r0, [r3]
 307:Drivers/STM32F1xx_HAL_Driver/Src/stm32f1xx_hal.c **** }
 282              		.loc 1 307 0
 283 0004 7047     		bx	lr
 284              	.L25:
 285 0006 00BF     		.align	2
 286              	.L24:
 287 0008 00000000 		.word	uwTick
 288              		.cfi_endproc
 289              	.LFE71:
 291              		.section	.text.HAL_GetTickPrio,"ax",%progbits
 292              		.align	1
 293              		.p2align 2,,3
 294              		.global	HAL_GetTickPrio
 295              		.syntax unified
 296              		.thumb
 297              		.thumb_func
 298              		.fpu softvfp
 300              	HAL_GetTickPrio:
 301              	.LFB72:
 308:Drivers/STM32F1xx_HAL_Driver/Src/stm32f1xx_hal.c **** 
 309:Drivers/STM32F1xx_HAL_Driver/Src/stm32f1xx_hal.c **** /**
 310:Drivers/STM32F1xx_HAL_Driver/Src/stm32f1xx_hal.c ****   * @brief This function returns a tick priority.
 311:Drivers/STM32F1xx_HAL_Driver/Src/stm32f1xx_hal.c ****   * @retval tick priority
 312:Drivers/STM32F1xx_HAL_Driver/Src/stm32f1xx_hal.c ****   */
 313:Drivers/STM32F1xx_HAL_Driver/Src/stm32f1xx_hal.c **** uint32_t HAL_GetTickPrio(void)
 314:Drivers/STM32F1xx_HAL_Driver/Src/stm32f1xx_hal.c **** {
 302              		.loc 1 314 0
 303              		.cfi_startproc
 304              		@ args = 0, pretend = 0, frame = 0
ARM GAS  /var/folders/m1/3lv6xmzs0mlckxs4mx90nfb40000gn/T//ccKHkGtZ.s 			page 12


 305              		@ frame_needed = 0, uses_anonymous_args = 0
 306              		@ link register save eliminated.
 315:Drivers/STM32F1xx_HAL_Driver/Src/stm32f1xx_hal.c ****   return uwTickPrio;
 307              		.loc 1 315 0
 308 0000 014B     		ldr	r3, .L27
 316:Drivers/STM32F1xx_HAL_Driver/Src/stm32f1xx_hal.c **** }
 309              		.loc 1 316 0
 310 0002 1868     		ldr	r0, [r3]
 311 0004 7047     		bx	lr
 312              	.L28:
 313 0006 00BF     		.align	2
 314              	.L27:
 315 0008 00000000 		.word	.LANCHOR1
 316              		.cfi_endproc
 317              	.LFE72:
 319              		.section	.text.HAL_SetTickFreq,"ax",%progbits
 320              		.align	1
 321              		.p2align 2,,3
 322              		.global	HAL_SetTickFreq
 323              		.syntax unified
 324              		.thumb
 325              		.thumb_func
 326              		.fpu softvfp
 328              	HAL_SetTickFreq:
 329              	.LFB73:
 317:Drivers/STM32F1xx_HAL_Driver/Src/stm32f1xx_hal.c **** 
 318:Drivers/STM32F1xx_HAL_Driver/Src/stm32f1xx_hal.c **** /**
 319:Drivers/STM32F1xx_HAL_Driver/Src/stm32f1xx_hal.c ****   * @brief Set new tick Freq.
 320:Drivers/STM32F1xx_HAL_Driver/Src/stm32f1xx_hal.c ****   * @retval status
 321:Drivers/STM32F1xx_HAL_Driver/Src/stm32f1xx_hal.c ****   */
 322:Drivers/STM32F1xx_HAL_Driver/Src/stm32f1xx_hal.c **** HAL_StatusTypeDef HAL_SetTickFreq(HAL_TickFreqTypeDef Freq)
 323:Drivers/STM32F1xx_HAL_Driver/Src/stm32f1xx_hal.c **** {
 330              		.loc 1 323 0
 331              		.cfi_startproc
 332              		@ args = 0, pretend = 0, frame = 0
 333              		@ frame_needed = 0, uses_anonymous_args = 0
 334              	.LVL12:
 335 0000 38B5     		push	{r3, r4, r5, lr}
 336              	.LCFI3:
 337              		.cfi_def_cfa_offset 16
 338              		.cfi_offset 3, -16
 339              		.cfi_offset 4, -12
 340              		.cfi_offset 5, -8
 341              		.cfi_offset 14, -4
 324:Drivers/STM32F1xx_HAL_Driver/Src/stm32f1xx_hal.c ****   HAL_StatusTypeDef status  = HAL_OK;
 325:Drivers/STM32F1xx_HAL_Driver/Src/stm32f1xx_hal.c ****   assert_param(IS_TICKFREQ(Freq));
 326:Drivers/STM32F1xx_HAL_Driver/Src/stm32f1xx_hal.c **** 
 327:Drivers/STM32F1xx_HAL_Driver/Src/stm32f1xx_hal.c ****   if (uwTickFreq != Freq)
 342              		.loc 1 327 0
 343 0002 074D     		ldr	r5, .L33
 344 0004 2B78     		ldrb	r3, [r5]	@ zero_extendqisi2
 345 0006 8342     		cmp	r3, r0
 346 0008 07D0     		beq	.L31
 328:Drivers/STM32F1xx_HAL_Driver/Src/stm32f1xx_hal.c ****   {
 329:Drivers/STM32F1xx_HAL_Driver/Src/stm32f1xx_hal.c ****     /* Apply the new tick Freq  */
 330:Drivers/STM32F1xx_HAL_Driver/Src/stm32f1xx_hal.c ****     status = HAL_InitTick(uwTickPrio);
 347              		.loc 1 330 0
ARM GAS  /var/folders/m1/3lv6xmzs0mlckxs4mx90nfb40000gn/T//ccKHkGtZ.s 			page 13


 348 000a 064B     		ldr	r3, .L33+4
 349 000c 0446     		mov	r4, r0
 350 000e 1868     		ldr	r0, [r3]
 351              	.LVL13:
 352 0010 FFF7FEFF 		bl	HAL_InitTick
 353              	.LVL14:
 331:Drivers/STM32F1xx_HAL_Driver/Src/stm32f1xx_hal.c ****     if (status == HAL_OK)
 354              		.loc 1 331 0
 355 0014 00B9     		cbnz	r0, .L30
 332:Drivers/STM32F1xx_HAL_Driver/Src/stm32f1xx_hal.c ****     {
 333:Drivers/STM32F1xx_HAL_Driver/Src/stm32f1xx_hal.c ****       uwTickFreq = Freq;
 356              		.loc 1 333 0
 357 0016 2C70     		strb	r4, [r5]
 358              	.L30:
 334:Drivers/STM32F1xx_HAL_Driver/Src/stm32f1xx_hal.c ****     }
 335:Drivers/STM32F1xx_HAL_Driver/Src/stm32f1xx_hal.c ****   }
 336:Drivers/STM32F1xx_HAL_Driver/Src/stm32f1xx_hal.c **** 
 337:Drivers/STM32F1xx_HAL_Driver/Src/stm32f1xx_hal.c ****   return status;
 338:Drivers/STM32F1xx_HAL_Driver/Src/stm32f1xx_hal.c **** }
 359              		.loc 1 338 0
 360 0018 38BD     		pop	{r3, r4, r5, pc}
 361              	.LVL15:
 362              	.L31:
 324:Drivers/STM32F1xx_HAL_Driver/Src/stm32f1xx_hal.c ****   assert_param(IS_TICKFREQ(Freq));
 363              		.loc 1 324 0
 364 001a 0020     		movs	r0, #0
 365              	.LVL16:
 366              		.loc 1 338 0
 367 001c 38BD     		pop	{r3, r4, r5, pc}
 368              	.L34:
 369 001e 00BF     		.align	2
 370              	.L33:
 371 0020 00000000 		.word	.LANCHOR0
 372 0024 00000000 		.word	.LANCHOR1
 373              		.cfi_endproc
 374              	.LFE73:
 376              		.section	.text.HAL_GetTickFreq,"ax",%progbits
 377              		.align	1
 378              		.p2align 2,,3
 379              		.global	HAL_GetTickFreq
 380              		.syntax unified
 381              		.thumb
 382              		.thumb_func
 383              		.fpu softvfp
 385              	HAL_GetTickFreq:
 386              	.LFB74:
 339:Drivers/STM32F1xx_HAL_Driver/Src/stm32f1xx_hal.c **** 
 340:Drivers/STM32F1xx_HAL_Driver/Src/stm32f1xx_hal.c **** /**
 341:Drivers/STM32F1xx_HAL_Driver/Src/stm32f1xx_hal.c ****   * @brief Return tick frequency.
 342:Drivers/STM32F1xx_HAL_Driver/Src/stm32f1xx_hal.c ****   * @retval tick period in Hz
 343:Drivers/STM32F1xx_HAL_Driver/Src/stm32f1xx_hal.c ****   */
 344:Drivers/STM32F1xx_HAL_Driver/Src/stm32f1xx_hal.c **** HAL_TickFreqTypeDef HAL_GetTickFreq(void)
 345:Drivers/STM32F1xx_HAL_Driver/Src/stm32f1xx_hal.c **** {
 387              		.loc 1 345 0
 388              		.cfi_startproc
 389              		@ args = 0, pretend = 0, frame = 0
 390              		@ frame_needed = 0, uses_anonymous_args = 0
ARM GAS  /var/folders/m1/3lv6xmzs0mlckxs4mx90nfb40000gn/T//ccKHkGtZ.s 			page 14


 391              		@ link register save eliminated.
 346:Drivers/STM32F1xx_HAL_Driver/Src/stm32f1xx_hal.c ****   return uwTickFreq;
 392              		.loc 1 346 0
 393 0000 014B     		ldr	r3, .L36
 347:Drivers/STM32F1xx_HAL_Driver/Src/stm32f1xx_hal.c **** }
 394              		.loc 1 347 0
 395 0002 1878     		ldrb	r0, [r3]	@ zero_extendqisi2
 396 0004 7047     		bx	lr
 397              	.L37:
 398 0006 00BF     		.align	2
 399              	.L36:
 400 0008 00000000 		.word	.LANCHOR0
 401              		.cfi_endproc
 402              	.LFE74:
 404              		.section	.text.HAL_Delay,"ax",%progbits
 405              		.align	1
 406              		.p2align 2,,3
 407              		.weak	HAL_Delay
 408              		.syntax unified
 409              		.thumb
 410              		.thumb_func
 411              		.fpu softvfp
 413              	HAL_Delay:
 414              	.LFB75:
 348:Drivers/STM32F1xx_HAL_Driver/Src/stm32f1xx_hal.c **** 
 349:Drivers/STM32F1xx_HAL_Driver/Src/stm32f1xx_hal.c **** /**
 350:Drivers/STM32F1xx_HAL_Driver/Src/stm32f1xx_hal.c ****   * @brief This function provides minimum delay (in milliseconds) based
 351:Drivers/STM32F1xx_HAL_Driver/Src/stm32f1xx_hal.c ****   *        on variable incremented.
 352:Drivers/STM32F1xx_HAL_Driver/Src/stm32f1xx_hal.c ****   * @note In the default implementation , SysTick timer is the source of time base.
 353:Drivers/STM32F1xx_HAL_Driver/Src/stm32f1xx_hal.c ****   *       It is used to generate interrupts at regular time intervals where uwTick
 354:Drivers/STM32F1xx_HAL_Driver/Src/stm32f1xx_hal.c ****   *       is incremented.
 355:Drivers/STM32F1xx_HAL_Driver/Src/stm32f1xx_hal.c ****   * @note This function is declared as __weak to be overwritten in case of other
 356:Drivers/STM32F1xx_HAL_Driver/Src/stm32f1xx_hal.c ****   *       implementations in user file.
 357:Drivers/STM32F1xx_HAL_Driver/Src/stm32f1xx_hal.c ****   * @param Delay specifies the delay time length, in milliseconds.
 358:Drivers/STM32F1xx_HAL_Driver/Src/stm32f1xx_hal.c ****   * @retval None
 359:Drivers/STM32F1xx_HAL_Driver/Src/stm32f1xx_hal.c ****   */
 360:Drivers/STM32F1xx_HAL_Driver/Src/stm32f1xx_hal.c **** __weak void HAL_Delay(uint32_t Delay)
 361:Drivers/STM32F1xx_HAL_Driver/Src/stm32f1xx_hal.c **** {
 415              		.loc 1 361 0
 416              		.cfi_startproc
 417              		@ args = 0, pretend = 0, frame = 0
 418              		@ frame_needed = 0, uses_anonymous_args = 0
 419              	.LVL17:
 420 0000 38B5     		push	{r3, r4, r5, lr}
 421              	.LCFI4:
 422              		.cfi_def_cfa_offset 16
 423              		.cfi_offset 3, -16
 424              		.cfi_offset 4, -12
 425              		.cfi_offset 5, -8
 426              		.cfi_offset 14, -4
 427              		.loc 1 361 0
 428 0002 0446     		mov	r4, r0
 362:Drivers/STM32F1xx_HAL_Driver/Src/stm32f1xx_hal.c ****   uint32_t tickstart = HAL_GetTick();
 429              		.loc 1 362 0
 430 0004 FFF7FEFF 		bl	HAL_GetTick
 431              	.LVL18:
 363:Drivers/STM32F1xx_HAL_Driver/Src/stm32f1xx_hal.c ****   uint32_t wait = Delay;
ARM GAS  /var/folders/m1/3lv6xmzs0mlckxs4mx90nfb40000gn/T//ccKHkGtZ.s 			page 15


 364:Drivers/STM32F1xx_HAL_Driver/Src/stm32f1xx_hal.c **** 
 365:Drivers/STM32F1xx_HAL_Driver/Src/stm32f1xx_hal.c ****   /* Add a freq to guarantee minimum wait */
 366:Drivers/STM32F1xx_HAL_Driver/Src/stm32f1xx_hal.c ****   if (wait < HAL_MAX_DELAY)
 432              		.loc 1 366 0
 433 0008 631C     		adds	r3, r4, #1
 362:Drivers/STM32F1xx_HAL_Driver/Src/stm32f1xx_hal.c ****   uint32_t tickstart = HAL_GetTick();
 434              		.loc 1 362 0
 435 000a 0546     		mov	r5, r0
 436              	.LVL19:
 437              		.loc 1 366 0
 438 000c 02D0     		beq	.L40
 367:Drivers/STM32F1xx_HAL_Driver/Src/stm32f1xx_hal.c ****   {
 368:Drivers/STM32F1xx_HAL_Driver/Src/stm32f1xx_hal.c ****     wait += (uint32_t)(uwTickFreq);
 439              		.loc 1 368 0
 440 000e 044B     		ldr	r3, .L46
 441 0010 1B78     		ldrb	r3, [r3]	@ zero_extendqisi2
 442 0012 1C44     		add	r4, r4, r3
 443              	.LVL20:
 444              	.L40:
 369:Drivers/STM32F1xx_HAL_Driver/Src/stm32f1xx_hal.c ****   }
 370:Drivers/STM32F1xx_HAL_Driver/Src/stm32f1xx_hal.c **** 
 371:Drivers/STM32F1xx_HAL_Driver/Src/stm32f1xx_hal.c ****   while ((HAL_GetTick() - tickstart) < wait)
 445              		.loc 1 371 0 discriminator 1
 446 0014 FFF7FEFF 		bl	HAL_GetTick
 447              	.LVL21:
 448 0018 401B     		subs	r0, r0, r5
 449 001a A042     		cmp	r0, r4
 450 001c FAD3     		bcc	.L40
 372:Drivers/STM32F1xx_HAL_Driver/Src/stm32f1xx_hal.c ****   {
 373:Drivers/STM32F1xx_HAL_Driver/Src/stm32f1xx_hal.c ****   }
 374:Drivers/STM32F1xx_HAL_Driver/Src/stm32f1xx_hal.c **** }
 451              		.loc 1 374 0
 452 001e 38BD     		pop	{r3, r4, r5, pc}
 453              	.LVL22:
 454              	.L47:
 455              		.align	2
 456              	.L46:
 457 0020 00000000 		.word	.LANCHOR0
 458              		.cfi_endproc
 459              	.LFE75:
 461              		.section	.text.HAL_SuspendTick,"ax",%progbits
 462              		.align	1
 463              		.p2align 2,,3
 464              		.weak	HAL_SuspendTick
 465              		.syntax unified
 466              		.thumb
 467              		.thumb_func
 468              		.fpu softvfp
 470              	HAL_SuspendTick:
 471              	.LFB76:
 375:Drivers/STM32F1xx_HAL_Driver/Src/stm32f1xx_hal.c **** 
 376:Drivers/STM32F1xx_HAL_Driver/Src/stm32f1xx_hal.c **** /**
 377:Drivers/STM32F1xx_HAL_Driver/Src/stm32f1xx_hal.c ****   * @brief Suspend Tick increment.
 378:Drivers/STM32F1xx_HAL_Driver/Src/stm32f1xx_hal.c ****   * @note In the default implementation , SysTick timer is the source of time base. It is
 379:Drivers/STM32F1xx_HAL_Driver/Src/stm32f1xx_hal.c ****   *       used to generate interrupts at regular time intervals. Once HAL_SuspendTick()
 380:Drivers/STM32F1xx_HAL_Driver/Src/stm32f1xx_hal.c ****   *       is called, the SysTick interrupt will be disabled and so Tick increment
 381:Drivers/STM32F1xx_HAL_Driver/Src/stm32f1xx_hal.c ****   *       is suspended.
ARM GAS  /var/folders/m1/3lv6xmzs0mlckxs4mx90nfb40000gn/T//ccKHkGtZ.s 			page 16


 382:Drivers/STM32F1xx_HAL_Driver/Src/stm32f1xx_hal.c ****   * @note This function is declared as __weak to be overwritten in case of other
 383:Drivers/STM32F1xx_HAL_Driver/Src/stm32f1xx_hal.c ****   *       implementations in user file.
 384:Drivers/STM32F1xx_HAL_Driver/Src/stm32f1xx_hal.c ****   * @retval None
 385:Drivers/STM32F1xx_HAL_Driver/Src/stm32f1xx_hal.c ****   */
 386:Drivers/STM32F1xx_HAL_Driver/Src/stm32f1xx_hal.c **** __weak void HAL_SuspendTick(void)
 387:Drivers/STM32F1xx_HAL_Driver/Src/stm32f1xx_hal.c **** {
 472              		.loc 1 387 0
 473              		.cfi_startproc
 474              		@ args = 0, pretend = 0, frame = 0
 475              		@ frame_needed = 0, uses_anonymous_args = 0
 476              		@ link register save eliminated.
 388:Drivers/STM32F1xx_HAL_Driver/Src/stm32f1xx_hal.c ****   /* Disable SysTick Interrupt */
 389:Drivers/STM32F1xx_HAL_Driver/Src/stm32f1xx_hal.c ****   CLEAR_BIT(SysTick->CTRL, SysTick_CTRL_TICKINT_Msk);
 477              		.loc 1 389 0
 478 0000 024A     		ldr	r2, .L49
 479 0002 1368     		ldr	r3, [r2]
 480 0004 23F00203 		bic	r3, r3, #2
 481 0008 1360     		str	r3, [r2]
 390:Drivers/STM32F1xx_HAL_Driver/Src/stm32f1xx_hal.c **** }
 482              		.loc 1 390 0
 483 000a 7047     		bx	lr
 484              	.L50:
 485              		.align	2
 486              	.L49:
 487 000c 10E000E0 		.word	-536813552
 488              		.cfi_endproc
 489              	.LFE76:
 491              		.section	.text.HAL_ResumeTick,"ax",%progbits
 492              		.align	1
 493              		.p2align 2,,3
 494              		.weak	HAL_ResumeTick
 495              		.syntax unified
 496              		.thumb
 497              		.thumb_func
 498              		.fpu softvfp
 500              	HAL_ResumeTick:
 501              	.LFB77:
 391:Drivers/STM32F1xx_HAL_Driver/Src/stm32f1xx_hal.c **** 
 392:Drivers/STM32F1xx_HAL_Driver/Src/stm32f1xx_hal.c **** /**
 393:Drivers/STM32F1xx_HAL_Driver/Src/stm32f1xx_hal.c ****   * @brief Resume Tick increment.
 394:Drivers/STM32F1xx_HAL_Driver/Src/stm32f1xx_hal.c ****   * @note In the default implementation , SysTick timer is the source of time base. It is
 395:Drivers/STM32F1xx_HAL_Driver/Src/stm32f1xx_hal.c ****   *       used to generate interrupts at regular time intervals. Once HAL_ResumeTick()
 396:Drivers/STM32F1xx_HAL_Driver/Src/stm32f1xx_hal.c ****   *       is called, the SysTick interrupt will be enabled and so Tick increment
 397:Drivers/STM32F1xx_HAL_Driver/Src/stm32f1xx_hal.c ****   *       is resumed.
 398:Drivers/STM32F1xx_HAL_Driver/Src/stm32f1xx_hal.c ****   * @note This function is declared as __weak to be overwritten in case of other
 399:Drivers/STM32F1xx_HAL_Driver/Src/stm32f1xx_hal.c ****   *       implementations in user file.
 400:Drivers/STM32F1xx_HAL_Driver/Src/stm32f1xx_hal.c ****   * @retval None
 401:Drivers/STM32F1xx_HAL_Driver/Src/stm32f1xx_hal.c ****   */
 402:Drivers/STM32F1xx_HAL_Driver/Src/stm32f1xx_hal.c **** __weak void HAL_ResumeTick(void)
 403:Drivers/STM32F1xx_HAL_Driver/Src/stm32f1xx_hal.c **** {
 502              		.loc 1 403 0
 503              		.cfi_startproc
 504              		@ args = 0, pretend = 0, frame = 0
 505              		@ frame_needed = 0, uses_anonymous_args = 0
 506              		@ link register save eliminated.
 404:Drivers/STM32F1xx_HAL_Driver/Src/stm32f1xx_hal.c ****   /* Enable SysTick Interrupt */
 405:Drivers/STM32F1xx_HAL_Driver/Src/stm32f1xx_hal.c ****   SET_BIT(SysTick->CTRL, SysTick_CTRL_TICKINT_Msk);
ARM GAS  /var/folders/m1/3lv6xmzs0mlckxs4mx90nfb40000gn/T//ccKHkGtZ.s 			page 17


 507              		.loc 1 405 0
 508 0000 024A     		ldr	r2, .L52
 509 0002 1368     		ldr	r3, [r2]
 510 0004 43F00203 		orr	r3, r3, #2
 511 0008 1360     		str	r3, [r2]
 406:Drivers/STM32F1xx_HAL_Driver/Src/stm32f1xx_hal.c **** }
 512              		.loc 1 406 0
 513 000a 7047     		bx	lr
 514              	.L53:
 515              		.align	2
 516              	.L52:
 517 000c 10E000E0 		.word	-536813552
 518              		.cfi_endproc
 519              	.LFE77:
 521              		.section	.text.HAL_GetHalVersion,"ax",%progbits
 522              		.align	1
 523              		.p2align 2,,3
 524              		.global	HAL_GetHalVersion
 525              		.syntax unified
 526              		.thumb
 527              		.thumb_func
 528              		.fpu softvfp
 530              	HAL_GetHalVersion:
 531              	.LFB78:
 407:Drivers/STM32F1xx_HAL_Driver/Src/stm32f1xx_hal.c **** 
 408:Drivers/STM32F1xx_HAL_Driver/Src/stm32f1xx_hal.c **** /**
 409:Drivers/STM32F1xx_HAL_Driver/Src/stm32f1xx_hal.c ****   * @brief  Returns the HAL revision
 410:Drivers/STM32F1xx_HAL_Driver/Src/stm32f1xx_hal.c ****   * @retval version 0xXYZR (8bits for each decimal, R for RC)
 411:Drivers/STM32F1xx_HAL_Driver/Src/stm32f1xx_hal.c ****   */
 412:Drivers/STM32F1xx_HAL_Driver/Src/stm32f1xx_hal.c **** uint32_t HAL_GetHalVersion(void)
 413:Drivers/STM32F1xx_HAL_Driver/Src/stm32f1xx_hal.c **** {
 532              		.loc 1 413 0
 533              		.cfi_startproc
 534              		@ args = 0, pretend = 0, frame = 0
 535              		@ frame_needed = 0, uses_anonymous_args = 0
 536              		@ link register save eliminated.
 414:Drivers/STM32F1xx_HAL_Driver/Src/stm32f1xx_hal.c ****   return __STM32F1xx_HAL_VERSION;
 415:Drivers/STM32F1xx_HAL_Driver/Src/stm32f1xx_hal.c **** }
 537              		.loc 1 415 0
 538 0000 0048     		ldr	r0, .L55
 539 0002 7047     		bx	lr
 540              	.L56:
 541              		.align	2
 542              	.L55:
 543 0004 00040101 		.word	16843776
 544              		.cfi_endproc
 545              	.LFE78:
 547              		.section	.text.HAL_GetREVID,"ax",%progbits
 548              		.align	1
 549              		.p2align 2,,3
 550              		.global	HAL_GetREVID
 551              		.syntax unified
 552              		.thumb
 553              		.thumb_func
 554              		.fpu softvfp
 556              	HAL_GetREVID:
 557              	.LFB79:
ARM GAS  /var/folders/m1/3lv6xmzs0mlckxs4mx90nfb40000gn/T//ccKHkGtZ.s 			page 18


 416:Drivers/STM32F1xx_HAL_Driver/Src/stm32f1xx_hal.c **** 
 417:Drivers/STM32F1xx_HAL_Driver/Src/stm32f1xx_hal.c **** /**
 418:Drivers/STM32F1xx_HAL_Driver/Src/stm32f1xx_hal.c ****   * @brief Returns the device revision identifier.
 419:Drivers/STM32F1xx_HAL_Driver/Src/stm32f1xx_hal.c ****   * Note: On devices STM32F10xx8 and STM32F10xxB,
 420:Drivers/STM32F1xx_HAL_Driver/Src/stm32f1xx_hal.c ****   *                  STM32F101xC/D/E and STM32F103xC/D/E,
 421:Drivers/STM32F1xx_HAL_Driver/Src/stm32f1xx_hal.c ****   *                  STM32F101xF/G and STM32F103xF/G
 422:Drivers/STM32F1xx_HAL_Driver/Src/stm32f1xx_hal.c ****   *                  STM32F10xx4 and STM32F10xx6
 423:Drivers/STM32F1xx_HAL_Driver/Src/stm32f1xx_hal.c ****   *       Debug registers DBGMCU_IDCODE and DBGMCU_CR are accessible only in
 424:Drivers/STM32F1xx_HAL_Driver/Src/stm32f1xx_hal.c ****   *       debug mode (not accessible by the user software in normal mode).
 425:Drivers/STM32F1xx_HAL_Driver/Src/stm32f1xx_hal.c ****   *       Refer to errata sheet of these devices for more details.
 426:Drivers/STM32F1xx_HAL_Driver/Src/stm32f1xx_hal.c ****   * @retval Device revision identifier
 427:Drivers/STM32F1xx_HAL_Driver/Src/stm32f1xx_hal.c ****   */
 428:Drivers/STM32F1xx_HAL_Driver/Src/stm32f1xx_hal.c **** uint32_t HAL_GetREVID(void)
 429:Drivers/STM32F1xx_HAL_Driver/Src/stm32f1xx_hal.c **** {
 558              		.loc 1 429 0
 559              		.cfi_startproc
 560              		@ args = 0, pretend = 0, frame = 0
 561              		@ frame_needed = 0, uses_anonymous_args = 0
 562              		@ link register save eliminated.
 430:Drivers/STM32F1xx_HAL_Driver/Src/stm32f1xx_hal.c ****   return ((DBGMCU->IDCODE) >> DBGMCU_IDCODE_REV_ID_Pos);
 563              		.loc 1 430 0
 564 0000 014B     		ldr	r3, .L58
 565 0002 1868     		ldr	r0, [r3]
 431:Drivers/STM32F1xx_HAL_Driver/Src/stm32f1xx_hal.c **** }
 566              		.loc 1 431 0
 567 0004 000C     		lsrs	r0, r0, #16
 568 0006 7047     		bx	lr
 569              	.L59:
 570              		.align	2
 571              	.L58:
 572 0008 002004E0 		.word	-536600576
 573              		.cfi_endproc
 574              	.LFE79:
 576              		.section	.text.HAL_GetDEVID,"ax",%progbits
 577              		.align	1
 578              		.p2align 2,,3
 579              		.global	HAL_GetDEVID
 580              		.syntax unified
 581              		.thumb
 582              		.thumb_func
 583              		.fpu softvfp
 585              	HAL_GetDEVID:
 586              	.LFB80:
 432:Drivers/STM32F1xx_HAL_Driver/Src/stm32f1xx_hal.c **** 
 433:Drivers/STM32F1xx_HAL_Driver/Src/stm32f1xx_hal.c **** /**
 434:Drivers/STM32F1xx_HAL_Driver/Src/stm32f1xx_hal.c ****   * @brief  Returns the device identifier.
 435:Drivers/STM32F1xx_HAL_Driver/Src/stm32f1xx_hal.c ****   * Note: On devices STM32F10xx8 and STM32F10xxB,
 436:Drivers/STM32F1xx_HAL_Driver/Src/stm32f1xx_hal.c ****   *                  STM32F101xC/D/E and STM32F103xC/D/E,
 437:Drivers/STM32F1xx_HAL_Driver/Src/stm32f1xx_hal.c ****   *                  STM32F101xF/G and STM32F103xF/G
 438:Drivers/STM32F1xx_HAL_Driver/Src/stm32f1xx_hal.c ****   *                  STM32F10xx4 and STM32F10xx6
 439:Drivers/STM32F1xx_HAL_Driver/Src/stm32f1xx_hal.c ****   *       Debug registers DBGMCU_IDCODE and DBGMCU_CR are accessible only in
 440:Drivers/STM32F1xx_HAL_Driver/Src/stm32f1xx_hal.c ****   *       debug mode (not accessible by the user software in normal mode).
 441:Drivers/STM32F1xx_HAL_Driver/Src/stm32f1xx_hal.c ****   *       Refer to errata sheet of these devices for more details.
 442:Drivers/STM32F1xx_HAL_Driver/Src/stm32f1xx_hal.c ****   * @retval Device identifier
 443:Drivers/STM32F1xx_HAL_Driver/Src/stm32f1xx_hal.c ****   */
 444:Drivers/STM32F1xx_HAL_Driver/Src/stm32f1xx_hal.c **** uint32_t HAL_GetDEVID(void)
 445:Drivers/STM32F1xx_HAL_Driver/Src/stm32f1xx_hal.c **** {
ARM GAS  /var/folders/m1/3lv6xmzs0mlckxs4mx90nfb40000gn/T//ccKHkGtZ.s 			page 19


 587              		.loc 1 445 0
 588              		.cfi_startproc
 589              		@ args = 0, pretend = 0, frame = 0
 590              		@ frame_needed = 0, uses_anonymous_args = 0
 591              		@ link register save eliminated.
 446:Drivers/STM32F1xx_HAL_Driver/Src/stm32f1xx_hal.c ****   return ((DBGMCU->IDCODE) & IDCODE_DEVID_MASK);
 592              		.loc 1 446 0
 593 0000 024B     		ldr	r3, .L61
 594 0002 1868     		ldr	r0, [r3]
 447:Drivers/STM32F1xx_HAL_Driver/Src/stm32f1xx_hal.c **** }
 595              		.loc 1 447 0
 596 0004 C0F30B00 		ubfx	r0, r0, #0, #12
 597 0008 7047     		bx	lr
 598              	.L62:
 599 000a 00BF     		.align	2
 600              	.L61:
 601 000c 002004E0 		.word	-536600576
 602              		.cfi_endproc
 603              	.LFE80:
 605              		.section	.text.HAL_GetUIDw0,"ax",%progbits
 606              		.align	1
 607              		.p2align 2,,3
 608              		.global	HAL_GetUIDw0
 609              		.syntax unified
 610              		.thumb
 611              		.thumb_func
 612              		.fpu softvfp
 614              	HAL_GetUIDw0:
 615              	.LFB81:
 448:Drivers/STM32F1xx_HAL_Driver/Src/stm32f1xx_hal.c **** 
 449:Drivers/STM32F1xx_HAL_Driver/Src/stm32f1xx_hal.c **** /**
 450:Drivers/STM32F1xx_HAL_Driver/Src/stm32f1xx_hal.c ****   * @brief  Returns first word of the unique device identifier (UID based on 96 bits)
 451:Drivers/STM32F1xx_HAL_Driver/Src/stm32f1xx_hal.c ****   * @retval Device identifier
 452:Drivers/STM32F1xx_HAL_Driver/Src/stm32f1xx_hal.c ****   */
 453:Drivers/STM32F1xx_HAL_Driver/Src/stm32f1xx_hal.c **** uint32_t HAL_GetUIDw0(void)
 454:Drivers/STM32F1xx_HAL_Driver/Src/stm32f1xx_hal.c **** {
 616              		.loc 1 454 0
 617              		.cfi_startproc
 618              		@ args = 0, pretend = 0, frame = 0
 619              		@ frame_needed = 0, uses_anonymous_args = 0
 620              		@ link register save eliminated.
 455:Drivers/STM32F1xx_HAL_Driver/Src/stm32f1xx_hal.c ****    return(READ_REG(*((uint32_t *)UID_BASE)));
 621              		.loc 1 455 0
 622 0000 014B     		ldr	r3, .L64
 456:Drivers/STM32F1xx_HAL_Driver/Src/stm32f1xx_hal.c **** }
 623              		.loc 1 456 0
 624 0002 1868     		ldr	r0, [r3]
 625 0004 7047     		bx	lr
 626              	.L65:
 627 0006 00BF     		.align	2
 628              	.L64:
 629 0008 E8F7FF1F 		.word	536868840
 630              		.cfi_endproc
 631              	.LFE81:
 633              		.section	.text.HAL_GetUIDw1,"ax",%progbits
 634              		.align	1
 635              		.p2align 2,,3
ARM GAS  /var/folders/m1/3lv6xmzs0mlckxs4mx90nfb40000gn/T//ccKHkGtZ.s 			page 20


 636              		.global	HAL_GetUIDw1
 637              		.syntax unified
 638              		.thumb
 639              		.thumb_func
 640              		.fpu softvfp
 642              	HAL_GetUIDw1:
 643              	.LFB82:
 457:Drivers/STM32F1xx_HAL_Driver/Src/stm32f1xx_hal.c **** 
 458:Drivers/STM32F1xx_HAL_Driver/Src/stm32f1xx_hal.c **** /**
 459:Drivers/STM32F1xx_HAL_Driver/Src/stm32f1xx_hal.c ****   * @brief  Returns second word of the unique device identifier (UID based on 96 bits)
 460:Drivers/STM32F1xx_HAL_Driver/Src/stm32f1xx_hal.c ****   * @retval Device identifier
 461:Drivers/STM32F1xx_HAL_Driver/Src/stm32f1xx_hal.c ****   */
 462:Drivers/STM32F1xx_HAL_Driver/Src/stm32f1xx_hal.c **** uint32_t HAL_GetUIDw1(void)
 463:Drivers/STM32F1xx_HAL_Driver/Src/stm32f1xx_hal.c **** {
 644              		.loc 1 463 0
 645              		.cfi_startproc
 646              		@ args = 0, pretend = 0, frame = 0
 647              		@ frame_needed = 0, uses_anonymous_args = 0
 648              		@ link register save eliminated.
 464:Drivers/STM32F1xx_HAL_Driver/Src/stm32f1xx_hal.c ****    return(READ_REG(*((uint32_t *)(UID_BASE + 4U))));
 649              		.loc 1 464 0
 650 0000 014B     		ldr	r3, .L67
 465:Drivers/STM32F1xx_HAL_Driver/Src/stm32f1xx_hal.c **** }
 651              		.loc 1 465 0
 652 0002 1868     		ldr	r0, [r3]
 653 0004 7047     		bx	lr
 654              	.L68:
 655 0006 00BF     		.align	2
 656              	.L67:
 657 0008 ECF7FF1F 		.word	536868844
 658              		.cfi_endproc
 659              	.LFE82:
 661              		.section	.text.HAL_GetUIDw2,"ax",%progbits
 662              		.align	1
 663              		.p2align 2,,3
 664              		.global	HAL_GetUIDw2
 665              		.syntax unified
 666              		.thumb
 667              		.thumb_func
 668              		.fpu softvfp
 670              	HAL_GetUIDw2:
 671              	.LFB83:
 466:Drivers/STM32F1xx_HAL_Driver/Src/stm32f1xx_hal.c **** 
 467:Drivers/STM32F1xx_HAL_Driver/Src/stm32f1xx_hal.c **** /**
 468:Drivers/STM32F1xx_HAL_Driver/Src/stm32f1xx_hal.c ****   * @brief  Returns third word of the unique device identifier (UID based on 96 bits)
 469:Drivers/STM32F1xx_HAL_Driver/Src/stm32f1xx_hal.c ****   * @retval Device identifier
 470:Drivers/STM32F1xx_HAL_Driver/Src/stm32f1xx_hal.c ****   */
 471:Drivers/STM32F1xx_HAL_Driver/Src/stm32f1xx_hal.c **** uint32_t HAL_GetUIDw2(void)
 472:Drivers/STM32F1xx_HAL_Driver/Src/stm32f1xx_hal.c **** {
 672              		.loc 1 472 0
 673              		.cfi_startproc
 674              		@ args = 0, pretend = 0, frame = 0
 675              		@ frame_needed = 0, uses_anonymous_args = 0
 676              		@ link register save eliminated.
 473:Drivers/STM32F1xx_HAL_Driver/Src/stm32f1xx_hal.c ****    return(READ_REG(*((uint32_t *)(UID_BASE + 8U))));
 677              		.loc 1 473 0
 678 0000 014B     		ldr	r3, .L70
ARM GAS  /var/folders/m1/3lv6xmzs0mlckxs4mx90nfb40000gn/T//ccKHkGtZ.s 			page 21


 474:Drivers/STM32F1xx_HAL_Driver/Src/stm32f1xx_hal.c **** }
 679              		.loc 1 474 0
 680 0002 1868     		ldr	r0, [r3]
 681 0004 7047     		bx	lr
 682              	.L71:
 683 0006 00BF     		.align	2
 684              	.L70:
 685 0008 F0F7FF1F 		.word	536868848
 686              		.cfi_endproc
 687              	.LFE83:
 689              		.section	.text.HAL_DBGMCU_EnableDBGSleepMode,"ax",%progbits
 690              		.align	1
 691              		.p2align 2,,3
 692              		.global	HAL_DBGMCU_EnableDBGSleepMode
 693              		.syntax unified
 694              		.thumb
 695              		.thumb_func
 696              		.fpu softvfp
 698              	HAL_DBGMCU_EnableDBGSleepMode:
 699              	.LFB84:
 475:Drivers/STM32F1xx_HAL_Driver/Src/stm32f1xx_hal.c **** 
 476:Drivers/STM32F1xx_HAL_Driver/Src/stm32f1xx_hal.c **** /**
 477:Drivers/STM32F1xx_HAL_Driver/Src/stm32f1xx_hal.c ****   * @brief  Enable the Debug Module during SLEEP mode
 478:Drivers/STM32F1xx_HAL_Driver/Src/stm32f1xx_hal.c ****   * @retval None
 479:Drivers/STM32F1xx_HAL_Driver/Src/stm32f1xx_hal.c ****   */
 480:Drivers/STM32F1xx_HAL_Driver/Src/stm32f1xx_hal.c **** void HAL_DBGMCU_EnableDBGSleepMode(void)
 481:Drivers/STM32F1xx_HAL_Driver/Src/stm32f1xx_hal.c **** {
 700              		.loc 1 481 0
 701              		.cfi_startproc
 702              		@ args = 0, pretend = 0, frame = 0
 703              		@ frame_needed = 0, uses_anonymous_args = 0
 704              		@ link register save eliminated.
 482:Drivers/STM32F1xx_HAL_Driver/Src/stm32f1xx_hal.c ****   SET_BIT(DBGMCU->CR, DBGMCU_CR_DBG_SLEEP);
 705              		.loc 1 482 0
 706 0000 024A     		ldr	r2, .L73
 707 0002 5368     		ldr	r3, [r2, #4]
 708 0004 43F00103 		orr	r3, r3, #1
 709 0008 5360     		str	r3, [r2, #4]
 483:Drivers/STM32F1xx_HAL_Driver/Src/stm32f1xx_hal.c **** }
 710              		.loc 1 483 0
 711 000a 7047     		bx	lr
 712              	.L74:
 713              		.align	2
 714              	.L73:
 715 000c 002004E0 		.word	-536600576
 716              		.cfi_endproc
 717              	.LFE84:
 719              		.section	.text.HAL_DBGMCU_DisableDBGSleepMode,"ax",%progbits
 720              		.align	1
 721              		.p2align 2,,3
 722              		.global	HAL_DBGMCU_DisableDBGSleepMode
 723              		.syntax unified
 724              		.thumb
 725              		.thumb_func
 726              		.fpu softvfp
 728              	HAL_DBGMCU_DisableDBGSleepMode:
 729              	.LFB85:
ARM GAS  /var/folders/m1/3lv6xmzs0mlckxs4mx90nfb40000gn/T//ccKHkGtZ.s 			page 22


 484:Drivers/STM32F1xx_HAL_Driver/Src/stm32f1xx_hal.c **** 
 485:Drivers/STM32F1xx_HAL_Driver/Src/stm32f1xx_hal.c **** /**
 486:Drivers/STM32F1xx_HAL_Driver/Src/stm32f1xx_hal.c ****   * @brief  Disable the Debug Module during SLEEP mode
 487:Drivers/STM32F1xx_HAL_Driver/Src/stm32f1xx_hal.c ****   * Note: On devices STM32F10xx8 and STM32F10xxB,
 488:Drivers/STM32F1xx_HAL_Driver/Src/stm32f1xx_hal.c ****   *                  STM32F101xC/D/E and STM32F103xC/D/E,
 489:Drivers/STM32F1xx_HAL_Driver/Src/stm32f1xx_hal.c ****   *                  STM32F101xF/G and STM32F103xF/G
 490:Drivers/STM32F1xx_HAL_Driver/Src/stm32f1xx_hal.c ****   *                  STM32F10xx4 and STM32F10xx6
 491:Drivers/STM32F1xx_HAL_Driver/Src/stm32f1xx_hal.c ****   *       Debug registers DBGMCU_IDCODE and DBGMCU_CR are accessible only in
 492:Drivers/STM32F1xx_HAL_Driver/Src/stm32f1xx_hal.c ****   *       debug mode (not accessible by the user software in normal mode).
 493:Drivers/STM32F1xx_HAL_Driver/Src/stm32f1xx_hal.c ****   *       Refer to errata sheet of these devices for more details.
 494:Drivers/STM32F1xx_HAL_Driver/Src/stm32f1xx_hal.c ****   * @retval None
 495:Drivers/STM32F1xx_HAL_Driver/Src/stm32f1xx_hal.c ****   */
 496:Drivers/STM32F1xx_HAL_Driver/Src/stm32f1xx_hal.c **** void HAL_DBGMCU_DisableDBGSleepMode(void)
 497:Drivers/STM32F1xx_HAL_Driver/Src/stm32f1xx_hal.c **** {
 730              		.loc 1 497 0
 731              		.cfi_startproc
 732              		@ args = 0, pretend = 0, frame = 0
 733              		@ frame_needed = 0, uses_anonymous_args = 0
 734              		@ link register save eliminated.
 498:Drivers/STM32F1xx_HAL_Driver/Src/stm32f1xx_hal.c ****   CLEAR_BIT(DBGMCU->CR, DBGMCU_CR_DBG_SLEEP);
 735              		.loc 1 498 0
 736 0000 024A     		ldr	r2, .L76
 737 0002 5368     		ldr	r3, [r2, #4]
 738 0004 23F00103 		bic	r3, r3, #1
 739 0008 5360     		str	r3, [r2, #4]
 499:Drivers/STM32F1xx_HAL_Driver/Src/stm32f1xx_hal.c **** }
 740              		.loc 1 499 0
 741 000a 7047     		bx	lr
 742              	.L77:
 743              		.align	2
 744              	.L76:
 745 000c 002004E0 		.word	-536600576
 746              		.cfi_endproc
 747              	.LFE85:
 749              		.section	.text.HAL_DBGMCU_EnableDBGStopMode,"ax",%progbits
 750              		.align	1
 751              		.p2align 2,,3
 752              		.global	HAL_DBGMCU_EnableDBGStopMode
 753              		.syntax unified
 754              		.thumb
 755              		.thumb_func
 756              		.fpu softvfp
 758              	HAL_DBGMCU_EnableDBGStopMode:
 759              	.LFB86:
 500:Drivers/STM32F1xx_HAL_Driver/Src/stm32f1xx_hal.c **** 
 501:Drivers/STM32F1xx_HAL_Driver/Src/stm32f1xx_hal.c **** /**
 502:Drivers/STM32F1xx_HAL_Driver/Src/stm32f1xx_hal.c ****   * @brief  Enable the Debug Module during STOP mode
 503:Drivers/STM32F1xx_HAL_Driver/Src/stm32f1xx_hal.c ****   * Note: On devices STM32F10xx8 and STM32F10xxB,
 504:Drivers/STM32F1xx_HAL_Driver/Src/stm32f1xx_hal.c ****   *                  STM32F101xC/D/E and STM32F103xC/D/E,
 505:Drivers/STM32F1xx_HAL_Driver/Src/stm32f1xx_hal.c ****   *                  STM32F101xF/G and STM32F103xF/G
 506:Drivers/STM32F1xx_HAL_Driver/Src/stm32f1xx_hal.c ****   *                  STM32F10xx4 and STM32F10xx6
 507:Drivers/STM32F1xx_HAL_Driver/Src/stm32f1xx_hal.c ****   *       Debug registers DBGMCU_IDCODE and DBGMCU_CR are accessible only in
 508:Drivers/STM32F1xx_HAL_Driver/Src/stm32f1xx_hal.c ****   *       debug mode (not accessible by the user software in normal mode).
 509:Drivers/STM32F1xx_HAL_Driver/Src/stm32f1xx_hal.c ****   *       Refer to errata sheet of these devices for more details.
 510:Drivers/STM32F1xx_HAL_Driver/Src/stm32f1xx_hal.c ****   * Note: On all STM32F1 devices:
 511:Drivers/STM32F1xx_HAL_Driver/Src/stm32f1xx_hal.c ****   *       If the system tick timer interrupt is enabled during the Stop mode
 512:Drivers/STM32F1xx_HAL_Driver/Src/stm32f1xx_hal.c ****   *       debug (DBG_STOP bit set in the DBGMCU_CR register ), it will wakeup
ARM GAS  /var/folders/m1/3lv6xmzs0mlckxs4mx90nfb40000gn/T//ccKHkGtZ.s 			page 23


 513:Drivers/STM32F1xx_HAL_Driver/Src/stm32f1xx_hal.c ****   *       the system from Stop mode.
 514:Drivers/STM32F1xx_HAL_Driver/Src/stm32f1xx_hal.c ****   *       Workaround: To debug the Stop mode, disable the system tick timer
 515:Drivers/STM32F1xx_HAL_Driver/Src/stm32f1xx_hal.c ****   *       interrupt.
 516:Drivers/STM32F1xx_HAL_Driver/Src/stm32f1xx_hal.c ****   *       Refer to errata sheet of these devices for more details.
 517:Drivers/STM32F1xx_HAL_Driver/Src/stm32f1xx_hal.c ****   * Note: On all STM32F1 devices:
 518:Drivers/STM32F1xx_HAL_Driver/Src/stm32f1xx_hal.c ****   *       If the system tick timer interrupt is enabled during the Stop mode
 519:Drivers/STM32F1xx_HAL_Driver/Src/stm32f1xx_hal.c ****   *       debug (DBG_STOP bit set in the DBGMCU_CR register ), it will wakeup
 520:Drivers/STM32F1xx_HAL_Driver/Src/stm32f1xx_hal.c ****   *       the system from Stop mode.
 521:Drivers/STM32F1xx_HAL_Driver/Src/stm32f1xx_hal.c ****   *       Workaround: To debug the Stop mode, disable the system tick timer
 522:Drivers/STM32F1xx_HAL_Driver/Src/stm32f1xx_hal.c ****   *       interrupt.
 523:Drivers/STM32F1xx_HAL_Driver/Src/stm32f1xx_hal.c ****   *       Refer to errata sheet of these devices for more details.
 524:Drivers/STM32F1xx_HAL_Driver/Src/stm32f1xx_hal.c ****   * @retval None
 525:Drivers/STM32F1xx_HAL_Driver/Src/stm32f1xx_hal.c ****   */
 526:Drivers/STM32F1xx_HAL_Driver/Src/stm32f1xx_hal.c **** void HAL_DBGMCU_EnableDBGStopMode(void)
 527:Drivers/STM32F1xx_HAL_Driver/Src/stm32f1xx_hal.c **** {
 760              		.loc 1 527 0
 761              		.cfi_startproc
 762              		@ args = 0, pretend = 0, frame = 0
 763              		@ frame_needed = 0, uses_anonymous_args = 0
 764              		@ link register save eliminated.
 528:Drivers/STM32F1xx_HAL_Driver/Src/stm32f1xx_hal.c ****   SET_BIT(DBGMCU->CR, DBGMCU_CR_DBG_STOP);
 765              		.loc 1 528 0
 766 0000 024A     		ldr	r2, .L79
 767 0002 5368     		ldr	r3, [r2, #4]
 768 0004 43F00203 		orr	r3, r3, #2
 769 0008 5360     		str	r3, [r2, #4]
 529:Drivers/STM32F1xx_HAL_Driver/Src/stm32f1xx_hal.c **** }
 770              		.loc 1 529 0
 771 000a 7047     		bx	lr
 772              	.L80:
 773              		.align	2
 774              	.L79:
 775 000c 002004E0 		.word	-536600576
 776              		.cfi_endproc
 777              	.LFE86:
 779              		.section	.text.HAL_DBGMCU_DisableDBGStopMode,"ax",%progbits
 780              		.align	1
 781              		.p2align 2,,3
 782              		.global	HAL_DBGMCU_DisableDBGStopMode
 783              		.syntax unified
 784              		.thumb
 785              		.thumb_func
 786              		.fpu softvfp
 788              	HAL_DBGMCU_DisableDBGStopMode:
 789              	.LFB87:
 530:Drivers/STM32F1xx_HAL_Driver/Src/stm32f1xx_hal.c **** 
 531:Drivers/STM32F1xx_HAL_Driver/Src/stm32f1xx_hal.c **** /**
 532:Drivers/STM32F1xx_HAL_Driver/Src/stm32f1xx_hal.c ****   * @brief  Disable the Debug Module during STOP mode
 533:Drivers/STM32F1xx_HAL_Driver/Src/stm32f1xx_hal.c ****   * Note: On devices STM32F10xx8 and STM32F10xxB,
 534:Drivers/STM32F1xx_HAL_Driver/Src/stm32f1xx_hal.c ****   *                  STM32F101xC/D/E and STM32F103xC/D/E,
 535:Drivers/STM32F1xx_HAL_Driver/Src/stm32f1xx_hal.c ****   *                  STM32F101xF/G and STM32F103xF/G
 536:Drivers/STM32F1xx_HAL_Driver/Src/stm32f1xx_hal.c ****   *                  STM32F10xx4 and STM32F10xx6
 537:Drivers/STM32F1xx_HAL_Driver/Src/stm32f1xx_hal.c ****   *       Debug registers DBGMCU_IDCODE and DBGMCU_CR are accessible only in
 538:Drivers/STM32F1xx_HAL_Driver/Src/stm32f1xx_hal.c ****   *       debug mode (not accessible by the user software in normal mode).
 539:Drivers/STM32F1xx_HAL_Driver/Src/stm32f1xx_hal.c ****   *       Refer to errata sheet of these devices for more details.
 540:Drivers/STM32F1xx_HAL_Driver/Src/stm32f1xx_hal.c ****   * @retval None
 541:Drivers/STM32F1xx_HAL_Driver/Src/stm32f1xx_hal.c ****   */
ARM GAS  /var/folders/m1/3lv6xmzs0mlckxs4mx90nfb40000gn/T//ccKHkGtZ.s 			page 24


 542:Drivers/STM32F1xx_HAL_Driver/Src/stm32f1xx_hal.c **** void HAL_DBGMCU_DisableDBGStopMode(void)
 543:Drivers/STM32F1xx_HAL_Driver/Src/stm32f1xx_hal.c **** {
 790              		.loc 1 543 0
 791              		.cfi_startproc
 792              		@ args = 0, pretend = 0, frame = 0
 793              		@ frame_needed = 0, uses_anonymous_args = 0
 794              		@ link register save eliminated.
 544:Drivers/STM32F1xx_HAL_Driver/Src/stm32f1xx_hal.c ****   CLEAR_BIT(DBGMCU->CR, DBGMCU_CR_DBG_STOP);
 795              		.loc 1 544 0
 796 0000 024A     		ldr	r2, .L82
 797 0002 5368     		ldr	r3, [r2, #4]
 798 0004 23F00203 		bic	r3, r3, #2
 799 0008 5360     		str	r3, [r2, #4]
 545:Drivers/STM32F1xx_HAL_Driver/Src/stm32f1xx_hal.c **** }
 800              		.loc 1 545 0
 801 000a 7047     		bx	lr
 802              	.L83:
 803              		.align	2
 804              	.L82:
 805 000c 002004E0 		.word	-536600576
 806              		.cfi_endproc
 807              	.LFE87:
 809              		.section	.text.HAL_DBGMCU_EnableDBGStandbyMode,"ax",%progbits
 810              		.align	1
 811              		.p2align 2,,3
 812              		.global	HAL_DBGMCU_EnableDBGStandbyMode
 813              		.syntax unified
 814              		.thumb
 815              		.thumb_func
 816              		.fpu softvfp
 818              	HAL_DBGMCU_EnableDBGStandbyMode:
 819              	.LFB88:
 546:Drivers/STM32F1xx_HAL_Driver/Src/stm32f1xx_hal.c **** 
 547:Drivers/STM32F1xx_HAL_Driver/Src/stm32f1xx_hal.c **** /**
 548:Drivers/STM32F1xx_HAL_Driver/Src/stm32f1xx_hal.c ****   * @brief  Enable the Debug Module during STANDBY mode
 549:Drivers/STM32F1xx_HAL_Driver/Src/stm32f1xx_hal.c ****   * Note: On devices STM32F10xx8 and STM32F10xxB,
 550:Drivers/STM32F1xx_HAL_Driver/Src/stm32f1xx_hal.c ****   *                  STM32F101xC/D/E and STM32F103xC/D/E,
 551:Drivers/STM32F1xx_HAL_Driver/Src/stm32f1xx_hal.c ****   *                  STM32F101xF/G and STM32F103xF/G
 552:Drivers/STM32F1xx_HAL_Driver/Src/stm32f1xx_hal.c ****   *                  STM32F10xx4 and STM32F10xx6
 553:Drivers/STM32F1xx_HAL_Driver/Src/stm32f1xx_hal.c ****   *       Debug registers DBGMCU_IDCODE and DBGMCU_CR are accessible only in
 554:Drivers/STM32F1xx_HAL_Driver/Src/stm32f1xx_hal.c ****   *       debug mode (not accessible by the user software in normal mode).
 555:Drivers/STM32F1xx_HAL_Driver/Src/stm32f1xx_hal.c ****   *       Refer to errata sheet of these devices for more details.
 556:Drivers/STM32F1xx_HAL_Driver/Src/stm32f1xx_hal.c ****   * @retval None
 557:Drivers/STM32F1xx_HAL_Driver/Src/stm32f1xx_hal.c ****   */
 558:Drivers/STM32F1xx_HAL_Driver/Src/stm32f1xx_hal.c **** void HAL_DBGMCU_EnableDBGStandbyMode(void)
 559:Drivers/STM32F1xx_HAL_Driver/Src/stm32f1xx_hal.c **** {
 820              		.loc 1 559 0
 821              		.cfi_startproc
 822              		@ args = 0, pretend = 0, frame = 0
 823              		@ frame_needed = 0, uses_anonymous_args = 0
 824              		@ link register save eliminated.
 560:Drivers/STM32F1xx_HAL_Driver/Src/stm32f1xx_hal.c ****   SET_BIT(DBGMCU->CR, DBGMCU_CR_DBG_STANDBY);
 825              		.loc 1 560 0
 826 0000 024A     		ldr	r2, .L85
 827 0002 5368     		ldr	r3, [r2, #4]
 828 0004 43F00403 		orr	r3, r3, #4
 829 0008 5360     		str	r3, [r2, #4]
ARM GAS  /var/folders/m1/3lv6xmzs0mlckxs4mx90nfb40000gn/T//ccKHkGtZ.s 			page 25


 561:Drivers/STM32F1xx_HAL_Driver/Src/stm32f1xx_hal.c **** }
 830              		.loc 1 561 0
 831 000a 7047     		bx	lr
 832              	.L86:
 833              		.align	2
 834              	.L85:
 835 000c 002004E0 		.word	-536600576
 836              		.cfi_endproc
 837              	.LFE88:
 839              		.section	.text.HAL_DBGMCU_DisableDBGStandbyMode,"ax",%progbits
 840              		.align	1
 841              		.p2align 2,,3
 842              		.global	HAL_DBGMCU_DisableDBGStandbyMode
 843              		.syntax unified
 844              		.thumb
 845              		.thumb_func
 846              		.fpu softvfp
 848              	HAL_DBGMCU_DisableDBGStandbyMode:
 849              	.LFB89:
 562:Drivers/STM32F1xx_HAL_Driver/Src/stm32f1xx_hal.c **** 
 563:Drivers/STM32F1xx_HAL_Driver/Src/stm32f1xx_hal.c **** /**
 564:Drivers/STM32F1xx_HAL_Driver/Src/stm32f1xx_hal.c ****   * @brief  Disable the Debug Module during STANDBY mode
 565:Drivers/STM32F1xx_HAL_Driver/Src/stm32f1xx_hal.c ****   * Note: On devices STM32F10xx8 and STM32F10xxB,
 566:Drivers/STM32F1xx_HAL_Driver/Src/stm32f1xx_hal.c ****   *                  STM32F101xC/D/E and STM32F103xC/D/E,
 567:Drivers/STM32F1xx_HAL_Driver/Src/stm32f1xx_hal.c ****   *                  STM32F101xF/G and STM32F103xF/G
 568:Drivers/STM32F1xx_HAL_Driver/Src/stm32f1xx_hal.c ****   *                  STM32F10xx4 and STM32F10xx6
 569:Drivers/STM32F1xx_HAL_Driver/Src/stm32f1xx_hal.c ****   *       Debug registers DBGMCU_IDCODE and DBGMCU_CR are accessible only in
 570:Drivers/STM32F1xx_HAL_Driver/Src/stm32f1xx_hal.c ****   *       debug mode (not accessible by the user software in normal mode).
 571:Drivers/STM32F1xx_HAL_Driver/Src/stm32f1xx_hal.c ****   *       Refer to errata sheet of these devices for more details.
 572:Drivers/STM32F1xx_HAL_Driver/Src/stm32f1xx_hal.c ****   * @retval None
 573:Drivers/STM32F1xx_HAL_Driver/Src/stm32f1xx_hal.c ****   */
 574:Drivers/STM32F1xx_HAL_Driver/Src/stm32f1xx_hal.c **** void HAL_DBGMCU_DisableDBGStandbyMode(void)
 575:Drivers/STM32F1xx_HAL_Driver/Src/stm32f1xx_hal.c **** {
 850              		.loc 1 575 0
 851              		.cfi_startproc
 852              		@ args = 0, pretend = 0, frame = 0
 853              		@ frame_needed = 0, uses_anonymous_args = 0
 854              		@ link register save eliminated.
 576:Drivers/STM32F1xx_HAL_Driver/Src/stm32f1xx_hal.c ****   CLEAR_BIT(DBGMCU->CR, DBGMCU_CR_DBG_STANDBY);
 855              		.loc 1 576 0
 856 0000 024A     		ldr	r2, .L88
 857 0002 5368     		ldr	r3, [r2, #4]
 858 0004 23F00403 		bic	r3, r3, #4
 859 0008 5360     		str	r3, [r2, #4]
 577:Drivers/STM32F1xx_HAL_Driver/Src/stm32f1xx_hal.c **** }
 860              		.loc 1 577 0
 861 000a 7047     		bx	lr
 862              	.L89:
 863              		.align	2
 864              	.L88:
 865 000c 002004E0 		.word	-536600576
 866              		.cfi_endproc
 867              	.LFE89:
 869              		.global	uwTickFreq
 870              		.global	uwTickPrio
 871              		.comm	uwTick,4,4
 872              		.section	.data.uwTickFreq,"aw",%progbits
ARM GAS  /var/folders/m1/3lv6xmzs0mlckxs4mx90nfb40000gn/T//ccKHkGtZ.s 			page 26


 873              		.set	.LANCHOR0,. + 0
 876              	uwTickFreq:
 877 0000 01       		.byte	1
 878              		.section	.data.uwTickPrio,"aw",%progbits
 879              		.align	2
 880              		.set	.LANCHOR1,. + 0
 883              	uwTickPrio:
 884 0000 10000000 		.word	16
 885              		.text
 886              	.Letext0:
 887              		.file 2 "/usr/local/Cellar/gcc-arm-none-eabi/20180627/arm-none-eabi/include/machine/_default_types
 888              		.file 3 "/usr/local/Cellar/gcc-arm-none-eabi/20180627/arm-none-eabi/include/sys/_stdint.h"
 889              		.file 4 "Drivers/CMSIS/Include/core_cm3.h"
 890              		.file 5 "Drivers/CMSIS/Device/ST/STM32F1xx/Include/system_stm32f1xx.h"
 891              		.file 6 "Drivers/CMSIS/Device/ST/STM32F1xx/Include/stm32f103xb.h"
 892              		.file 7 "Drivers/STM32F1xx_HAL_Driver/Inc/stm32f1xx_hal_def.h"
 893              		.file 8 "Drivers/STM32F1xx_HAL_Driver/Inc/stm32f1xx_hal.h"
 894              		.file 9 "Drivers/STM32F1xx_HAL_Driver/Inc/stm32f1xx_hal_cortex.h"
ARM GAS  /var/folders/m1/3lv6xmzs0mlckxs4mx90nfb40000gn/T//ccKHkGtZ.s 			page 27


DEFINED SYMBOLS
                            *ABS*:0000000000000000 stm32f1xx_hal.c
/var/folders/m1/3lv6xmzs0mlckxs4mx90nfb40000gn/T//ccKHkGtZ.s:16     .text.HAL_MspInit:0000000000000000 $t
/var/folders/m1/3lv6xmzs0mlckxs4mx90nfb40000gn/T//ccKHkGtZ.s:24     .text.HAL_MspInit:0000000000000000 HAL_MspInit
/var/folders/m1/3lv6xmzs0mlckxs4mx90nfb40000gn/T//ccKHkGtZ.s:38     .text.HAL_MspDeInit:0000000000000000 $t
/var/folders/m1/3lv6xmzs0mlckxs4mx90nfb40000gn/T//ccKHkGtZ.s:46     .text.HAL_MspDeInit:0000000000000000 HAL_MspDeInit
/var/folders/m1/3lv6xmzs0mlckxs4mx90nfb40000gn/T//ccKHkGtZ.s:57     .text.HAL_DeInit:0000000000000000 $t
/var/folders/m1/3lv6xmzs0mlckxs4mx90nfb40000gn/T//ccKHkGtZ.s:65     .text.HAL_DeInit:0000000000000000 HAL_DeInit
/var/folders/m1/3lv6xmzs0mlckxs4mx90nfb40000gn/T//ccKHkGtZ.s:99     .text.HAL_DeInit:000000000000001c $d
/var/folders/m1/3lv6xmzs0mlckxs4mx90nfb40000gn/T//ccKHkGtZ.s:104    .text.HAL_InitTick:0000000000000000 $t
/var/folders/m1/3lv6xmzs0mlckxs4mx90nfb40000gn/T//ccKHkGtZ.s:112    .text.HAL_InitTick:0000000000000000 HAL_InitTick
/var/folders/m1/3lv6xmzs0mlckxs4mx90nfb40000gn/T//ccKHkGtZ.s:174    .text.HAL_InitTick:000000000000003c $d
/var/folders/m1/3lv6xmzs0mlckxs4mx90nfb40000gn/T//ccKHkGtZ.s:181    .text.HAL_Init:0000000000000000 $t
/var/folders/m1/3lv6xmzs0mlckxs4mx90nfb40000gn/T//ccKHkGtZ.s:189    .text.HAL_Init:0000000000000000 HAL_Init
/var/folders/m1/3lv6xmzs0mlckxs4mx90nfb40000gn/T//ccKHkGtZ.s:226    .text.HAL_Init:0000000000000020 $d
/var/folders/m1/3lv6xmzs0mlckxs4mx90nfb40000gn/T//ccKHkGtZ.s:231    .text.HAL_IncTick:0000000000000000 $t
/var/folders/m1/3lv6xmzs0mlckxs4mx90nfb40000gn/T//ccKHkGtZ.s:239    .text.HAL_IncTick:0000000000000000 HAL_IncTick
/var/folders/m1/3lv6xmzs0mlckxs4mx90nfb40000gn/T//ccKHkGtZ.s:258    .text.HAL_IncTick:0000000000000010 $d
                            *COM*:0000000000000004 uwTick
/var/folders/m1/3lv6xmzs0mlckxs4mx90nfb40000gn/T//ccKHkGtZ.s:264    .text.HAL_GetTick:0000000000000000 $t
/var/folders/m1/3lv6xmzs0mlckxs4mx90nfb40000gn/T//ccKHkGtZ.s:272    .text.HAL_GetTick:0000000000000000 HAL_GetTick
/var/folders/m1/3lv6xmzs0mlckxs4mx90nfb40000gn/T//ccKHkGtZ.s:287    .text.HAL_GetTick:0000000000000008 $d
/var/folders/m1/3lv6xmzs0mlckxs4mx90nfb40000gn/T//ccKHkGtZ.s:292    .text.HAL_GetTickPrio:0000000000000000 $t
/var/folders/m1/3lv6xmzs0mlckxs4mx90nfb40000gn/T//ccKHkGtZ.s:300    .text.HAL_GetTickPrio:0000000000000000 HAL_GetTickPrio
/var/folders/m1/3lv6xmzs0mlckxs4mx90nfb40000gn/T//ccKHkGtZ.s:315    .text.HAL_GetTickPrio:0000000000000008 $d
/var/folders/m1/3lv6xmzs0mlckxs4mx90nfb40000gn/T//ccKHkGtZ.s:320    .text.HAL_SetTickFreq:0000000000000000 $t
/var/folders/m1/3lv6xmzs0mlckxs4mx90nfb40000gn/T//ccKHkGtZ.s:328    .text.HAL_SetTickFreq:0000000000000000 HAL_SetTickFreq
/var/folders/m1/3lv6xmzs0mlckxs4mx90nfb40000gn/T//ccKHkGtZ.s:371    .text.HAL_SetTickFreq:0000000000000020 $d
/var/folders/m1/3lv6xmzs0mlckxs4mx90nfb40000gn/T//ccKHkGtZ.s:377    .text.HAL_GetTickFreq:0000000000000000 $t
/var/folders/m1/3lv6xmzs0mlckxs4mx90nfb40000gn/T//ccKHkGtZ.s:385    .text.HAL_GetTickFreq:0000000000000000 HAL_GetTickFreq
/var/folders/m1/3lv6xmzs0mlckxs4mx90nfb40000gn/T//ccKHkGtZ.s:400    .text.HAL_GetTickFreq:0000000000000008 $d
/var/folders/m1/3lv6xmzs0mlckxs4mx90nfb40000gn/T//ccKHkGtZ.s:405    .text.HAL_Delay:0000000000000000 $t
/var/folders/m1/3lv6xmzs0mlckxs4mx90nfb40000gn/T//ccKHkGtZ.s:413    .text.HAL_Delay:0000000000000000 HAL_Delay
/var/folders/m1/3lv6xmzs0mlckxs4mx90nfb40000gn/T//ccKHkGtZ.s:457    .text.HAL_Delay:0000000000000020 $d
/var/folders/m1/3lv6xmzs0mlckxs4mx90nfb40000gn/T//ccKHkGtZ.s:462    .text.HAL_SuspendTick:0000000000000000 $t
/var/folders/m1/3lv6xmzs0mlckxs4mx90nfb40000gn/T//ccKHkGtZ.s:470    .text.HAL_SuspendTick:0000000000000000 HAL_SuspendTick
/var/folders/m1/3lv6xmzs0mlckxs4mx90nfb40000gn/T//ccKHkGtZ.s:487    .text.HAL_SuspendTick:000000000000000c $d
/var/folders/m1/3lv6xmzs0mlckxs4mx90nfb40000gn/T//ccKHkGtZ.s:492    .text.HAL_ResumeTick:0000000000000000 $t
/var/folders/m1/3lv6xmzs0mlckxs4mx90nfb40000gn/T//ccKHkGtZ.s:500    .text.HAL_ResumeTick:0000000000000000 HAL_ResumeTick
/var/folders/m1/3lv6xmzs0mlckxs4mx90nfb40000gn/T//ccKHkGtZ.s:517    .text.HAL_ResumeTick:000000000000000c $d
/var/folders/m1/3lv6xmzs0mlckxs4mx90nfb40000gn/T//ccKHkGtZ.s:522    .text.HAL_GetHalVersion:0000000000000000 $t
/var/folders/m1/3lv6xmzs0mlckxs4mx90nfb40000gn/T//ccKHkGtZ.s:530    .text.HAL_GetHalVersion:0000000000000000 HAL_GetHalVersion
/var/folders/m1/3lv6xmzs0mlckxs4mx90nfb40000gn/T//ccKHkGtZ.s:543    .text.HAL_GetHalVersion:0000000000000004 $d
/var/folders/m1/3lv6xmzs0mlckxs4mx90nfb40000gn/T//ccKHkGtZ.s:548    .text.HAL_GetREVID:0000000000000000 $t
/var/folders/m1/3lv6xmzs0mlckxs4mx90nfb40000gn/T//ccKHkGtZ.s:556    .text.HAL_GetREVID:0000000000000000 HAL_GetREVID
/var/folders/m1/3lv6xmzs0mlckxs4mx90nfb40000gn/T//ccKHkGtZ.s:572    .text.HAL_GetREVID:0000000000000008 $d
/var/folders/m1/3lv6xmzs0mlckxs4mx90nfb40000gn/T//ccKHkGtZ.s:577    .text.HAL_GetDEVID:0000000000000000 $t
/var/folders/m1/3lv6xmzs0mlckxs4mx90nfb40000gn/T//ccKHkGtZ.s:585    .text.HAL_GetDEVID:0000000000000000 HAL_GetDEVID
/var/folders/m1/3lv6xmzs0mlckxs4mx90nfb40000gn/T//ccKHkGtZ.s:601    .text.HAL_GetDEVID:000000000000000c $d
/var/folders/m1/3lv6xmzs0mlckxs4mx90nfb40000gn/T//ccKHkGtZ.s:606    .text.HAL_GetUIDw0:0000000000000000 $t
/var/folders/m1/3lv6xmzs0mlckxs4mx90nfb40000gn/T//ccKHkGtZ.s:614    .text.HAL_GetUIDw0:0000000000000000 HAL_GetUIDw0
/var/folders/m1/3lv6xmzs0mlckxs4mx90nfb40000gn/T//ccKHkGtZ.s:629    .text.HAL_GetUIDw0:0000000000000008 $d
/var/folders/m1/3lv6xmzs0mlckxs4mx90nfb40000gn/T//ccKHkGtZ.s:634    .text.HAL_GetUIDw1:0000000000000000 $t
/var/folders/m1/3lv6xmzs0mlckxs4mx90nfb40000gn/T//ccKHkGtZ.s:642    .text.HAL_GetUIDw1:0000000000000000 HAL_GetUIDw1
/var/folders/m1/3lv6xmzs0mlckxs4mx90nfb40000gn/T//ccKHkGtZ.s:657    .text.HAL_GetUIDw1:0000000000000008 $d
/var/folders/m1/3lv6xmzs0mlckxs4mx90nfb40000gn/T//ccKHkGtZ.s:662    .text.HAL_GetUIDw2:0000000000000000 $t
/var/folders/m1/3lv6xmzs0mlckxs4mx90nfb40000gn/T//ccKHkGtZ.s:670    .text.HAL_GetUIDw2:0000000000000000 HAL_GetUIDw2
ARM GAS  /var/folders/m1/3lv6xmzs0mlckxs4mx90nfb40000gn/T//ccKHkGtZ.s 			page 28


/var/folders/m1/3lv6xmzs0mlckxs4mx90nfb40000gn/T//ccKHkGtZ.s:685    .text.HAL_GetUIDw2:0000000000000008 $d
/var/folders/m1/3lv6xmzs0mlckxs4mx90nfb40000gn/T//ccKHkGtZ.s:690    .text.HAL_DBGMCU_EnableDBGSleepMode:0000000000000000 $t
/var/folders/m1/3lv6xmzs0mlckxs4mx90nfb40000gn/T//ccKHkGtZ.s:698    .text.HAL_DBGMCU_EnableDBGSleepMode:0000000000000000 HAL_DBGMCU_EnableDBGSleepMode
/var/folders/m1/3lv6xmzs0mlckxs4mx90nfb40000gn/T//ccKHkGtZ.s:715    .text.HAL_DBGMCU_EnableDBGSleepMode:000000000000000c $d
/var/folders/m1/3lv6xmzs0mlckxs4mx90nfb40000gn/T//ccKHkGtZ.s:720    .text.HAL_DBGMCU_DisableDBGSleepMode:0000000000000000 $t
/var/folders/m1/3lv6xmzs0mlckxs4mx90nfb40000gn/T//ccKHkGtZ.s:728    .text.HAL_DBGMCU_DisableDBGSleepMode:0000000000000000 HAL_DBGMCU_DisableDBGSleepMode
/var/folders/m1/3lv6xmzs0mlckxs4mx90nfb40000gn/T//ccKHkGtZ.s:745    .text.HAL_DBGMCU_DisableDBGSleepMode:000000000000000c $d
/var/folders/m1/3lv6xmzs0mlckxs4mx90nfb40000gn/T//ccKHkGtZ.s:750    .text.HAL_DBGMCU_EnableDBGStopMode:0000000000000000 $t
/var/folders/m1/3lv6xmzs0mlckxs4mx90nfb40000gn/T//ccKHkGtZ.s:758    .text.HAL_DBGMCU_EnableDBGStopMode:0000000000000000 HAL_DBGMCU_EnableDBGStopMode
/var/folders/m1/3lv6xmzs0mlckxs4mx90nfb40000gn/T//ccKHkGtZ.s:775    .text.HAL_DBGMCU_EnableDBGStopMode:000000000000000c $d
/var/folders/m1/3lv6xmzs0mlckxs4mx90nfb40000gn/T//ccKHkGtZ.s:780    .text.HAL_DBGMCU_DisableDBGStopMode:0000000000000000 $t
/var/folders/m1/3lv6xmzs0mlckxs4mx90nfb40000gn/T//ccKHkGtZ.s:788    .text.HAL_DBGMCU_DisableDBGStopMode:0000000000000000 HAL_DBGMCU_DisableDBGStopMode
/var/folders/m1/3lv6xmzs0mlckxs4mx90nfb40000gn/T//ccKHkGtZ.s:805    .text.HAL_DBGMCU_DisableDBGStopMode:000000000000000c $d
/var/folders/m1/3lv6xmzs0mlckxs4mx90nfb40000gn/T//ccKHkGtZ.s:810    .text.HAL_DBGMCU_EnableDBGStandbyMode:0000000000000000 $t
/var/folders/m1/3lv6xmzs0mlckxs4mx90nfb40000gn/T//ccKHkGtZ.s:818    .text.HAL_DBGMCU_EnableDBGStandbyMode:0000000000000000 HAL_DBGMCU_EnableDBGStandbyMode
/var/folders/m1/3lv6xmzs0mlckxs4mx90nfb40000gn/T//ccKHkGtZ.s:835    .text.HAL_DBGMCU_EnableDBGStandbyMode:000000000000000c $d
/var/folders/m1/3lv6xmzs0mlckxs4mx90nfb40000gn/T//ccKHkGtZ.s:840    .text.HAL_DBGMCU_DisableDBGStandbyMode:0000000000000000 $t
/var/folders/m1/3lv6xmzs0mlckxs4mx90nfb40000gn/T//ccKHkGtZ.s:848    .text.HAL_DBGMCU_DisableDBGStandbyMode:0000000000000000 HAL_DBGMCU_DisableDBGStandbyMode
/var/folders/m1/3lv6xmzs0mlckxs4mx90nfb40000gn/T//ccKHkGtZ.s:865    .text.HAL_DBGMCU_DisableDBGStandbyMode:000000000000000c $d
/var/folders/m1/3lv6xmzs0mlckxs4mx90nfb40000gn/T//ccKHkGtZ.s:876    .data.uwTickFreq:0000000000000000 uwTickFreq
/var/folders/m1/3lv6xmzs0mlckxs4mx90nfb40000gn/T//ccKHkGtZ.s:883    .data.uwTickPrio:0000000000000000 uwTickPrio
/var/folders/m1/3lv6xmzs0mlckxs4mx90nfb40000gn/T//ccKHkGtZ.s:879    .data.uwTickPrio:0000000000000000 $d

UNDEFINED SYMBOLS
HAL_SYSTICK_Config
HAL_NVIC_SetPriority
SystemCoreClock
HAL_NVIC_SetPriorityGrouping
